<?xml version="1.0" encoding="UTF-8"?>
<!-- Generated by org.testng.reporters.JUnitXMLReporter -->
<testsuite ignored="2" hostname="DESKTOP-BPA0BAS" failures="5" tests="24" name="UITest" time="873.967" errors="0" timestamp="2022-06-22T13:41:27 BDT">
  <testcase classname="com.javaproject.automationsqa.testcase.TestCase1RegisterUserTc" name="testCase1RegisterUserTc" time="59.849"/>
  <testcase classname="com.javaproject.automationsqa.testcase.TestCase2LogInWithCorrectEmailTc" name="testCase2LogInWithCorrectEmailTc" time="15.1"/>
  <testcase classname="com.javaproject.automationsqa.testcase.TestCase3LogInWithInCorrectEmailTc" name="testCase3LogInWithInCorrectEmailTc" time="10.787"/>
  <testcase classname="com.javaproject.automationsqa.testcase.TestCase4LogOutUserTc" name="testCase4LogOutUserTc" time="21.815"/>
  <testcase classname="com.javaproject.automationsqa.testcase.TestCase5RegisterUserWithExistingEmailTc" name="testCase5RegisterUserWithExistingEmailTc" time="11.342"/>
  <testcase classname="com.javaproject.automationsqa.testcase.TestCase6ContactUsFormTc" name="testCase6ContactUsFormTc" time="3.753">
    <failure type="java.lang.AssertionError" message="expected [https://www.automationexercise.com/contact_us] but found [https://www.automationexercise.com/video_tutorials]">
      <![CDATA[java.lang.AssertionError: expected [https://www.automationexercise.com/contact_us] but found [https://www.automationexercise.com/video_tutorials]
at com.javaproject.automationsqa.testcase.TestCase6ContactUsFormTc.testCase6ContactUsFormTc(TestCase6ContactUsFormTc.java:21)
at java.base/java.util.ArrayList.forEach(ArrayList.java:1541)
... Removed 36 stack frames]]>
    </failure>
  </testcase> <!-- testCase6ContactUsFormTc -->
  <testcase classname="com.javaproject.automationsqa.testcase.TestCase8VerifyAllProductsAndProductDetailTc" name="testCase8VerifyAllProductsAndProductDetailTc" time="21.162"/>
  <testcase classname="com.javaproject.automationsqa.testcase.TestCase9SearchProductTc" name="testCase9SearchProductTc" time="17.333"/>
  <testcase classname="com.javaproject.automationsqa.testcase.TestCase10VerifySubscriptionInHomeTc" name="testCase10VerifySubscriptionInHomeTc" time="8.223"/>
  <testcase classname="com.javaproject.automationsqa.testcase.TestCase11VerifySubscriptionInCartTc" name="testCase11VerifySubscriptionInCartTc" time="9.805"/>
  <testcase classname="com.javaproject.automationsqa.testcase.TestCase13VerifyProductQuantityInCartTc" name="testCase13VerifyProductQuantityInCartTc" time="18.551"/>
  <testcase classname="com.javaproject.automationsqa.testcase.TestCase14PlaceOrderRegisterWhileCheckoutTc" name="testCase14PlaceOrderRegisterWhileCheckoutTc" time="64.068">
    <failure type="org.openqa.selenium.NoSuchElementException" message="no such element: Unable to locate element: {&amp;quot;method&amp;quot;:&amp;quot;xpath&amp;quot;,&amp;quot;selector&amp;quot;:&amp;quot;/html//section[@id=&amp;apos;form&amp;apos;]/div[@class=&amp;apos;container&amp;apos;]//form[@action=&amp;apos;/signup&amp;apos;]/div[1]/div[1]/label[@class=&amp;apos;top&amp;apos;]/div[@class=&amp;apos;radio&amp;apos;]//input[@name=&amp;apos;title&amp;apos;]&amp;quot;}
  (Session info: chrome=102.0.5005.115)
For documentation on this error, please visit: http://seleniumhq.org/exceptions/no_such_element.html
Build info: version: &amp;apos;3.141.5&amp;apos;, revision: &amp;apos;d54ebd709a&amp;apos;, time: &amp;apos;2018-11-06T11:42:16&amp;apos;
System info: host: &amp;apos;DESKTOP-BPA0BAS&amp;apos;, ip: &amp;apos;192.168.100.44&amp;apos;, os.name: &amp;apos;Windows 10&amp;apos;, os.arch: &amp;apos;amd64&amp;apos;, os.version: &amp;apos;10.0&amp;apos;, java.version: &amp;apos;11.0.13&amp;apos;
Driver info: org.openqa.selenium.chrome.ChromeDriver
Capabilities {acceptInsecureCerts: false, browserName: chrome, browserVersion: 102.0.5005.115, chrome: {chromedriverVersion: 102.0.5005.61 (0e59bcc00cc4..., userDataDir: C:\Users\User\AppData\Local...}, goog:chromeOptions: {debuggerAddress: localhost:59403}, javascriptEnabled: true, networkConnectionEnabled: false, pageLoadStrategy: normal, platform: WINDOWS, platformName: WINDOWS, proxy: Proxy(), setWindowRect: true, strictFileInteractability: false, timeouts: {implicit: 0, pageLoad: 300000, script: 30000}, unhandledPromptBehavior: dismiss and notify, webauthn:extension:credBlob: true, webauthn:extension:largeBlob: true, webauthn:virtualAuthenticators: true}
Session ID: e7339137cf7a5d05722129be2d67f258
*** Element info: {Using=xpath, value=/html//section[@id=&amp;apos;form&amp;apos;]/div[@class=&amp;apos;container&amp;apos;]//form[@action=&amp;apos;/signup&amp;apos;]/div[1]/div[1]/label[@class=&amp;apos;top&amp;apos;]/div[@class=&amp;apos;radio&amp;apos;]//input[@name=&amp;apos;title&amp;apos;]}">
      <![CDATA[org.openqa.selenium.NoSuchElementException: no such element: Unable to locate element: {"method":"xpath","selector":"/html//section[@id='form']/div[@class='container']//form[@action='/signup']/div[1]/div[1]/label[@class='top']/div[@class='radio']//input[@name='title']"}
  (Session info: chrome=102.0.5005.115)
For documentation on this error, please visit: http://seleniumhq.org/exceptions/no_such_element.html
Build info: version: '3.141.5', revision: 'd54ebd709a', time: '2018-11-06T11:42:16'
System info: host: 'DESKTOP-BPA0BAS', ip: '192.168.100.44', os.name: 'Windows 10', os.arch: 'amd64', os.version: '10.0', java.version: '11.0.13'
Driver info: org.openqa.selenium.chrome.ChromeDriver
Capabilities {acceptInsecureCerts: false, browserName: chrome, browserVersion: 102.0.5005.115, chrome: {chromedriverVersion: 102.0.5005.61 (0e59bcc00cc4..., userDataDir: C:\Users\User\AppData\Local...}, goog:chromeOptions: {debuggerAddress: localhost:59403}, javascriptEnabled: true, networkConnectionEnabled: false, pageLoadStrategy: normal, platform: WINDOWS, platformName: WINDOWS, proxy: Proxy(), setWindowRect: true, strictFileInteractability: false, timeouts: {implicit: 0, pageLoad: 300000, script: 30000}, unhandledPromptBehavior: dismiss and notify, webauthn:extension:credBlob: true, webauthn:extension:largeBlob: true, webauthn:virtualAuthenticators: true}
Session ID: e7339137cf7a5d05722129be2d67f258
*** Element info: {Using=xpath, value=/html//section[@id='form']/div[@class='container']//form[@action='/signup']/div[1]/div[1]/label[@class='top']/div[@class='radio']//input[@name='title']}
at org.openqa.selenium.remote.http.W3CHttpResponseCodec.createException(W3CHttpResponseCodec.java:187)
at org.openqa.selenium.remote.http.W3CHttpResponseCodec.decode(W3CHttpResponseCodec.java:122)
at org.openqa.selenium.remote.http.W3CHttpResponseCodec.decode(W3CHttpResponseCodec.java:49)
at org.openqa.selenium.remote.HttpCommandExecutor.execute(HttpCommandExecutor.java:158)
at org.openqa.selenium.remote.service.DriverCommandExecutor.execute(DriverCommandExecutor.java:83)
at org.openqa.selenium.remote.RemoteWebDriver.execute(RemoteWebDriver.java:552)
at org.openqa.selenium.remote.RemoteWebDriver.findElement(RemoteWebDriver.java:323)
at org.openqa.selenium.remote.RemoteWebDriver.findElementByXPath(RemoteWebDriver.java:428)
at org.openqa.selenium.By$ByXPath.findElement(By.java:353)
at org.openqa.selenium.remote.RemoteWebDriver.findElement(RemoteWebDriver.java:315)
at org.openqa.selenium.support.pagefactory.DefaultElementLocator.findElement(DefaultElementLocator.java:69)
at org.openqa.selenium.support.pagefactory.internal.LocatingElementHandler.invoke(LocatingElementHandler.java:38)
at com.sun.proxy.$Proxy10.click(Unknown Source)
at com.javaproject.automationsqa.testcase.TestCase14PlaceOrderRegisterWhileCheckoutTc.testCase14PlaceOrderRegisterWhileCheckoutTc(TestCase14PlaceOrderRegisterWhileCheckoutTc.java:70)
at java.base/java.util.ArrayList.forEach(ArrayList.java:1541)
... Removed 34 stack frames]]>
    </failure>
  </testcase> <!-- testCase14PlaceOrderRegisterWhileCheckoutTc -->
  <testcase classname="com.javaproject.automationsqa.testcase.TestCase15PlaceOrderRegisterBeforeCheckoutTc" name="testCase15PlaceOrderRegisterBeforeCheckoutTc" time="45.452">
    <failure type="org.openqa.selenium.NoSuchElementException" message="no such element: Unable to locate element: {&amp;quot;method&amp;quot;:&amp;quot;xpath&amp;quot;,&amp;quot;selector&amp;quot;:&amp;quot;/html//section[@id=&amp;apos;form&amp;apos;]/div[@class=&amp;apos;container&amp;apos;]//form[@action=&amp;apos;/signup&amp;apos;]/div[1]/div[1]/label[@class=&amp;apos;top&amp;apos;]/div[@class=&amp;apos;radio&amp;apos;]//input[@name=&amp;apos;title&amp;apos;]&amp;quot;}
  (Session info: chrome=102.0.5005.115)
For documentation on this error, please visit: http://seleniumhq.org/exceptions/no_such_element.html
Build info: version: &amp;apos;3.141.5&amp;apos;, revision: &amp;apos;d54ebd709a&amp;apos;, time: &amp;apos;2018-11-06T11:42:16&amp;apos;
System info: host: &amp;apos;DESKTOP-BPA0BAS&amp;apos;, ip: &amp;apos;192.168.100.44&amp;apos;, os.name: &amp;apos;Windows 10&amp;apos;, os.arch: &amp;apos;amd64&amp;apos;, os.version: &amp;apos;10.0&amp;apos;, java.version: &amp;apos;11.0.13&amp;apos;
Driver info: org.openqa.selenium.chrome.ChromeDriver
Capabilities {acceptInsecureCerts: false, browserName: chrome, browserVersion: 102.0.5005.115, chrome: {chromedriverVersion: 102.0.5005.61 (0e59bcc00cc4..., userDataDir: C:\Users\User\AppData\Local...}, goog:chromeOptions: {debuggerAddress: localhost:59460}, javascriptEnabled: true, networkConnectionEnabled: false, pageLoadStrategy: normal, platform: WINDOWS, platformName: WINDOWS, proxy: Proxy(), setWindowRect: true, strictFileInteractability: false, timeouts: {implicit: 0, pageLoad: 300000, script: 30000}, unhandledPromptBehavior: dismiss and notify, webauthn:extension:credBlob: true, webauthn:extension:largeBlob: true, webauthn:virtualAuthenticators: true}
Session ID: a7e4bd9099550387ded8e9b4024aa558
*** Element info: {Using=xpath, value=/html//section[@id=&amp;apos;form&amp;apos;]/div[@class=&amp;apos;container&amp;apos;]//form[@action=&amp;apos;/signup&amp;apos;]/div[1]/div[1]/label[@class=&amp;apos;top&amp;apos;]/div[@class=&amp;apos;radio&amp;apos;]//input[@name=&amp;apos;title&amp;apos;]}">
      <![CDATA[org.openqa.selenium.NoSuchElementException: no such element: Unable to locate element: {"method":"xpath","selector":"/html//section[@id='form']/div[@class='container']//form[@action='/signup']/div[1]/div[1]/label[@class='top']/div[@class='radio']//input[@name='title']"}
  (Session info: chrome=102.0.5005.115)
For documentation on this error, please visit: http://seleniumhq.org/exceptions/no_such_element.html
Build info: version: '3.141.5', revision: 'd54ebd709a', time: '2018-11-06T11:42:16'
System info: host: 'DESKTOP-BPA0BAS', ip: '192.168.100.44', os.name: 'Windows 10', os.arch: 'amd64', os.version: '10.0', java.version: '11.0.13'
Driver info: org.openqa.selenium.chrome.ChromeDriver
Capabilities {acceptInsecureCerts: false, browserName: chrome, browserVersion: 102.0.5005.115, chrome: {chromedriverVersion: 102.0.5005.61 (0e59bcc00cc4..., userDataDir: C:\Users\User\AppData\Local...}, goog:chromeOptions: {debuggerAddress: localhost:59460}, javascriptEnabled: true, networkConnectionEnabled: false, pageLoadStrategy: normal, platform: WINDOWS, platformName: WINDOWS, proxy: Proxy(), setWindowRect: true, strictFileInteractability: false, timeouts: {implicit: 0, pageLoad: 300000, script: 30000}, unhandledPromptBehavior: dismiss and notify, webauthn:extension:credBlob: true, webauthn:extension:largeBlob: true, webauthn:virtualAuthenticators: true}
Session ID: a7e4bd9099550387ded8e9b4024aa558
*** Element info: {Using=xpath, value=/html//section[@id='form']/div[@class='container']//form[@action='/signup']/div[1]/div[1]/label[@class='top']/div[@class='radio']//input[@name='title']}
at org.openqa.selenium.remote.http.W3CHttpResponseCodec.createException(W3CHttpResponseCodec.java:187)
at org.openqa.selenium.remote.http.W3CHttpResponseCodec.decode(W3CHttpResponseCodec.java:122)
at org.openqa.selenium.remote.http.W3CHttpResponseCodec.decode(W3CHttpResponseCodec.java:49)
at org.openqa.selenium.remote.HttpCommandExecutor.execute(HttpCommandExecutor.java:158)
at org.openqa.selenium.remote.service.DriverCommandExecutor.execute(DriverCommandExecutor.java:83)
at org.openqa.selenium.remote.RemoteWebDriver.execute(RemoteWebDriver.java:552)
at org.openqa.selenium.remote.RemoteWebDriver.findElement(RemoteWebDriver.java:323)
at org.openqa.selenium.remote.RemoteWebDriver.findElementByXPath(RemoteWebDriver.java:428)
at org.openqa.selenium.By$ByXPath.findElement(By.java:353)
at org.openqa.selenium.remote.RemoteWebDriver.findElement(RemoteWebDriver.java:315)
at org.openqa.selenium.support.pagefactory.DefaultElementLocator.findElement(DefaultElementLocator.java:69)
at org.openqa.selenium.support.pagefactory.internal.LocatingElementHandler.invoke(LocatingElementHandler.java:38)
at com.sun.proxy.$Proxy10.click(Unknown Source)
at com.javaproject.automationsqa.testcase.TestCase15PlaceOrderRegisterBeforeCheckoutTc.testCase15PlaceOrderRegisterBeforeCheckoutTc(TestCase15PlaceOrderRegisterBeforeCheckoutTc.java:46)
at java.base/java.util.ArrayList.forEach(ArrayList.java:1541)
... Removed 34 stack frames]]>
    </failure>
  </testcase> <!-- testCase15PlaceOrderRegisterBeforeCheckoutTc -->
  <testcase classname="com.javaproject.automationsqa.testcase.TestCase16PlaceOrderLoginBeforeCheckoutTc" name="testCase16PlaceOrderLoginBeforeCheckoutTc" time="73.944"/>
  <testcase classname="com.javaproject.automationsqa.testcase.TestCase17RemoveProductsFromCartTc" name="testCase17RemoveProductsFromCartTc" time="17.41"/>
  <testcase classname="com.javaproject.automationsqa.testcase.TestCase18ViewCategoryProductsTc" name="testCase18ViewCategoryProductsTc" time="16.39"/>
  <testcase classname="com.javaproject.automationsqa.testcase.TestCase19ViewAndCartBrandProductsTc" name="testCase19ViewAndCartBrandProductsTc" time="30.75"/>
  <testcase classname="com.javaproject.automationsqa.testcase.TestCase20SearchProductsAndVerifyCartAfterLoginTc" name="testCase20SearchProductsAndVerifyCartAfterLoginTc" time="61.6"/>
  <testcase classname="com.javaproject.automationsqa.testcase.TestCase21AddReviewOnProductTc" name="testCase21AddReviewOnProductTc" time="44.306"/>
  <testcase classname="com.javaproject.automationsqa.testcase.TestCase22AddToCartFromRecommendedItemsTc" name="testCase22AddToCartFromRecommendedItemsTc" time="14.739"/>
  <testcase classname="com.javaproject.automationsqa.testcase.TestCase23VerifyAddressDetailsInCheckoutPageTc" name="testCase23VerifyAddressDetailsInCheckoutPageTc" time="38.29">
    <failure type="org.openqa.selenium.NoSuchElementException" message="no such element: Unable to locate element: {&amp;quot;method&amp;quot;:&amp;quot;xpath&amp;quot;,&amp;quot;selector&amp;quot;:&amp;quot;/html//section[@id=&amp;apos;form&amp;apos;]/div[@class=&amp;apos;container&amp;apos;]//form[@action=&amp;apos;/signup&amp;apos;]/div[1]/div[1]/label[@class=&amp;apos;top&amp;apos;]/div[@class=&amp;apos;radio&amp;apos;]//input[@name=&amp;apos;title&amp;apos;]&amp;quot;}
  (Session info: chrome=102.0.5005.115)
For documentation on this error, please visit: http://seleniumhq.org/exceptions/no_such_element.html
Build info: version: &amp;apos;3.141.5&amp;apos;, revision: &amp;apos;d54ebd709a&amp;apos;, time: &amp;apos;2018-11-06T11:42:16&amp;apos;
System info: host: &amp;apos;DESKTOP-BPA0BAS&amp;apos;, ip: &amp;apos;192.168.100.44&amp;apos;, os.name: &amp;apos;Windows 10&amp;apos;, os.arch: &amp;apos;amd64&amp;apos;, os.version: &amp;apos;10.0&amp;apos;, java.version: &amp;apos;11.0.13&amp;apos;
Driver info: org.openqa.selenium.chrome.ChromeDriver
Capabilities {acceptInsecureCerts: false, browserName: chrome, browserVersion: 102.0.5005.115, chrome: {chromedriverVersion: 102.0.5005.61 (0e59bcc00cc4..., userDataDir: C:\Users\User\AppData\Local...}, goog:chromeOptions: {debuggerAddress: localhost:64687}, javascriptEnabled: true, networkConnectionEnabled: false, pageLoadStrategy: normal, platform: WINDOWS, platformName: WINDOWS, proxy: Proxy(), setWindowRect: true, strictFileInteractability: false, timeouts: {implicit: 0, pageLoad: 300000, script: 30000}, unhandledPromptBehavior: dismiss and notify, webauthn:extension:credBlob: true, webauthn:extension:largeBlob: true, webauthn:virtualAuthenticators: true}
Session ID: 370388e72d2171864ed3493745abb314
*** Element info: {Using=xpath, value=/html//section[@id=&amp;apos;form&amp;apos;]/div[@class=&amp;apos;container&amp;apos;]//form[@action=&amp;apos;/signup&amp;apos;]/div[1]/div[1]/label[@class=&amp;apos;top&amp;apos;]/div[@class=&amp;apos;radio&amp;apos;]//input[@name=&amp;apos;title&amp;apos;]}">
      <![CDATA[org.openqa.selenium.NoSuchElementException: no such element: Unable to locate element: {"method":"xpath","selector":"/html//section[@id='form']/div[@class='container']//form[@action='/signup']/div[1]/div[1]/label[@class='top']/div[@class='radio']//input[@name='title']"}
  (Session info: chrome=102.0.5005.115)
For documentation on this error, please visit: http://seleniumhq.org/exceptions/no_such_element.html
Build info: version: '3.141.5', revision: 'd54ebd709a', time: '2018-11-06T11:42:16'
System info: host: 'DESKTOP-BPA0BAS', ip: '192.168.100.44', os.name: 'Windows 10', os.arch: 'amd64', os.version: '10.0', java.version: '11.0.13'
Driver info: org.openqa.selenium.chrome.ChromeDriver
Capabilities {acceptInsecureCerts: false, browserName: chrome, browserVersion: 102.0.5005.115, chrome: {chromedriverVersion: 102.0.5005.61 (0e59bcc00cc4..., userDataDir: C:\Users\User\AppData\Local...}, goog:chromeOptions: {debuggerAddress: localhost:64687}, javascriptEnabled: true, networkConnectionEnabled: false, pageLoadStrategy: normal, platform: WINDOWS, platformName: WINDOWS, proxy: Proxy(), setWindowRect: true, strictFileInteractability: false, timeouts: {implicit: 0, pageLoad: 300000, script: 30000}, unhandledPromptBehavior: dismiss and notify, webauthn:extension:credBlob: true, webauthn:extension:largeBlob: true, webauthn:virtualAuthenticators: true}
Session ID: 370388e72d2171864ed3493745abb314
*** Element info: {Using=xpath, value=/html//section[@id='form']/div[@class='container']//form[@action='/signup']/div[1]/div[1]/label[@class='top']/div[@class='radio']//input[@name='title']}
at org.openqa.selenium.remote.http.W3CHttpResponseCodec.createException(W3CHttpResponseCodec.java:187)
at org.openqa.selenium.remote.http.W3CHttpResponseCodec.decode(W3CHttpResponseCodec.java:122)
at org.openqa.selenium.remote.http.W3CHttpResponseCodec.decode(W3CHttpResponseCodec.java:49)
at org.openqa.selenium.remote.HttpCommandExecutor.execute(HttpCommandExecutor.java:158)
at org.openqa.selenium.remote.service.DriverCommandExecutor.execute(DriverCommandExecutor.java:83)
at org.openqa.selenium.remote.RemoteWebDriver.execute(RemoteWebDriver.java:552)
at org.openqa.selenium.remote.RemoteWebDriver.findElement(RemoteWebDriver.java:323)
at org.openqa.selenium.remote.RemoteWebDriver.findElementByXPath(RemoteWebDriver.java:428)
at org.openqa.selenium.By$ByXPath.findElement(By.java:353)
at org.openqa.selenium.remote.RemoteWebDriver.findElement(RemoteWebDriver.java:315)
at org.openqa.selenium.support.pagefactory.DefaultElementLocator.findElement(DefaultElementLocator.java:69)
at org.openqa.selenium.support.pagefactory.internal.LocatingElementHandler.invoke(LocatingElementHandler.java:38)
at com.sun.proxy.$Proxy10.click(Unknown Source)
at com.javaproject.automationsqa.testcase.TestCase23VerifyAddressDetailsInCheckoutPageTc.testCase23VerifyAddressDetailsInCheckoutPageTc(TestCase23VerifyAddressDetailsInCheckoutPageTc.java:38)
at java.base/java.util.ArrayList.forEach(ArrayList.java:1541)
... Removed 34 stack frames]]>
    </failure>
  </testcase> <!-- testCase23VerifyAddressDetailsInCheckoutPageTc -->
  <testcase classname="com.javaproject.automationsqa.testcase.TestCase24DownloadInvoiceAfterPurchaseOrderTc" name="testCase24DownloadInvoiceAfterPurchaseOrderTc" time="64.051">
    <failure type="org.openqa.selenium.NoSuchElementException" message="no such element: Unable to locate element: {&amp;quot;method&amp;quot;:&amp;quot;xpath&amp;quot;,&amp;quot;selector&amp;quot;:&amp;quot;/html//section[@id=&amp;apos;form&amp;apos;]/div[@class=&amp;apos;container&amp;apos;]//form[@action=&amp;apos;/signup&amp;apos;]/div[1]/div[1]/label[@class=&amp;apos;top&amp;apos;]/div[@class=&amp;apos;radio&amp;apos;]//input[@name=&amp;apos;title&amp;apos;]&amp;quot;}
  (Session info: chrome=102.0.5005.115)
For documentation on this error, please visit: http://seleniumhq.org/exceptions/no_such_element.html
Build info: version: &amp;apos;3.141.5&amp;apos;, revision: &amp;apos;d54ebd709a&amp;apos;, time: &amp;apos;2018-11-06T11:42:16&amp;apos;
System info: host: &amp;apos;DESKTOP-BPA0BAS&amp;apos;, ip: &amp;apos;192.168.100.44&amp;apos;, os.name: &amp;apos;Windows 10&amp;apos;, os.arch: &amp;apos;amd64&amp;apos;, os.version: &amp;apos;10.0&amp;apos;, java.version: &amp;apos;11.0.13&amp;apos;
Driver info: org.openqa.selenium.chrome.ChromeDriver
Capabilities {acceptInsecureCerts: false, browserName: chrome, browserVersion: 102.0.5005.115, chrome: {chromedriverVersion: 102.0.5005.61 (0e59bcc00cc4..., userDataDir: C:\Users\User\AppData\Local...}, goog:chromeOptions: {debuggerAddress: localhost:64737}, javascriptEnabled: true, networkConnectionEnabled: false, pageLoadStrategy: normal, platform: WINDOWS, platformName: WINDOWS, proxy: Proxy(), setWindowRect: true, strictFileInteractability: false, timeouts: {implicit: 0, pageLoad: 300000, script: 30000}, unhandledPromptBehavior: dismiss and notify, webauthn:extension:credBlob: true, webauthn:extension:largeBlob: true, webauthn:virtualAuthenticators: true}
Session ID: 750aadda71799800df0f7066837aad96
*** Element info: {Using=xpath, value=/html//section[@id=&amp;apos;form&amp;apos;]/div[@class=&amp;apos;container&amp;apos;]//form[@action=&amp;apos;/signup&amp;apos;]/div[1]/div[1]/label[@class=&amp;apos;top&amp;apos;]/div[@class=&amp;apos;radio&amp;apos;]//input[@name=&amp;apos;title&amp;apos;]}">
      <![CDATA[org.openqa.selenium.NoSuchElementException: no such element: Unable to locate element: {"method":"xpath","selector":"/html//section[@id='form']/div[@class='container']//form[@action='/signup']/div[1]/div[1]/label[@class='top']/div[@class='radio']//input[@name='title']"}
  (Session info: chrome=102.0.5005.115)
For documentation on this error, please visit: http://seleniumhq.org/exceptions/no_such_element.html
Build info: version: '3.141.5', revision: 'd54ebd709a', time: '2018-11-06T11:42:16'
System info: host: 'DESKTOP-BPA0BAS', ip: '192.168.100.44', os.name: 'Windows 10', os.arch: 'amd64', os.version: '10.0', java.version: '11.0.13'
Driver info: org.openqa.selenium.chrome.ChromeDriver
Capabilities {acceptInsecureCerts: false, browserName: chrome, browserVersion: 102.0.5005.115, chrome: {chromedriverVersion: 102.0.5005.61 (0e59bcc00cc4..., userDataDir: C:\Users\User\AppData\Local...}, goog:chromeOptions: {debuggerAddress: localhost:64737}, javascriptEnabled: true, networkConnectionEnabled: false, pageLoadStrategy: normal, platform: WINDOWS, platformName: WINDOWS, proxy: Proxy(), setWindowRect: true, strictFileInteractability: false, timeouts: {implicit: 0, pageLoad: 300000, script: 30000}, unhandledPromptBehavior: dismiss and notify, webauthn:extension:credBlob: true, webauthn:extension:largeBlob: true, webauthn:virtualAuthenticators: true}
Session ID: 750aadda71799800df0f7066837aad96
*** Element info: {Using=xpath, value=/html//section[@id='form']/div[@class='container']//form[@action='/signup']/div[1]/div[1]/label[@class='top']/div[@class='radio']//input[@name='title']}
at org.openqa.selenium.remote.http.W3CHttpResponseCodec.createException(W3CHttpResponseCodec.java:187)
at org.openqa.selenium.remote.http.W3CHttpResponseCodec.decode(W3CHttpResponseCodec.java:122)
at org.openqa.selenium.remote.http.W3CHttpResponseCodec.decode(W3CHttpResponseCodec.java:49)
at org.openqa.selenium.remote.HttpCommandExecutor.execute(HttpCommandExecutor.java:158)
at org.openqa.selenium.remote.service.DriverCommandExecutor.execute(DriverCommandExecutor.java:83)
at org.openqa.selenium.remote.RemoteWebDriver.execute(RemoteWebDriver.java:552)
at org.openqa.selenium.remote.RemoteWebDriver.findElement(RemoteWebDriver.java:323)
at org.openqa.selenium.remote.RemoteWebDriver.findElementByXPath(RemoteWebDriver.java:428)
at org.openqa.selenium.By$ByXPath.findElement(By.java:353)
at org.openqa.selenium.remote.RemoteWebDriver.findElement(RemoteWebDriver.java:315)
at org.openqa.selenium.support.pagefactory.DefaultElementLocator.findElement(DefaultElementLocator.java:69)
at org.openqa.selenium.support.pagefactory.internal.LocatingElementHandler.invoke(LocatingElementHandler.java:38)
at com.sun.proxy.$Proxy10.click(Unknown Source)
at com.javaproject.automationsqa.testcase.TestCase24DownloadInvoiceAfterPurchaseOrderTc.testCase24DownloadInvoiceAfterPurchaseOrderTc(TestCase24DownloadInvoiceAfterPurchaseOrderTc.java:74)
at java.base/java.util.ArrayList.forEach(ArrayList.java:1541)
... Removed 34 stack frames]]>
    </failure>
  </testcase> <!-- testCase24DownloadInvoiceAfterPurchaseOrderTc -->
  <testcase classname="com.javaproject.automationsqa.testcase.TestCase25VerifyScrollUpUsingArrowButtonAndScrollDownFunctionalityTc" name="testCase25VerifyScrollUpUsingArrowButtonAndScrollDownFunctionalityTc" time="7.26"/>
  <testcase classname="com.javaproject.automationsqa.testcase.TestCase26VerifyScrollUpWithoutArrowButtonAndScrollDownFunctionalityTc" name="testCase26VerifyScrollUpWithoutArrowButtonAndScrollDownFunctionalityTc" time="9.767"/>
  <testcase classname="com.javaproject.automationsqa.testcase.TestCase7VerifyTestCasesTc" name="testCase7VerifyTestCases" time="0.0">
    <ignored/>
  </testcase> <!-- testCase7VerifyTestCases -->
  <testcase classname="com.javaproject.automationsqa.testcase.TestCase12AddProductsInCartTc" name="testCase12AddProductsInCart" time="0.0">
    <ignored/>
  </testcase> <!-- testCase12AddProductsInCart -->
</testsuite> <!-- UITest -->
