<!DOCTYPE html PUBLIC "-//W3C//DTD XHTML 1.1//EN" "https://www.w3.org/TR/xhtml11/DTD/xhtml11.dtd">
<html xmlns="https://www.w3.org/1999/xhtml">
<head>
<meta http-equiv="content-type" content="text/html; charset=UTF-8"/>
<title>TestNG Report</title>
<style type="text/css">table {margin-bottom:10px;border-collapse:collapse;empty-cells:show}th,td {border:1px solid #009;padding:.25em .5em}th {vertical-align:bottom}td {vertical-align:top}table a {font-weight:bold}.stripe td {background-color: #E6EBF9}.num {text-align:right}.passedodd td {background-color: #3F3}.passedeven td {background-color: #0A0}.skippedodd td {background-color: #DDD}.skippedeven td {background-color: #CCC}.failedodd td,.attn {background-color: #F33}.failedeven td,.stripe .attn {background-color: #D00}.stacktrace {white-space:pre;font-family:monospace}.totop {font-size:85%;text-align:center;border-bottom:2px solid #000}.invisible {display:none}</style>
</head>
<body>
<table>
<tr><th>Test</th><th># Passed</th><th># Skipped</th><th># Retried</th><th># Failed</th><th>Time (ms)</th><th>Included Groups</th><th>Excluded Groups</th></tr>
<tr><th colspan="8">Regression</th></tr>
<tr><td><a href="#t0">UITest</a></td><td class="num">19</td><td class="num">0</td><td class="num">0</td><td class="num attn">5</td><td class="num">873,967</td><td></td><td></td></tr>
</table>
<table id='summary'><thead><tr><th>Class</th><th>Method</th><th>Start</th><th>Time (ms)</th></tr></thead><tbody><tr><th colspan="4">Regression</th></tr></tbody><tbody id="t0"><tr><th colspan="4">UITest &#8212; failed</th></tr><tr class="failedeven"><td rowspan="1">com.javaproject.automationsqa.testcase.TestCase14PlaceOrderRegisterWhileCheckoutTc</td><td><a href="#m0">testCase14PlaceOrderRegisterWhileCheckoutTc</a></td><td rowspan="1">1655883105020</td><td rowspan="1">64068</td></tr><tr class="failedodd"><td rowspan="1">com.javaproject.automationsqa.testcase.TestCase15PlaceOrderRegisterBeforeCheckoutTc</td><td><a href="#m1">testCase15PlaceOrderRegisterBeforeCheckoutTc</a></td><td rowspan="1">1655883176989</td><td rowspan="1">45452</td></tr><tr class="failedeven"><td rowspan="1">com.javaproject.automationsqa.testcase.TestCase23VerifyAddressDetailsInCheckoutPageTc</td><td><a href="#m2">testCase23VerifyAddressDetailsInCheckoutPageTc</a></td><td rowspan="1">1655883544178</td><td rowspan="1">38290</td></tr><tr class="failedodd"><td rowspan="1">com.javaproject.automationsqa.testcase.TestCase24DownloadInvoiceAfterPurchaseOrderTc</td><td><a href="#m3">testCase24DownloadInvoiceAfterPurchaseOrderTc</a></td><td rowspan="1">1655883590319</td><td rowspan="1">64051</td></tr><tr class="failedeven"><td rowspan="1">com.javaproject.automationsqa.testcase.TestCase6ContactUsFormTc</td><td><a href="#m4">testCase6ContactUsFormTc</a></td><td rowspan="1">1655882979555</td><td rowspan="1">3753</td></tr><tr><th colspan="4">UITest &#8212; passed</th></tr><tr class="passedeven"><td rowspan="1">com.javaproject.automationsqa.testcase.TestCase10VerifySubscriptionInHomeTc</td><td><a href="#m5">testCase10VerifySubscriptionInHomeTc</a></td><td rowspan="1">1655883044978</td><td rowspan="1">8223</td></tr><tr class="passedodd"><td rowspan="1">com.javaproject.automationsqa.testcase.TestCase11VerifySubscriptionInCartTc</td><td><a href="#m6">testCase11VerifySubscriptionInCartTc</a></td><td rowspan="1">1655883060971</td><td rowspan="1">9805</td></tr><tr class="passedeven"><td rowspan="1">com.javaproject.automationsqa.testcase.TestCase13VerifyProductQuantityInCartTc</td><td><a href="#m7">testCase13VerifyProductQuantityInCartTc</a></td><td rowspan="1">1655883078620</td><td rowspan="1">18551</td></tr><tr class="passedodd"><td rowspan="1">com.javaproject.automationsqa.testcase.TestCase16PlaceOrderLoginBeforeCheckoutTc</td><td><a href="#m8">testCase16PlaceOrderLoginBeforeCheckoutTc</a></td><td rowspan="1">1655883230052</td><td rowspan="1">73944</td></tr><tr class="passedeven"><td rowspan="1">com.javaproject.automationsqa.testcase.TestCase17RemoveProductsFromCartTc</td><td><a href="#m9">testCase17RemoveProductsFromCartTc</a></td><td rowspan="1">1655883311520</td><td rowspan="1">17410</td></tr><tr class="passedodd"><td rowspan="1">com.javaproject.automationsqa.testcase.TestCase18ViewCategoryProductsTc</td><td><a href="#m10">testCase18ViewCategoryProductsTc</a></td><td rowspan="1">1655883336781</td><td rowspan="1">16390</td></tr><tr class="passedeven"><td rowspan="1">com.javaproject.automationsqa.testcase.TestCase19ViewAndCartBrandProductsTc</td><td><a href="#m11">testCase19ViewAndCartBrandProductsTc</a></td><td rowspan="1">1655883361244</td><td rowspan="1">30750</td></tr><tr class="passedodd"><td rowspan="1">com.javaproject.automationsqa.testcase.TestCase1RegisterUserTc</td><td><a href="#m12">testCase1RegisterUserTc</a></td><td rowspan="1">1655882822069</td><td rowspan="1">59849</td></tr><tr class="passedeven"><td rowspan="1">com.javaproject.automationsqa.testcase.TestCase20SearchProductsAndVerifyCartAfterLoginTc</td><td><a href="#m13">testCase20SearchProductsAndVerifyCartAfterLoginTc</a></td><td rowspan="1">1655883399980</td><td rowspan="1">61600</td></tr><tr class="passedodd"><td rowspan="1">com.javaproject.automationsqa.testcase.TestCase21AddReviewOnProductTc</td><td><a href="#m14">testCase21AddReviewOnProductTc</a></td><td rowspan="1">1655883469394</td><td rowspan="1">44306</td></tr><tr class="passedeven"><td rowspan="1">com.javaproject.automationsqa.testcase.TestCase22AddToCartFromRecommendedItemsTc</td><td><a href="#m15">testCase22AddToCartFromRecommendedItemsTc</a></td><td rowspan="1">1655883521838</td><td rowspan="1">14739</td></tr><tr class="passedodd"><td rowspan="1">com.javaproject.automationsqa.testcase.TestCase25VerifyScrollUpUsingArrowButtonAndScrollDownFunctionalityTc</td><td><a href="#m16">testCase25VerifyScrollUpUsingArrowButtonAndScrollDownFunctionalityTc</a></td><td rowspan="1">1655883662120</td><td rowspan="1">7260</td></tr><tr class="passedeven"><td rowspan="1">com.javaproject.automationsqa.testcase.TestCase26VerifyScrollUpWithoutArrowButtonAndScrollDownFunctionalityTc</td><td><a href="#m17">testCase26VerifyScrollUpWithoutArrowButtonAndScrollDownFunctionalityTc</a></td><td rowspan="1">1655883676806</td><td rowspan="1">9767</td></tr><tr class="passedodd"><td rowspan="1">com.javaproject.automationsqa.testcase.TestCase2LogInWithCorrectEmailTc</td><td><a href="#m18">testCase2LogInWithCorrectEmailTc</a></td><td rowspan="1">1655882889437</td><td rowspan="1">15100</td></tr><tr class="passedeven"><td rowspan="1">com.javaproject.automationsqa.testcase.TestCase3LogInWithInCorrectEmailTc</td><td><a href="#m19">testCase3LogInWithInCorrectEmailTc</a></td><td rowspan="1">1655882912343</td><td rowspan="1">10787</td></tr><tr class="passedodd"><td rowspan="1">com.javaproject.automationsqa.testcase.TestCase4LogOutUserTc</td><td><a href="#m20">testCase4LogOutUserTc</a></td><td rowspan="1">1655882930767</td><td rowspan="1">21815</td></tr><tr class="passedeven"><td rowspan="1">com.javaproject.automationsqa.testcase.TestCase5RegisterUserWithExistingEmailTc</td><td><a href="#m21">testCase5RegisterUserWithExistingEmailTc</a></td><td rowspan="1">1655882960423</td><td rowspan="1">11342</td></tr><tr class="passedodd"><td rowspan="1">com.javaproject.automationsqa.testcase.TestCase8VerifyAllProductsAndProductDetailTc</td><td><a href="#m22">testCase8VerifyAllProductsAndProductDetailTc</a></td><td rowspan="1">1655882990910</td><td rowspan="1">21162</td></tr><tr class="passedeven"><td rowspan="1">com.javaproject.automationsqa.testcase.TestCase9SearchProductTc</td><td><a href="#m23">testCase9SearchProductTc</a></td><td rowspan="1">1655883020174</td><td rowspan="1">17333</td></tr></tbody>
</table>
<h2>UITest</h2><h3 id="m0">com.javaproject.automationsqa.testcase.TestCase14PlaceOrderRegisterWhileCheckoutTc#testCase14PlaceOrderRegisterWhileCheckoutTc</h3><table class="result"><tr><th>Exception</th></tr><tr><td><div class="stacktrace">org.openqa.selenium.NoSuchElementException: no such element: Unable to locate element: {&quot;method&quot;:&quot;xpath&quot;,&quot;selector&quot;:&quot;/html//section[@id=&apos;form&apos;]/div[@class=&apos;container&apos;]//form[@action=&apos;/signup&apos;]/div[1]/div[1]/label[@class=&apos;top&apos;]/div[@class=&apos;radio&apos;]//input[@name=&apos;title&apos;]&quot;}
  (Session info: chrome=102.0.5005.115)
For documentation on this error, please visit: http://seleniumhq.org/exceptions/no_such_element.html
Build info: version: &apos;3.141.5&apos;, revision: &apos;d54ebd709a&apos;, time: &apos;2018-11-06T11:42:16&apos;
System info: host: &apos;DESKTOP-BPA0BAS&apos;, ip: &apos;192.168.100.44&apos;, os.name: &apos;Windows 10&apos;, os.arch: &apos;amd64&apos;, os.version: &apos;10.0&apos;, java.version: &apos;11.0.13&apos;
Driver info: org.openqa.selenium.chrome.ChromeDriver
Capabilities {acceptInsecureCerts: false, browserName: chrome, browserVersion: 102.0.5005.115, chrome: {chromedriverVersion: 102.0.5005.61 (0e59bcc00cc4..., userDataDir: C:\Users\User\AppData\Local...}, goog:chromeOptions: {debuggerAddress: localhost:59403}, javascriptEnabled: true, networkConnectionEnabled: false, pageLoadStrategy: normal, platform: WINDOWS, platformName: WINDOWS, proxy: Proxy(), setWindowRect: true, strictFileInteractability: false, timeouts: {implicit: 0, pageLoad: 300000, script: 30000}, unhandledPromptBehavior: dismiss and notify, webauthn:extension:credBlob: true, webauthn:extension:largeBlob: true, webauthn:virtualAuthenticators: true}
Session ID: e7339137cf7a5d05722129be2d67f258
*** Element info: {Using=xpath, value=/html//section[@id=&apos;form&apos;]/div[@class=&apos;container&apos;]//form[@action=&apos;/signup&apos;]/div[1]/div[1]/label[@class=&apos;top&apos;]/div[@class=&apos;radio&apos;]//input[@name=&apos;title&apos;]}
	at org.openqa.selenium.remote.http.W3CHttpResponseCodec.createException(W3CHttpResponseCodec.java:187)
	at org.openqa.selenium.remote.http.W3CHttpResponseCodec.decode(W3CHttpResponseCodec.java:122)
	at org.openqa.selenium.remote.http.W3CHttpResponseCodec.decode(W3CHttpResponseCodec.java:49)
	at org.openqa.selenium.remote.HttpCommandExecutor.execute(HttpCommandExecutor.java:158)
	at org.openqa.selenium.remote.service.DriverCommandExecutor.execute(DriverCommandExecutor.java:83)
	at org.openqa.selenium.remote.RemoteWebDriver.execute(RemoteWebDriver.java:552)
	at org.openqa.selenium.remote.RemoteWebDriver.findElement(RemoteWebDriver.java:323)
	at org.openqa.selenium.remote.RemoteWebDriver.findElementByXPath(RemoteWebDriver.java:428)
	at org.openqa.selenium.By$ByXPath.findElement(By.java:353)
	at org.openqa.selenium.remote.RemoteWebDriver.findElement(RemoteWebDriver.java:315)
	at org.openqa.selenium.support.pagefactory.DefaultElementLocator.findElement(DefaultElementLocator.java:69)
	at org.openqa.selenium.support.pagefactory.internal.LocatingElementHandler.invoke(LocatingElementHandler.java:38)
	at com.sun.proxy.$Proxy10.click(Unknown Source)
	at com.javaproject.automationsqa.testcase.TestCase14PlaceOrderRegisterWhileCheckoutTc.testCase14PlaceOrderRegisterWhileCheckoutTc(TestCase14PlaceOrderRegisterWhileCheckoutTc.java:70)
	at java.base/java.util.ArrayList.forEach(ArrayList.java:1541)
... Removed 34 stack frames</div></td></tr></table><p class="totop"><a href="#summary">back to summary</a></p>
<h3 id="m1">com.javaproject.automationsqa.testcase.TestCase15PlaceOrderRegisterBeforeCheckoutTc#testCase15PlaceOrderRegisterBeforeCheckoutTc</h3><table class="result"><tr><th>Exception</th></tr><tr><td><div class="stacktrace">org.openqa.selenium.NoSuchElementException: no such element: Unable to locate element: {&quot;method&quot;:&quot;xpath&quot;,&quot;selector&quot;:&quot;/html//section[@id=&apos;form&apos;]/div[@class=&apos;container&apos;]//form[@action=&apos;/signup&apos;]/div[1]/div[1]/label[@class=&apos;top&apos;]/div[@class=&apos;radio&apos;]//input[@name=&apos;title&apos;]&quot;}
  (Session info: chrome=102.0.5005.115)
For documentation on this error, please visit: http://seleniumhq.org/exceptions/no_such_element.html
Build info: version: &apos;3.141.5&apos;, revision: &apos;d54ebd709a&apos;, time: &apos;2018-11-06T11:42:16&apos;
System info: host: &apos;DESKTOP-BPA0BAS&apos;, ip: &apos;192.168.100.44&apos;, os.name: &apos;Windows 10&apos;, os.arch: &apos;amd64&apos;, os.version: &apos;10.0&apos;, java.version: &apos;11.0.13&apos;
Driver info: org.openqa.selenium.chrome.ChromeDriver
Capabilities {acceptInsecureCerts: false, browserName: chrome, browserVersion: 102.0.5005.115, chrome: {chromedriverVersion: 102.0.5005.61 (0e59bcc00cc4..., userDataDir: C:\Users\User\AppData\Local...}, goog:chromeOptions: {debuggerAddress: localhost:59460}, javascriptEnabled: true, networkConnectionEnabled: false, pageLoadStrategy: normal, platform: WINDOWS, platformName: WINDOWS, proxy: Proxy(), setWindowRect: true, strictFileInteractability: false, timeouts: {implicit: 0, pageLoad: 300000, script: 30000}, unhandledPromptBehavior: dismiss and notify, webauthn:extension:credBlob: true, webauthn:extension:largeBlob: true, webauthn:virtualAuthenticators: true}
Session ID: a7e4bd9099550387ded8e9b4024aa558
*** Element info: {Using=xpath, value=/html//section[@id=&apos;form&apos;]/div[@class=&apos;container&apos;]//form[@action=&apos;/signup&apos;]/div[1]/div[1]/label[@class=&apos;top&apos;]/div[@class=&apos;radio&apos;]//input[@name=&apos;title&apos;]}
	at org.openqa.selenium.remote.http.W3CHttpResponseCodec.createException(W3CHttpResponseCodec.java:187)
	at org.openqa.selenium.remote.http.W3CHttpResponseCodec.decode(W3CHttpResponseCodec.java:122)
	at org.openqa.selenium.remote.http.W3CHttpResponseCodec.decode(W3CHttpResponseCodec.java:49)
	at org.openqa.selenium.remote.HttpCommandExecutor.execute(HttpCommandExecutor.java:158)
	at org.openqa.selenium.remote.service.DriverCommandExecutor.execute(DriverCommandExecutor.java:83)
	at org.openqa.selenium.remote.RemoteWebDriver.execute(RemoteWebDriver.java:552)
	at org.openqa.selenium.remote.RemoteWebDriver.findElement(RemoteWebDriver.java:323)
	at org.openqa.selenium.remote.RemoteWebDriver.findElementByXPath(RemoteWebDriver.java:428)
	at org.openqa.selenium.By$ByXPath.findElement(By.java:353)
	at org.openqa.selenium.remote.RemoteWebDriver.findElement(RemoteWebDriver.java:315)
	at org.openqa.selenium.support.pagefactory.DefaultElementLocator.findElement(DefaultElementLocator.java:69)
	at org.openqa.selenium.support.pagefactory.internal.LocatingElementHandler.invoke(LocatingElementHandler.java:38)
	at com.sun.proxy.$Proxy10.click(Unknown Source)
	at com.javaproject.automationsqa.testcase.TestCase15PlaceOrderRegisterBeforeCheckoutTc.testCase15PlaceOrderRegisterBeforeCheckoutTc(TestCase15PlaceOrderRegisterBeforeCheckoutTc.java:46)
	at java.base/java.util.ArrayList.forEach(ArrayList.java:1541)
... Removed 34 stack frames</div></td></tr></table><p class="totop"><a href="#summary">back to summary</a></p>
<h3 id="m2">com.javaproject.automationsqa.testcase.TestCase23VerifyAddressDetailsInCheckoutPageTc#testCase23VerifyAddressDetailsInCheckoutPageTc</h3><table class="result"><tr><th>Exception</th></tr><tr><td><div class="stacktrace">org.openqa.selenium.NoSuchElementException: no such element: Unable to locate element: {&quot;method&quot;:&quot;xpath&quot;,&quot;selector&quot;:&quot;/html//section[@id=&apos;form&apos;]/div[@class=&apos;container&apos;]//form[@action=&apos;/signup&apos;]/div[1]/div[1]/label[@class=&apos;top&apos;]/div[@class=&apos;radio&apos;]//input[@name=&apos;title&apos;]&quot;}
  (Session info: chrome=102.0.5005.115)
For documentation on this error, please visit: http://seleniumhq.org/exceptions/no_such_element.html
Build info: version: &apos;3.141.5&apos;, revision: &apos;d54ebd709a&apos;, time: &apos;2018-11-06T11:42:16&apos;
System info: host: &apos;DESKTOP-BPA0BAS&apos;, ip: &apos;192.168.100.44&apos;, os.name: &apos;Windows 10&apos;, os.arch: &apos;amd64&apos;, os.version: &apos;10.0&apos;, java.version: &apos;11.0.13&apos;
Driver info: org.openqa.selenium.chrome.ChromeDriver
Capabilities {acceptInsecureCerts: false, browserName: chrome, browserVersion: 102.0.5005.115, chrome: {chromedriverVersion: 102.0.5005.61 (0e59bcc00cc4..., userDataDir: C:\Users\User\AppData\Local...}, goog:chromeOptions: {debuggerAddress: localhost:64687}, javascriptEnabled: true, networkConnectionEnabled: false, pageLoadStrategy: normal, platform: WINDOWS, platformName: WINDOWS, proxy: Proxy(), setWindowRect: true, strictFileInteractability: false, timeouts: {implicit: 0, pageLoad: 300000, script: 30000}, unhandledPromptBehavior: dismiss and notify, webauthn:extension:credBlob: true, webauthn:extension:largeBlob: true, webauthn:virtualAuthenticators: true}
Session ID: 370388e72d2171864ed3493745abb314
*** Element info: {Using=xpath, value=/html//section[@id=&apos;form&apos;]/div[@class=&apos;container&apos;]//form[@action=&apos;/signup&apos;]/div[1]/div[1]/label[@class=&apos;top&apos;]/div[@class=&apos;radio&apos;]//input[@name=&apos;title&apos;]}
	at org.openqa.selenium.remote.http.W3CHttpResponseCodec.createException(W3CHttpResponseCodec.java:187)
	at org.openqa.selenium.remote.http.W3CHttpResponseCodec.decode(W3CHttpResponseCodec.java:122)
	at org.openqa.selenium.remote.http.W3CHttpResponseCodec.decode(W3CHttpResponseCodec.java:49)
	at org.openqa.selenium.remote.HttpCommandExecutor.execute(HttpCommandExecutor.java:158)
	at org.openqa.selenium.remote.service.DriverCommandExecutor.execute(DriverCommandExecutor.java:83)
	at org.openqa.selenium.remote.RemoteWebDriver.execute(RemoteWebDriver.java:552)
	at org.openqa.selenium.remote.RemoteWebDriver.findElement(RemoteWebDriver.java:323)
	at org.openqa.selenium.remote.RemoteWebDriver.findElementByXPath(RemoteWebDriver.java:428)
	at org.openqa.selenium.By$ByXPath.findElement(By.java:353)
	at org.openqa.selenium.remote.RemoteWebDriver.findElement(RemoteWebDriver.java:315)
	at org.openqa.selenium.support.pagefactory.DefaultElementLocator.findElement(DefaultElementLocator.java:69)
	at org.openqa.selenium.support.pagefactory.internal.LocatingElementHandler.invoke(LocatingElementHandler.java:38)
	at com.sun.proxy.$Proxy10.click(Unknown Source)
	at com.javaproject.automationsqa.testcase.TestCase23VerifyAddressDetailsInCheckoutPageTc.testCase23VerifyAddressDetailsInCheckoutPageTc(TestCase23VerifyAddressDetailsInCheckoutPageTc.java:38)
	at java.base/java.util.ArrayList.forEach(ArrayList.java:1541)
... Removed 34 stack frames</div></td></tr></table><p class="totop"><a href="#summary">back to summary</a></p>
<h3 id="m3">com.javaproject.automationsqa.testcase.TestCase24DownloadInvoiceAfterPurchaseOrderTc#testCase24DownloadInvoiceAfterPurchaseOrderTc</h3><table class="result"><tr><th>Exception</th></tr><tr><td><div class="stacktrace">org.openqa.selenium.NoSuchElementException: no such element: Unable to locate element: {&quot;method&quot;:&quot;xpath&quot;,&quot;selector&quot;:&quot;/html//section[@id=&apos;form&apos;]/div[@class=&apos;container&apos;]//form[@action=&apos;/signup&apos;]/div[1]/div[1]/label[@class=&apos;top&apos;]/div[@class=&apos;radio&apos;]//input[@name=&apos;title&apos;]&quot;}
  (Session info: chrome=102.0.5005.115)
For documentation on this error, please visit: http://seleniumhq.org/exceptions/no_such_element.html
Build info: version: &apos;3.141.5&apos;, revision: &apos;d54ebd709a&apos;, time: &apos;2018-11-06T11:42:16&apos;
System info: host: &apos;DESKTOP-BPA0BAS&apos;, ip: &apos;192.168.100.44&apos;, os.name: &apos;Windows 10&apos;, os.arch: &apos;amd64&apos;, os.version: &apos;10.0&apos;, java.version: &apos;11.0.13&apos;
Driver info: org.openqa.selenium.chrome.ChromeDriver
Capabilities {acceptInsecureCerts: false, browserName: chrome, browserVersion: 102.0.5005.115, chrome: {chromedriverVersion: 102.0.5005.61 (0e59bcc00cc4..., userDataDir: C:\Users\User\AppData\Local...}, goog:chromeOptions: {debuggerAddress: localhost:64737}, javascriptEnabled: true, networkConnectionEnabled: false, pageLoadStrategy: normal, platform: WINDOWS, platformName: WINDOWS, proxy: Proxy(), setWindowRect: true, strictFileInteractability: false, timeouts: {implicit: 0, pageLoad: 300000, script: 30000}, unhandledPromptBehavior: dismiss and notify, webauthn:extension:credBlob: true, webauthn:extension:largeBlob: true, webauthn:virtualAuthenticators: true}
Session ID: 750aadda71799800df0f7066837aad96
*** Element info: {Using=xpath, value=/html//section[@id=&apos;form&apos;]/div[@class=&apos;container&apos;]//form[@action=&apos;/signup&apos;]/div[1]/div[1]/label[@class=&apos;top&apos;]/div[@class=&apos;radio&apos;]//input[@name=&apos;title&apos;]}
	at org.openqa.selenium.remote.http.W3CHttpResponseCodec.createException(W3CHttpResponseCodec.java:187)
	at org.openqa.selenium.remote.http.W3CHttpResponseCodec.decode(W3CHttpResponseCodec.java:122)
	at org.openqa.selenium.remote.http.W3CHttpResponseCodec.decode(W3CHttpResponseCodec.java:49)
	at org.openqa.selenium.remote.HttpCommandExecutor.execute(HttpCommandExecutor.java:158)
	at org.openqa.selenium.remote.service.DriverCommandExecutor.execute(DriverCommandExecutor.java:83)
	at org.openqa.selenium.remote.RemoteWebDriver.execute(RemoteWebDriver.java:552)
	at org.openqa.selenium.remote.RemoteWebDriver.findElement(RemoteWebDriver.java:323)
	at org.openqa.selenium.remote.RemoteWebDriver.findElementByXPath(RemoteWebDriver.java:428)
	at org.openqa.selenium.By$ByXPath.findElement(By.java:353)
	at org.openqa.selenium.remote.RemoteWebDriver.findElement(RemoteWebDriver.java:315)
	at org.openqa.selenium.support.pagefactory.DefaultElementLocator.findElement(DefaultElementLocator.java:69)
	at org.openqa.selenium.support.pagefactory.internal.LocatingElementHandler.invoke(LocatingElementHandler.java:38)
	at com.sun.proxy.$Proxy10.click(Unknown Source)
	at com.javaproject.automationsqa.testcase.TestCase24DownloadInvoiceAfterPurchaseOrderTc.testCase24DownloadInvoiceAfterPurchaseOrderTc(TestCase24DownloadInvoiceAfterPurchaseOrderTc.java:74)
	at java.base/java.util.ArrayList.forEach(ArrayList.java:1541)
... Removed 34 stack frames</div></td></tr></table><p class="totop"><a href="#summary">back to summary</a></p>
<h3 id="m4">com.javaproject.automationsqa.testcase.TestCase6ContactUsFormTc#testCase6ContactUsFormTc</h3><table class="result"><tr><th>Exception</th></tr><tr><td><div class="stacktrace">java.lang.AssertionError: expected [https://www.automationexercise.com/contact_us] but found [https://www.automationexercise.com/video_tutorials]
	at com.javaproject.automationsqa.testcase.TestCase6ContactUsFormTc.testCase6ContactUsFormTc(TestCase6ContactUsFormTc.java:21)
	at java.base/java.util.ArrayList.forEach(ArrayList.java:1541)
... Removed 36 stack frames</div></td></tr></table><p class="totop"><a href="#summary">back to summary</a></p>
<h3 id="m5">com.javaproject.automationsqa.testcase.TestCase10VerifySubscriptionInHomeTc#testCase10VerifySubscriptionInHomeTc</h3><table class="result"><tr><th class="invisible"/></tr></table><p class="totop"><a href="#summary">back to summary</a></p>
<h3 id="m6">com.javaproject.automationsqa.testcase.TestCase11VerifySubscriptionInCartTc#testCase11VerifySubscriptionInCartTc</h3><table class="result"><tr><th class="invisible"/></tr></table><p class="totop"><a href="#summary">back to summary</a></p>
<h3 id="m7">com.javaproject.automationsqa.testcase.TestCase13VerifyProductQuantityInCartTc#testCase13VerifyProductQuantityInCartTc</h3><table class="result"><tr><th class="invisible"/></tr></table><p class="totop"><a href="#summary">back to summary</a></p>
<h3 id="m8">com.javaproject.automationsqa.testcase.TestCase16PlaceOrderLoginBeforeCheckoutTc#testCase16PlaceOrderLoginBeforeCheckoutTc</h3><table class="result"><tr><th class="invisible"/></tr></table><p class="totop"><a href="#summary">back to summary</a></p>
<h3 id="m9">com.javaproject.automationsqa.testcase.TestCase17RemoveProductsFromCartTc#testCase17RemoveProductsFromCartTc</h3><table class="result"><tr><th class="invisible"/></tr></table><p class="totop"><a href="#summary">back to summary</a></p>
<h3 id="m10">com.javaproject.automationsqa.testcase.TestCase18ViewCategoryProductsTc#testCase18ViewCategoryProductsTc</h3><table class="result"><tr><th class="invisible"/></tr></table><p class="totop"><a href="#summary">back to summary</a></p>
<h3 id="m11">com.javaproject.automationsqa.testcase.TestCase19ViewAndCartBrandProductsTc#testCase19ViewAndCartBrandProductsTc</h3><table class="result"><tr><th class="invisible"/></tr></table><p class="totop"><a href="#summary">back to summary</a></p>
<h3 id="m12">com.javaproject.automationsqa.testcase.TestCase1RegisterUserTc#testCase1RegisterUserTc</h3><table class="result"><tr><th class="invisible"/></tr></table><p class="totop"><a href="#summary">back to summary</a></p>
<h3 id="m13">com.javaproject.automationsqa.testcase.TestCase20SearchProductsAndVerifyCartAfterLoginTc#testCase20SearchProductsAndVerifyCartAfterLoginTc</h3><table class="result"><tr><th class="invisible"/></tr></table><p class="totop"><a href="#summary">back to summary</a></p>
<h3 id="m14">com.javaproject.automationsqa.testcase.TestCase21AddReviewOnProductTc#testCase21AddReviewOnProductTc</h3><table class="result"><tr><th class="invisible"/></tr></table><p class="totop"><a href="#summary">back to summary</a></p>
<h3 id="m15">com.javaproject.automationsqa.testcase.TestCase22AddToCartFromRecommendedItemsTc#testCase22AddToCartFromRecommendedItemsTc</h3><table class="result"><tr><th class="invisible"/></tr></table><p class="totop"><a href="#summary">back to summary</a></p>
<h3 id="m16">com.javaproject.automationsqa.testcase.TestCase25VerifyScrollUpUsingArrowButtonAndScrollDownFunctionalityTc#testCase25VerifyScrollUpUsingArrowButtonAndScrollDownFunctionalityTc</h3><table class="result"><tr><th class="invisible"/></tr></table><p class="totop"><a href="#summary">back to summary</a></p>
<h3 id="m17">com.javaproject.automationsqa.testcase.TestCase26VerifyScrollUpWithoutArrowButtonAndScrollDownFunctionalityTc#testCase26VerifyScrollUpWithoutArrowButtonAndScrollDownFunctionalityTc</h3><table class="result"><tr><th class="invisible"/></tr></table><p class="totop"><a href="#summary">back to summary</a></p>
<h3 id="m18">com.javaproject.automationsqa.testcase.TestCase2LogInWithCorrectEmailTc#testCase2LogInWithCorrectEmailTc</h3><table class="result"><tr><th class="invisible"/></tr></table><p class="totop"><a href="#summary">back to summary</a></p>
<h3 id="m19">com.javaproject.automationsqa.testcase.TestCase3LogInWithInCorrectEmailTc#testCase3LogInWithInCorrectEmailTc</h3><table class="result"><tr><th class="invisible"/></tr></table><p class="totop"><a href="#summary">back to summary</a></p>
<h3 id="m20">com.javaproject.automationsqa.testcase.TestCase4LogOutUserTc#testCase4LogOutUserTc</h3><table class="result"><tr><th class="invisible"/></tr></table><p class="totop"><a href="#summary">back to summary</a></p>
<h3 id="m21">com.javaproject.automationsqa.testcase.TestCase5RegisterUserWithExistingEmailTc#testCase5RegisterUserWithExistingEmailTc</h3><table class="result"><tr><th class="invisible"/></tr></table><p class="totop"><a href="#summary">back to summary</a></p>
<h3 id="m22">com.javaproject.automationsqa.testcase.TestCase8VerifyAllProductsAndProductDetailTc#testCase8VerifyAllProductsAndProductDetailTc</h3><table class="result"><tr><th class="invisible"/></tr></table><p class="totop"><a href="#summary">back to summary</a></p>
<h3 id="m23">com.javaproject.automationsqa.testcase.TestCase9SearchProductTc#testCase9SearchProductTc</h3><table class="result"><tr><th class="invisible"/></tr></table><p class="totop"><a href="#summary">back to summary</a></p>
</body>
</html>
