<!DOCTYPE html>

<html>
  <head>
  <meta charset='utf-8'>
  <title>TestNG reports</title>

    <link type="text/css" href="testng-reports1.css" rel="stylesheet" id="ultra" />
    <link type="text/css" href="testng-reports.css" rel="stylesheet" id="retro" disabled="false"/>
    <script type="text/javascript" src="jquery-3.6.0.min.js"></script>
    <script type="text/javascript" src="testng-reports.js"></script>
    <script type="text/javascript" src="https://www.google.com/jsapi"></script>
    <script type='text/javascript'>
      google.load('visualization', '1', {packages:['table']});
      google.setOnLoadCallback(drawTable);
      var suiteTableInitFunctions = new Array();
      var suiteTableData = new Array();
    </script>
    <!--
      <script type="text/javascript" src="jquery-ui/js/jquery-ui-1.8.16.custom.min.js"></script>
     -->
  </head>

  <body>    <div class="top-banner-root">
      <span class="top-banner-title-font">Test results</span>
      <button id="button" class="button">Switch Retro Theme</button> <!-- button -->
      <br/>
      <span class="top-banner-font-1">1 suite, 5 failed tests</span>
    </div> <!-- top-banner-root -->
    <div class="navigator-root">
      <div class="navigator-suite-header">
        <span>All suites</span>
        <a href="#" title="Collapse/expand all the suites" class="collapse-all-link">
          <img src="collapseall.gif" class="collapse-all-icon">
          </img> <!-- collapse-all-icon -->
        </a> <!-- collapse-all-link -->
      </div> <!-- navigator-suite-header -->
      <div class="suite">
        <div class="rounded-window">
          <div class="suite-header light-rounded-window-top">
            <a href="#" panel-name="suite-Regression" class="navigator-link">
              <span class="suite-name border-failed">Regression</span>
            </a> <!-- navigator-link -->
          </div> <!-- suite-header light-rounded-window-top -->
          <div class="navigator-suite-content">
            <div class="suite-section-title">
              <span>Info</span>
            </div> <!-- suite-section-title -->
            <div class="suite-section-content">
              <ul>
                <li>
                  <a href="#" panel-name="test-xml-Regression" class="navigator-link ">
                    <span>E:\SQA Work GIT\github-asif\javasqaproject\automationsqa\testngSuite.xml</span>
                  </a> <!-- navigator-link  -->
                </li>
                <li>
                  <a href="#" panel-name="testlist-Regression" class="navigator-link ">
                    <span class="test-stats">1 test</span>
                  </a> <!-- navigator-link  -->
                </li>
                <li>
                  <a href="#" panel-name="group-Regression" class="navigator-link ">
                    <span>0 groups</span>
                  </a> <!-- navigator-link  -->
                </li>
                <li>
                  <a href="#" panel-name="times-Regression" class="navigator-link ">
                    <span>Times</span>
                  </a> <!-- navigator-link  -->
                </li>
                <li>
                  <a href="#" panel-name="reporter-Regression" class="navigator-link ">
                    <span>Reporter output</span>
                  </a> <!-- navigator-link  -->
                </li>
                <li>
                  <a href="#" panel-name="ignored-methods-Regression" class="navigator-link ">
                    <span>Ignored methods</span>
                  </a> <!-- navigator-link  -->
                </li>
                <li>
                  <a href="#" panel-name="chronological-Regression" class="navigator-link ">
                    <span>Chronological view</span>
                  </a> <!-- navigator-link  -->
                </li>
              </ul>
            </div> <!-- suite-section-content -->
            <div class="result-section">
              <div class="suite-section-title">
                <span>Results</span>
              </div> <!-- suite-section-title -->
              <div class="suite-section-content">
                <ul>
                  <li>
                    <span class="method-stats">24 methods, 5 failed,   19 passed</span>
                  </li>
                  <li>
                    <span class="method-list-title failed">Failed methods</span>
                    <span class="show-or-hide-methods failed">
                      <a href="#" panel-name="suite-Regression" class="hide-methods failed suite-Regression"> (hide)</a> <!-- hide-methods failed suite-Regression -->
                      <a href="#" panel-name="suite-Regression" class="show-methods failed suite-Regression"> (show)</a> <!-- show-methods failed suite-Regression -->
                    </span>
                    <div class="method-list-content failed suite-Regression">
                      <span>
                        <img src="failed.png" width="3%"/>
                        <a href="#" panel-name="suite-Regression" title="com.javaproject.automationsqa.testcase.TestCase14PlaceOrderRegisterWhileCheckoutTc" class="method navigator-link" hash-for-method="testCase14PlaceOrderRegisterWhileCheckoutTc">testCase14PlaceOrderRegisterWhileCheckoutTc</a> <!-- method navigator-link -->
                      </span>
                      <br/>
                      <span>
                        <img src="failed.png" width="3%"/>
                        <a href="#" panel-name="suite-Regression" title="com.javaproject.automationsqa.testcase.TestCase15PlaceOrderRegisterBeforeCheckoutTc" class="method navigator-link" hash-for-method="testCase15PlaceOrderRegisterBeforeCheckoutTc">testCase15PlaceOrderRegisterBeforeCheckoutTc</a> <!-- method navigator-link -->
                      </span>
                      <br/>
                      <span>
                        <img src="failed.png" width="3%"/>
                        <a href="#" panel-name="suite-Regression" title="com.javaproject.automationsqa.testcase.TestCase23VerifyAddressDetailsInCheckoutPageTc" class="method navigator-link" hash-for-method="testCase23VerifyAddressDetailsInCheckoutPageTc">testCase23VerifyAddressDetailsInCheckoutPageTc</a> <!-- method navigator-link -->
                      </span>
                      <br/>
                      <span>
                        <img src="failed.png" width="3%"/>
                        <a href="#" panel-name="suite-Regression" title="com.javaproject.automationsqa.testcase.TestCase24DownloadInvoiceAfterPurchaseOrderTc" class="method navigator-link" hash-for-method="testCase24DownloadInvoiceAfterPurchaseOrderTc">testCase24DownloadInvoiceAfterPurchaseOrderTc</a> <!-- method navigator-link -->
                      </span>
                      <br/>
                      <span>
                        <img src="failed.png" width="3%"/>
                        <a href="#" panel-name="suite-Regression" title="com.javaproject.automationsqa.testcase.TestCase6ContactUsFormTc" class="method navigator-link" hash-for-method="testCase6ContactUsFormTc">testCase6ContactUsFormTc</a> <!-- method navigator-link -->
                      </span>
                      <br/>
                    </div> <!-- method-list-content failed suite-Regression -->
                  </li>
                  <li>
                    <span class="method-list-title passed">Passed methods</span>
                    <span class="show-or-hide-methods passed">
                      <a href="#" panel-name="suite-Regression" class="hide-methods passed suite-Regression"> (hide)</a> <!-- hide-methods passed suite-Regression -->
                      <a href="#" panel-name="suite-Regression" class="show-methods passed suite-Regression"> (show)</a> <!-- show-methods passed suite-Regression -->
                    </span>
                    <div class="method-list-content passed suite-Regression">
                      <span>
                        <img src="passed.png" width="3%"/>
                        <a href="#" panel-name="suite-Regression" title="com.javaproject.automationsqa.testcase.TestCase10VerifySubscriptionInHomeTc" class="method navigator-link" hash-for-method="testCase10VerifySubscriptionInHomeTc">testCase10VerifySubscriptionInHomeTc</a> <!-- method navigator-link -->
                      </span>
                      <br/>
                      <span>
                        <img src="passed.png" width="3%"/>
                        <a href="#" panel-name="suite-Regression" title="com.javaproject.automationsqa.testcase.TestCase11VerifySubscriptionInCartTc" class="method navigator-link" hash-for-method="testCase11VerifySubscriptionInCartTc">testCase11VerifySubscriptionInCartTc</a> <!-- method navigator-link -->
                      </span>
                      <br/>
                      <span>
                        <img src="passed.png" width="3%"/>
                        <a href="#" panel-name="suite-Regression" title="com.javaproject.automationsqa.testcase.TestCase13VerifyProductQuantityInCartTc" class="method navigator-link" hash-for-method="testCase13VerifyProductQuantityInCartTc">testCase13VerifyProductQuantityInCartTc</a> <!-- method navigator-link -->
                      </span>
                      <br/>
                      <span>
                        <img src="passed.png" width="3%"/>
                        <a href="#" panel-name="suite-Regression" title="com.javaproject.automationsqa.testcase.TestCase16PlaceOrderLoginBeforeCheckoutTc" class="method navigator-link" hash-for-method="testCase16PlaceOrderLoginBeforeCheckoutTc">testCase16PlaceOrderLoginBeforeCheckoutTc</a> <!-- method navigator-link -->
                      </span>
                      <br/>
                      <span>
                        <img src="passed.png" width="3%"/>
                        <a href="#" panel-name="suite-Regression" title="com.javaproject.automationsqa.testcase.TestCase17RemoveProductsFromCartTc" class="method navigator-link" hash-for-method="testCase17RemoveProductsFromCartTc">testCase17RemoveProductsFromCartTc</a> <!-- method navigator-link -->
                      </span>
                      <br/>
                      <span>
                        <img src="passed.png" width="3%"/>
                        <a href="#" panel-name="suite-Regression" title="com.javaproject.automationsqa.testcase.TestCase18ViewCategoryProductsTc" class="method navigator-link" hash-for-method="testCase18ViewCategoryProductsTc">testCase18ViewCategoryProductsTc</a> <!-- method navigator-link -->
                      </span>
                      <br/>
                      <span>
                        <img src="passed.png" width="3%"/>
                        <a href="#" panel-name="suite-Regression" title="com.javaproject.automationsqa.testcase.TestCase19ViewAndCartBrandProductsTc" class="method navigator-link" hash-for-method="testCase19ViewAndCartBrandProductsTc">testCase19ViewAndCartBrandProductsTc</a> <!-- method navigator-link -->
                      </span>
                      <br/>
                      <span>
                        <img src="passed.png" width="3%"/>
                        <a href="#" panel-name="suite-Regression" title="com.javaproject.automationsqa.testcase.TestCase1RegisterUserTc" class="method navigator-link" hash-for-method="testCase1RegisterUserTc">testCase1RegisterUserTc</a> <!-- method navigator-link -->
                      </span>
                      <br/>
                      <span>
                        <img src="passed.png" width="3%"/>
                        <a href="#" panel-name="suite-Regression" title="com.javaproject.automationsqa.testcase.TestCase20SearchProductsAndVerifyCartAfterLoginTc" class="method navigator-link" hash-for-method="testCase20SearchProductsAndVerifyCartAfterLoginTc">testCase20SearchProductsAndVerifyCartAfterLoginTc</a> <!-- method navigator-link -->
                      </span>
                      <br/>
                      <span>
                        <img src="passed.png" width="3%"/>
                        <a href="#" panel-name="suite-Regression" title="com.javaproject.automationsqa.testcase.TestCase21AddReviewOnProductTc" class="method navigator-link" hash-for-method="testCase21AddReviewOnProductTc">testCase21AddReviewOnProductTc</a> <!-- method navigator-link -->
                      </span>
                      <br/>
                      <span>
                        <img src="passed.png" width="3%"/>
                        <a href="#" panel-name="suite-Regression" title="com.javaproject.automationsqa.testcase.TestCase22AddToCartFromRecommendedItemsTc" class="method navigator-link" hash-for-method="testCase22AddToCartFromRecommendedItemsTc">testCase22AddToCartFromRecommendedItemsTc</a> <!-- method navigator-link -->
                      </span>
                      <br/>
                      <span>
                        <img src="passed.png" width="3%"/>
                        <a href="#" panel-name="suite-Regression" title="com.javaproject.automationsqa.testcase.TestCase25VerifyScrollUpUsingArrowButtonAndScrollDownFunctionalityTc" class="method navigator-link" hash-for-method="testCase25VerifyScrollUpUsingArrowButtonAndScrollDownFunctionalityTc">testCase25VerifyScrollUpUsingArrowButtonAndScrollDownFunctionalityTc</a> <!-- method navigator-link -->
                      </span>
                      <br/>
                      <span>
                        <img src="passed.png" width="3%"/>
                        <a href="#" panel-name="suite-Regression" title="com.javaproject.automationsqa.testcase.TestCase26VerifyScrollUpWithoutArrowButtonAndScrollDownFunctionalityTc" class="method navigator-link" hash-for-method="testCase26VerifyScrollUpWithoutArrowButtonAndScrollDownFunctionalityTc">testCase26VerifyScrollUpWithoutArrowButtonAndScrollDownFunctionalityTc</a> <!-- method navigator-link -->
                      </span>
                      <br/>
                      <span>
                        <img src="passed.png" width="3%"/>
                        <a href="#" panel-name="suite-Regression" title="com.javaproject.automationsqa.testcase.TestCase2LogInWithCorrectEmailTc" class="method navigator-link" hash-for-method="testCase2LogInWithCorrectEmailTc">testCase2LogInWithCorrectEmailTc</a> <!-- method navigator-link -->
                      </span>
                      <br/>
                      <span>
                        <img src="passed.png" width="3%"/>
                        <a href="#" panel-name="suite-Regression" title="com.javaproject.automationsqa.testcase.TestCase3LogInWithInCorrectEmailTc" class="method navigator-link" hash-for-method="testCase3LogInWithInCorrectEmailTc">testCase3LogInWithInCorrectEmailTc</a> <!-- method navigator-link -->
                      </span>
                      <br/>
                      <span>
                        <img src="passed.png" width="3%"/>
                        <a href="#" panel-name="suite-Regression" title="com.javaproject.automationsqa.testcase.TestCase4LogOutUserTc" class="method navigator-link" hash-for-method="testCase4LogOutUserTc">testCase4LogOutUserTc</a> <!-- method navigator-link -->
                      </span>
                      <br/>
                      <span>
                        <img src="passed.png" width="3%"/>
                        <a href="#" panel-name="suite-Regression" title="com.javaproject.automationsqa.testcase.TestCase5RegisterUserWithExistingEmailTc" class="method navigator-link" hash-for-method="testCase5RegisterUserWithExistingEmailTc">testCase5RegisterUserWithExistingEmailTc</a> <!-- method navigator-link -->
                      </span>
                      <br/>
                      <span>
                        <img src="passed.png" width="3%"/>
                        <a href="#" panel-name="suite-Regression" title="com.javaproject.automationsqa.testcase.TestCase8VerifyAllProductsAndProductDetailTc" class="method navigator-link" hash-for-method="testCase8VerifyAllProductsAndProductDetailTc">testCase8VerifyAllProductsAndProductDetailTc</a> <!-- method navigator-link -->
                      </span>
                      <br/>
                      <span>
                        <img src="passed.png" width="3%"/>
                        <a href="#" panel-name="suite-Regression" title="com.javaproject.automationsqa.testcase.TestCase9SearchProductTc" class="method navigator-link" hash-for-method="testCase9SearchProductTc">testCase9SearchProductTc</a> <!-- method navigator-link -->
                      </span>
                      <br/>
                    </div> <!-- method-list-content passed suite-Regression -->
                  </li>
                </ul>
              </div> <!-- suite-section-content -->
            </div> <!-- result-section -->
          </div> <!-- navigator-suite-content -->
        </div> <!-- rounded-window -->
      </div> <!-- suite -->
    </div> <!-- navigator-root -->
    <div class="wrapper">
      <div class="main-panel-root">
        <div panel-name="suite-Regression" class="panel Regression">
          <div class="suite-Regression-class-failed">
            <div class="main-panel-header rounded-window-top">
              <img src="failed.png"/>
              <span class="class-name">com.javaproject.automationsqa.testcase.TestCase14PlaceOrderRegisterWhileCheckoutTc</span>
            </div> <!-- main-panel-header rounded-window-top -->
            <div class="main-panel-content rounded-window-bottom">
              <div class="method">
                <div class="method-content">
                  <a name="testCase14PlaceOrderRegisterWhileCheckoutTc">
                  </a> <!-- testCase14PlaceOrderRegisterWhileCheckoutTc -->
                  <span class="method-name">testCase14PlaceOrderRegisterWhileCheckoutTc</span>
                  <div class="stack-trace">org.openqa.selenium.NoSuchElementException: no such element: Unable to locate element: {&quot;method&quot;:&quot;xpath&quot;,&quot;selector&quot;:&quot;/html//section[@id=&apos;form&apos;]/div[@class=&apos;container&apos;]//form[@action=&apos;/signup&apos;]/div[1]/div[1]/label[@class=&apos;top&apos;]/div[@class=&apos;radio&apos;]//input[@name=&apos;title&apos;]&quot;}
  (Session info: chrome=102.0.5005.115)
For documentation on this error, please visit: http://seleniumhq.org/exceptions/no_such_element.html
Build info: version: &apos;3.141.5&apos;, revision: &apos;d54ebd709a&apos;, time: &apos;2018-11-06T11:42:16&apos;
System info: host: &apos;DESKTOP-BPA0BAS&apos;, ip: &apos;192.168.100.44&apos;, os.name: &apos;Windows 10&apos;, os.arch: &apos;amd64&apos;, os.version: &apos;10.0&apos;, java.version: &apos;11.0.13&apos;
Driver info: org.openqa.selenium.chrome.ChromeDriver
Capabilities {acceptInsecureCerts: false, browserName: chrome, browserVersion: 102.0.5005.115, chrome: {chromedriverVersion: 102.0.5005.61 (0e59bcc00cc4..., userDataDir: C:\Users\User\AppData\Local...}, goog:chromeOptions: {debuggerAddress: localhost:59403}, javascriptEnabled: true, networkConnectionEnabled: false, pageLoadStrategy: normal, platform: WINDOWS, platformName: WINDOWS, proxy: Proxy(), setWindowRect: true, strictFileInteractability: false, timeouts: {implicit: 0, pageLoad: 300000, script: 30000}, unhandledPromptBehavior: dismiss and notify, webauthn:extension:credBlob: true, webauthn:extension:largeBlob: true, webauthn:virtualAuthenticators: true}
Session ID: e7339137cf7a5d05722129be2d67f258
*** Element info: {Using=xpath, value=/html//section[@id=&apos;form&apos;]/div[@class=&apos;container&apos;]//form[@action=&apos;/signup&apos;]/div[1]/div[1]/label[@class=&apos;top&apos;]/div[@class=&apos;radio&apos;]//input[@name=&apos;title&apos;]}
	at org.openqa.selenium.remote.http.W3CHttpResponseCodec.createException(W3CHttpResponseCodec.java:187)
	at org.openqa.selenium.remote.http.W3CHttpResponseCodec.decode(W3CHttpResponseCodec.java:122)
	at org.openqa.selenium.remote.http.W3CHttpResponseCodec.decode(W3CHttpResponseCodec.java:49)
	at org.openqa.selenium.remote.HttpCommandExecutor.execute(HttpCommandExecutor.java:158)
	at org.openqa.selenium.remote.service.DriverCommandExecutor.execute(DriverCommandExecutor.java:83)
	at org.openqa.selenium.remote.RemoteWebDriver.execute(RemoteWebDriver.java:552)
	at org.openqa.selenium.remote.RemoteWebDriver.findElement(RemoteWebDriver.java:323)
	at org.openqa.selenium.remote.RemoteWebDriver.findElementByXPath(RemoteWebDriver.java:428)
	at org.openqa.selenium.By$ByXPath.findElement(By.java:353)
	at org.openqa.selenium.remote.RemoteWebDriver.findElement(RemoteWebDriver.java:315)
	at org.openqa.selenium.support.pagefactory.DefaultElementLocator.findElement(DefaultElementLocator.java:69)
	at org.openqa.selenium.support.pagefactory.internal.LocatingElementHandler.invoke(LocatingElementHandler.java:38)
	at com.sun.proxy.$Proxy10.click(Unknown Source)
	at com.javaproject.automationsqa.testcase.TestCase14PlaceOrderRegisterWhileCheckoutTc.testCase14PlaceOrderRegisterWhileCheckoutTc(TestCase14PlaceOrderRegisterWhileCheckoutTc.java:70)
	at java.base/java.util.ArrayList.forEach(ArrayList.java:1541)
... Removed 34 stack frames
</div> <!-- stack-trace -->
                </div> <!-- method-content -->
              </div> <!-- method -->
            </div> <!-- main-panel-content rounded-window-bottom -->
          </div> <!-- suite-Regression-class-failed -->
          <div class="suite-Regression-class-failed">
            <div class="main-panel-header rounded-window-top">
              <img src="failed.png"/>
              <span class="class-name">com.javaproject.automationsqa.testcase.TestCase6ContactUsFormTc</span>
            </div> <!-- main-panel-header rounded-window-top -->
            <div class="main-panel-content rounded-window-bottom">
              <div class="method">
                <div class="method-content">
                  <a name="testCase6ContactUsFormTc">
                  </a> <!-- testCase6ContactUsFormTc -->
                  <span class="method-name">testCase6ContactUsFormTc</span>
                  <div class="stack-trace">java.lang.AssertionError: expected [https://www.automationexercise.com/contact_us] but found [https://www.automationexercise.com/video_tutorials]
	at com.javaproject.automationsqa.testcase.TestCase6ContactUsFormTc.testCase6ContactUsFormTc(TestCase6ContactUsFormTc.java:21)
	at java.base/java.util.ArrayList.forEach(ArrayList.java:1541)
... Removed 36 stack frames
</div> <!-- stack-trace -->
                </div> <!-- method-content -->
              </div> <!-- method -->
            </div> <!-- main-panel-content rounded-window-bottom -->
          </div> <!-- suite-Regression-class-failed -->
          <div class="suite-Regression-class-failed">
            <div class="main-panel-header rounded-window-top">
              <img src="failed.png"/>
              <span class="class-name">com.javaproject.automationsqa.testcase.TestCase15PlaceOrderRegisterBeforeCheckoutTc</span>
            </div> <!-- main-panel-header rounded-window-top -->
            <div class="main-panel-content rounded-window-bottom">
              <div class="method">
                <div class="method-content">
                  <a name="testCase15PlaceOrderRegisterBeforeCheckoutTc">
                  </a> <!-- testCase15PlaceOrderRegisterBeforeCheckoutTc -->
                  <span class="method-name">testCase15PlaceOrderRegisterBeforeCheckoutTc</span>
                  <div class="stack-trace">org.openqa.selenium.NoSuchElementException: no such element: Unable to locate element: {&quot;method&quot;:&quot;xpath&quot;,&quot;selector&quot;:&quot;/html//section[@id=&apos;form&apos;]/div[@class=&apos;container&apos;]//form[@action=&apos;/signup&apos;]/div[1]/div[1]/label[@class=&apos;top&apos;]/div[@class=&apos;radio&apos;]//input[@name=&apos;title&apos;]&quot;}
  (Session info: chrome=102.0.5005.115)
For documentation on this error, please visit: http://seleniumhq.org/exceptions/no_such_element.html
Build info: version: &apos;3.141.5&apos;, revision: &apos;d54ebd709a&apos;, time: &apos;2018-11-06T11:42:16&apos;
System info: host: &apos;DESKTOP-BPA0BAS&apos;, ip: &apos;192.168.100.44&apos;, os.name: &apos;Windows 10&apos;, os.arch: &apos;amd64&apos;, os.version: &apos;10.0&apos;, java.version: &apos;11.0.13&apos;
Driver info: org.openqa.selenium.chrome.ChromeDriver
Capabilities {acceptInsecureCerts: false, browserName: chrome, browserVersion: 102.0.5005.115, chrome: {chromedriverVersion: 102.0.5005.61 (0e59bcc00cc4..., userDataDir: C:\Users\User\AppData\Local...}, goog:chromeOptions: {debuggerAddress: localhost:59460}, javascriptEnabled: true, networkConnectionEnabled: false, pageLoadStrategy: normal, platform: WINDOWS, platformName: WINDOWS, proxy: Proxy(), setWindowRect: true, strictFileInteractability: false, timeouts: {implicit: 0, pageLoad: 300000, script: 30000}, unhandledPromptBehavior: dismiss and notify, webauthn:extension:credBlob: true, webauthn:extension:largeBlob: true, webauthn:virtualAuthenticators: true}
Session ID: a7e4bd9099550387ded8e9b4024aa558
*** Element info: {Using=xpath, value=/html//section[@id=&apos;form&apos;]/div[@class=&apos;container&apos;]//form[@action=&apos;/signup&apos;]/div[1]/div[1]/label[@class=&apos;top&apos;]/div[@class=&apos;radio&apos;]//input[@name=&apos;title&apos;]}
	at org.openqa.selenium.remote.http.W3CHttpResponseCodec.createException(W3CHttpResponseCodec.java:187)
	at org.openqa.selenium.remote.http.W3CHttpResponseCodec.decode(W3CHttpResponseCodec.java:122)
	at org.openqa.selenium.remote.http.W3CHttpResponseCodec.decode(W3CHttpResponseCodec.java:49)
	at org.openqa.selenium.remote.HttpCommandExecutor.execute(HttpCommandExecutor.java:158)
	at org.openqa.selenium.remote.service.DriverCommandExecutor.execute(DriverCommandExecutor.java:83)
	at org.openqa.selenium.remote.RemoteWebDriver.execute(RemoteWebDriver.java:552)
	at org.openqa.selenium.remote.RemoteWebDriver.findElement(RemoteWebDriver.java:323)
	at org.openqa.selenium.remote.RemoteWebDriver.findElementByXPath(RemoteWebDriver.java:428)
	at org.openqa.selenium.By$ByXPath.findElement(By.java:353)
	at org.openqa.selenium.remote.RemoteWebDriver.findElement(RemoteWebDriver.java:315)
	at org.openqa.selenium.support.pagefactory.DefaultElementLocator.findElement(DefaultElementLocator.java:69)
	at org.openqa.selenium.support.pagefactory.internal.LocatingElementHandler.invoke(LocatingElementHandler.java:38)
	at com.sun.proxy.$Proxy10.click(Unknown Source)
	at com.javaproject.automationsqa.testcase.TestCase15PlaceOrderRegisterBeforeCheckoutTc.testCase15PlaceOrderRegisterBeforeCheckoutTc(TestCase15PlaceOrderRegisterBeforeCheckoutTc.java:46)
	at java.base/java.util.ArrayList.forEach(ArrayList.java:1541)
... Removed 34 stack frames
</div> <!-- stack-trace -->
                </div> <!-- method-content -->
              </div> <!-- method -->
            </div> <!-- main-panel-content rounded-window-bottom -->
          </div> <!-- suite-Regression-class-failed -->
          <div class="suite-Regression-class-failed">
            <div class="main-panel-header rounded-window-top">
              <img src="failed.png"/>
              <span class="class-name">com.javaproject.automationsqa.testcase.TestCase23VerifyAddressDetailsInCheckoutPageTc</span>
            </div> <!-- main-panel-header rounded-window-top -->
            <div class="main-panel-content rounded-window-bottom">
              <div class="method">
                <div class="method-content">
                  <a name="testCase23VerifyAddressDetailsInCheckoutPageTc">
                  </a> <!-- testCase23VerifyAddressDetailsInCheckoutPageTc -->
                  <span class="method-name">testCase23VerifyAddressDetailsInCheckoutPageTc</span>
                  <div class="stack-trace">org.openqa.selenium.NoSuchElementException: no such element: Unable to locate element: {&quot;method&quot;:&quot;xpath&quot;,&quot;selector&quot;:&quot;/html//section[@id=&apos;form&apos;]/div[@class=&apos;container&apos;]//form[@action=&apos;/signup&apos;]/div[1]/div[1]/label[@class=&apos;top&apos;]/div[@class=&apos;radio&apos;]//input[@name=&apos;title&apos;]&quot;}
  (Session info: chrome=102.0.5005.115)
For documentation on this error, please visit: http://seleniumhq.org/exceptions/no_such_element.html
Build info: version: &apos;3.141.5&apos;, revision: &apos;d54ebd709a&apos;, time: &apos;2018-11-06T11:42:16&apos;
System info: host: &apos;DESKTOP-BPA0BAS&apos;, ip: &apos;192.168.100.44&apos;, os.name: &apos;Windows 10&apos;, os.arch: &apos;amd64&apos;, os.version: &apos;10.0&apos;, java.version: &apos;11.0.13&apos;
Driver info: org.openqa.selenium.chrome.ChromeDriver
Capabilities {acceptInsecureCerts: false, browserName: chrome, browserVersion: 102.0.5005.115, chrome: {chromedriverVersion: 102.0.5005.61 (0e59bcc00cc4..., userDataDir: C:\Users\User\AppData\Local...}, goog:chromeOptions: {debuggerAddress: localhost:64687}, javascriptEnabled: true, networkConnectionEnabled: false, pageLoadStrategy: normal, platform: WINDOWS, platformName: WINDOWS, proxy: Proxy(), setWindowRect: true, strictFileInteractability: false, timeouts: {implicit: 0, pageLoad: 300000, script: 30000}, unhandledPromptBehavior: dismiss and notify, webauthn:extension:credBlob: true, webauthn:extension:largeBlob: true, webauthn:virtualAuthenticators: true}
Session ID: 370388e72d2171864ed3493745abb314
*** Element info: {Using=xpath, value=/html//section[@id=&apos;form&apos;]/div[@class=&apos;container&apos;]//form[@action=&apos;/signup&apos;]/div[1]/div[1]/label[@class=&apos;top&apos;]/div[@class=&apos;radio&apos;]//input[@name=&apos;title&apos;]}
	at org.openqa.selenium.remote.http.W3CHttpResponseCodec.createException(W3CHttpResponseCodec.java:187)
	at org.openqa.selenium.remote.http.W3CHttpResponseCodec.decode(W3CHttpResponseCodec.java:122)
	at org.openqa.selenium.remote.http.W3CHttpResponseCodec.decode(W3CHttpResponseCodec.java:49)
	at org.openqa.selenium.remote.HttpCommandExecutor.execute(HttpCommandExecutor.java:158)
	at org.openqa.selenium.remote.service.DriverCommandExecutor.execute(DriverCommandExecutor.java:83)
	at org.openqa.selenium.remote.RemoteWebDriver.execute(RemoteWebDriver.java:552)
	at org.openqa.selenium.remote.RemoteWebDriver.findElement(RemoteWebDriver.java:323)
	at org.openqa.selenium.remote.RemoteWebDriver.findElementByXPath(RemoteWebDriver.java:428)
	at org.openqa.selenium.By$ByXPath.findElement(By.java:353)
	at org.openqa.selenium.remote.RemoteWebDriver.findElement(RemoteWebDriver.java:315)
	at org.openqa.selenium.support.pagefactory.DefaultElementLocator.findElement(DefaultElementLocator.java:69)
	at org.openqa.selenium.support.pagefactory.internal.LocatingElementHandler.invoke(LocatingElementHandler.java:38)
	at com.sun.proxy.$Proxy10.click(Unknown Source)
	at com.javaproject.automationsqa.testcase.TestCase23VerifyAddressDetailsInCheckoutPageTc.testCase23VerifyAddressDetailsInCheckoutPageTc(TestCase23VerifyAddressDetailsInCheckoutPageTc.java:38)
	at java.base/java.util.ArrayList.forEach(ArrayList.java:1541)
... Removed 34 stack frames
</div> <!-- stack-trace -->
                </div> <!-- method-content -->
              </div> <!-- method -->
            </div> <!-- main-panel-content rounded-window-bottom -->
          </div> <!-- suite-Regression-class-failed -->
          <div class="suite-Regression-class-failed">
            <div class="main-panel-header rounded-window-top">
              <img src="failed.png"/>
              <span class="class-name">com.javaproject.automationsqa.testcase.TestCase24DownloadInvoiceAfterPurchaseOrderTc</span>
            </div> <!-- main-panel-header rounded-window-top -->
            <div class="main-panel-content rounded-window-bottom">
              <div class="method">
                <div class="method-content">
                  <a name="testCase24DownloadInvoiceAfterPurchaseOrderTc">
                  </a> <!-- testCase24DownloadInvoiceAfterPurchaseOrderTc -->
                  <span class="method-name">testCase24DownloadInvoiceAfterPurchaseOrderTc</span>
                  <div class="stack-trace">org.openqa.selenium.NoSuchElementException: no such element: Unable to locate element: {&quot;method&quot;:&quot;xpath&quot;,&quot;selector&quot;:&quot;/html//section[@id=&apos;form&apos;]/div[@class=&apos;container&apos;]//form[@action=&apos;/signup&apos;]/div[1]/div[1]/label[@class=&apos;top&apos;]/div[@class=&apos;radio&apos;]//input[@name=&apos;title&apos;]&quot;}
  (Session info: chrome=102.0.5005.115)
For documentation on this error, please visit: http://seleniumhq.org/exceptions/no_such_element.html
Build info: version: &apos;3.141.5&apos;, revision: &apos;d54ebd709a&apos;, time: &apos;2018-11-06T11:42:16&apos;
System info: host: &apos;DESKTOP-BPA0BAS&apos;, ip: &apos;192.168.100.44&apos;, os.name: &apos;Windows 10&apos;, os.arch: &apos;amd64&apos;, os.version: &apos;10.0&apos;, java.version: &apos;11.0.13&apos;
Driver info: org.openqa.selenium.chrome.ChromeDriver
Capabilities {acceptInsecureCerts: false, browserName: chrome, browserVersion: 102.0.5005.115, chrome: {chromedriverVersion: 102.0.5005.61 (0e59bcc00cc4..., userDataDir: C:\Users\User\AppData\Local...}, goog:chromeOptions: {debuggerAddress: localhost:64737}, javascriptEnabled: true, networkConnectionEnabled: false, pageLoadStrategy: normal, platform: WINDOWS, platformName: WINDOWS, proxy: Proxy(), setWindowRect: true, strictFileInteractability: false, timeouts: {implicit: 0, pageLoad: 300000, script: 30000}, unhandledPromptBehavior: dismiss and notify, webauthn:extension:credBlob: true, webauthn:extension:largeBlob: true, webauthn:virtualAuthenticators: true}
Session ID: 750aadda71799800df0f7066837aad96
*** Element info: {Using=xpath, value=/html//section[@id=&apos;form&apos;]/div[@class=&apos;container&apos;]//form[@action=&apos;/signup&apos;]/div[1]/div[1]/label[@class=&apos;top&apos;]/div[@class=&apos;radio&apos;]//input[@name=&apos;title&apos;]}
	at org.openqa.selenium.remote.http.W3CHttpResponseCodec.createException(W3CHttpResponseCodec.java:187)
	at org.openqa.selenium.remote.http.W3CHttpResponseCodec.decode(W3CHttpResponseCodec.java:122)
	at org.openqa.selenium.remote.http.W3CHttpResponseCodec.decode(W3CHttpResponseCodec.java:49)
	at org.openqa.selenium.remote.HttpCommandExecutor.execute(HttpCommandExecutor.java:158)
	at org.openqa.selenium.remote.service.DriverCommandExecutor.execute(DriverCommandExecutor.java:83)
	at org.openqa.selenium.remote.RemoteWebDriver.execute(RemoteWebDriver.java:552)
	at org.openqa.selenium.remote.RemoteWebDriver.findElement(RemoteWebDriver.java:323)
	at org.openqa.selenium.remote.RemoteWebDriver.findElementByXPath(RemoteWebDriver.java:428)
	at org.openqa.selenium.By$ByXPath.findElement(By.java:353)
	at org.openqa.selenium.remote.RemoteWebDriver.findElement(RemoteWebDriver.java:315)
	at org.openqa.selenium.support.pagefactory.DefaultElementLocator.findElement(DefaultElementLocator.java:69)
	at org.openqa.selenium.support.pagefactory.internal.LocatingElementHandler.invoke(LocatingElementHandler.java:38)
	at com.sun.proxy.$Proxy10.click(Unknown Source)
	at com.javaproject.automationsqa.testcase.TestCase24DownloadInvoiceAfterPurchaseOrderTc.testCase24DownloadInvoiceAfterPurchaseOrderTc(TestCase24DownloadInvoiceAfterPurchaseOrderTc.java:74)
	at java.base/java.util.ArrayList.forEach(ArrayList.java:1541)
... Removed 34 stack frames
</div> <!-- stack-trace -->
                </div> <!-- method-content -->
              </div> <!-- method -->
            </div> <!-- main-panel-content rounded-window-bottom -->
          </div> <!-- suite-Regression-class-failed -->
          <div class="suite-Regression-class-passed">
            <div class="main-panel-header rounded-window-top">
              <img src="passed.png"/>
              <span class="class-name">com.javaproject.automationsqa.testcase.TestCase1RegisterUserTc</span>
            </div> <!-- main-panel-header rounded-window-top -->
            <div class="main-panel-content rounded-window-bottom">
              <div class="method">
                <div class="method-content">
                  <a name="testCase1RegisterUserTc">
                  </a> <!-- testCase1RegisterUserTc -->
                  <span class="method-name">testCase1RegisterUserTc</span>
                </div> <!-- method-content -->
              </div> <!-- method -->
            </div> <!-- main-panel-content rounded-window-bottom -->
          </div> <!-- suite-Regression-class-passed -->
          <div class="suite-Regression-class-passed">
            <div class="main-panel-header rounded-window-top">
              <img src="passed.png"/>
              <span class="class-name">com.javaproject.automationsqa.testcase.TestCase10VerifySubscriptionInHomeTc</span>
            </div> <!-- main-panel-header rounded-window-top -->
            <div class="main-panel-content rounded-window-bottom">
              <div class="method">
                <div class="method-content">
                  <a name="testCase10VerifySubscriptionInHomeTc">
                  </a> <!-- testCase10VerifySubscriptionInHomeTc -->
                  <span class="method-name">testCase10VerifySubscriptionInHomeTc</span>
                </div> <!-- method-content -->
              </div> <!-- method -->
            </div> <!-- main-panel-content rounded-window-bottom -->
          </div> <!-- suite-Regression-class-passed -->
          <div class="suite-Regression-class-passed">
            <div class="main-panel-header rounded-window-top">
              <img src="passed.png"/>
              <span class="class-name">com.javaproject.automationsqa.testcase.TestCase20SearchProductsAndVerifyCartAfterLoginTc</span>
            </div> <!-- main-panel-header rounded-window-top -->
            <div class="main-panel-content rounded-window-bottom">
              <div class="method">
                <div class="method-content">
                  <a name="testCase20SearchProductsAndVerifyCartAfterLoginTc">
                  </a> <!-- testCase20SearchProductsAndVerifyCartAfterLoginTc -->
                  <span class="method-name">testCase20SearchProductsAndVerifyCartAfterLoginTc</span>
                </div> <!-- method-content -->
              </div> <!-- method -->
            </div> <!-- main-panel-content rounded-window-bottom -->
          </div> <!-- suite-Regression-class-passed -->
          <div class="suite-Regression-class-passed">
            <div class="main-panel-header rounded-window-top">
              <img src="passed.png"/>
              <span class="class-name">com.javaproject.automationsqa.testcase.TestCase21AddReviewOnProductTc</span>
            </div> <!-- main-panel-header rounded-window-top -->
            <div class="main-panel-content rounded-window-bottom">
              <div class="method">
                <div class="method-content">
                  <a name="testCase21AddReviewOnProductTc">
                  </a> <!-- testCase21AddReviewOnProductTc -->
                  <span class="method-name">testCase21AddReviewOnProductTc</span>
                </div> <!-- method-content -->
              </div> <!-- method -->
            </div> <!-- main-panel-content rounded-window-bottom -->
          </div> <!-- suite-Regression-class-passed -->
          <div class="suite-Regression-class-passed">
            <div class="main-panel-header rounded-window-top">
              <img src="passed.png"/>
              <span class="class-name">com.javaproject.automationsqa.testcase.TestCase9SearchProductTc</span>
            </div> <!-- main-panel-header rounded-window-top -->
            <div class="main-panel-content rounded-window-bottom">
              <div class="method">
                <div class="method-content">
                  <a name="testCase9SearchProductTc">
                  </a> <!-- testCase9SearchProductTc -->
                  <span class="method-name">testCase9SearchProductTc</span>
                </div> <!-- method-content -->
              </div> <!-- method -->
            </div> <!-- main-panel-content rounded-window-bottom -->
          </div> <!-- suite-Regression-class-passed -->
          <div class="suite-Regression-class-passed">
            <div class="main-panel-header rounded-window-top">
              <img src="passed.png"/>
              <span class="class-name">com.javaproject.automationsqa.testcase.TestCase5RegisterUserWithExistingEmailTc</span>
            </div> <!-- main-panel-header rounded-window-top -->
            <div class="main-panel-content rounded-window-bottom">
              <div class="method">
                <div class="method-content">
                  <a name="testCase5RegisterUserWithExistingEmailTc">
                  </a> <!-- testCase5RegisterUserWithExistingEmailTc -->
                  <span class="method-name">testCase5RegisterUserWithExistingEmailTc</span>
                </div> <!-- method-content -->
              </div> <!-- method -->
            </div> <!-- main-panel-content rounded-window-bottom -->
          </div> <!-- suite-Regression-class-passed -->
          <div class="suite-Regression-class-passed">
            <div class="main-panel-header rounded-window-top">
              <img src="passed.png"/>
              <span class="class-name">com.javaproject.automationsqa.testcase.TestCase13VerifyProductQuantityInCartTc</span>
            </div> <!-- main-panel-header rounded-window-top -->
            <div class="main-panel-content rounded-window-bottom">
              <div class="method">
                <div class="method-content">
                  <a name="testCase13VerifyProductQuantityInCartTc">
                  </a> <!-- testCase13VerifyProductQuantityInCartTc -->
                  <span class="method-name">testCase13VerifyProductQuantityInCartTc</span>
                </div> <!-- method-content -->
              </div> <!-- method -->
            </div> <!-- main-panel-content rounded-window-bottom -->
          </div> <!-- suite-Regression-class-passed -->
          <div class="suite-Regression-class-passed">
            <div class="main-panel-header rounded-window-top">
              <img src="passed.png"/>
              <span class="class-name">com.javaproject.automationsqa.testcase.TestCase25VerifyScrollUpUsingArrowButtonAndScrollDownFunctionalityTc</span>
            </div> <!-- main-panel-header rounded-window-top -->
            <div class="main-panel-content rounded-window-bottom">
              <div class="method">
                <div class="method-content">
                  <a name="testCase25VerifyScrollUpUsingArrowButtonAndScrollDownFunctionalityTc">
                  </a> <!-- testCase25VerifyScrollUpUsingArrowButtonAndScrollDownFunctionalityTc -->
                  <span class="method-name">testCase25VerifyScrollUpUsingArrowButtonAndScrollDownFunctionalityTc</span>
                </div> <!-- method-content -->
              </div> <!-- method -->
            </div> <!-- main-panel-content rounded-window-bottom -->
          </div> <!-- suite-Regression-class-passed -->
          <div class="suite-Regression-class-passed">
            <div class="main-panel-header rounded-window-top">
              <img src="passed.png"/>
              <span class="class-name">com.javaproject.automationsqa.testcase.TestCase8VerifyAllProductsAndProductDetailTc</span>
            </div> <!-- main-panel-header rounded-window-top -->
            <div class="main-panel-content rounded-window-bottom">
              <div class="method">
                <div class="method-content">
                  <a name="testCase8VerifyAllProductsAndProductDetailTc">
                  </a> <!-- testCase8VerifyAllProductsAndProductDetailTc -->
                  <span class="method-name">testCase8VerifyAllProductsAndProductDetailTc</span>
                </div> <!-- method-content -->
              </div> <!-- method -->
            </div> <!-- main-panel-content rounded-window-bottom -->
          </div> <!-- suite-Regression-class-passed -->
          <div class="suite-Regression-class-passed">
            <div class="main-panel-header rounded-window-top">
              <img src="passed.png"/>
              <span class="class-name">com.javaproject.automationsqa.testcase.TestCase16PlaceOrderLoginBeforeCheckoutTc</span>
            </div> <!-- main-panel-header rounded-window-top -->
            <div class="main-panel-content rounded-window-bottom">
              <div class="method">
                <div class="method-content">
                  <a name="testCase16PlaceOrderLoginBeforeCheckoutTc">
                  </a> <!-- testCase16PlaceOrderLoginBeforeCheckoutTc -->
                  <span class="method-name">testCase16PlaceOrderLoginBeforeCheckoutTc</span>
                </div> <!-- method-content -->
              </div> <!-- method -->
            </div> <!-- main-panel-content rounded-window-bottom -->
          </div> <!-- suite-Regression-class-passed -->
          <div class="suite-Regression-class-passed">
            <div class="main-panel-header rounded-window-top">
              <img src="passed.png"/>
              <span class="class-name">com.javaproject.automationsqa.testcase.TestCase17RemoveProductsFromCartTc</span>
            </div> <!-- main-panel-header rounded-window-top -->
            <div class="main-panel-content rounded-window-bottom">
              <div class="method">
                <div class="method-content">
                  <a name="testCase17RemoveProductsFromCartTc">
                  </a> <!-- testCase17RemoveProductsFromCartTc -->
                  <span class="method-name">testCase17RemoveProductsFromCartTc</span>
                </div> <!-- method-content -->
              </div> <!-- method -->
            </div> <!-- main-panel-content rounded-window-bottom -->
          </div> <!-- suite-Regression-class-passed -->
          <div class="suite-Regression-class-passed">
            <div class="main-panel-header rounded-window-top">
              <img src="passed.png"/>
              <span class="class-name">com.javaproject.automationsqa.testcase.TestCase2LogInWithCorrectEmailTc</span>
            </div> <!-- main-panel-header rounded-window-top -->
            <div class="main-panel-content rounded-window-bottom">
              <div class="method">
                <div class="method-content">
                  <a name="testCase2LogInWithCorrectEmailTc">
                  </a> <!-- testCase2LogInWithCorrectEmailTc -->
                  <span class="method-name">testCase2LogInWithCorrectEmailTc</span>
                </div> <!-- method-content -->
              </div> <!-- method -->
            </div> <!-- main-panel-content rounded-window-bottom -->
          </div> <!-- suite-Regression-class-passed -->
          <div class="suite-Regression-class-passed">
            <div class="main-panel-header rounded-window-top">
              <img src="passed.png"/>
              <span class="class-name">com.javaproject.automationsqa.testcase.TestCase4LogOutUserTc</span>
            </div> <!-- main-panel-header rounded-window-top -->
            <div class="main-panel-content rounded-window-bottom">
              <div class="method">
                <div class="method-content">
                  <a name="testCase4LogOutUserTc">
                  </a> <!-- testCase4LogOutUserTc -->
                  <span class="method-name">testCase4LogOutUserTc</span>
                </div> <!-- method-content -->
              </div> <!-- method -->
            </div> <!-- main-panel-content rounded-window-bottom -->
          </div> <!-- suite-Regression-class-passed -->
          <div class="suite-Regression-class-passed">
            <div class="main-panel-header rounded-window-top">
              <img src="passed.png"/>
              <span class="class-name">com.javaproject.automationsqa.testcase.TestCase11VerifySubscriptionInCartTc</span>
            </div> <!-- main-panel-header rounded-window-top -->
            <div class="main-panel-content rounded-window-bottom">
              <div class="method">
                <div class="method-content">
                  <a name="testCase11VerifySubscriptionInCartTc">
                  </a> <!-- testCase11VerifySubscriptionInCartTc -->
                  <span class="method-name">testCase11VerifySubscriptionInCartTc</span>
                </div> <!-- method-content -->
              </div> <!-- method -->
            </div> <!-- main-panel-content rounded-window-bottom -->
          </div> <!-- suite-Regression-class-passed -->
          <div class="suite-Regression-class-passed">
            <div class="main-panel-header rounded-window-top">
              <img src="passed.png"/>
              <span class="class-name">com.javaproject.automationsqa.testcase.TestCase22AddToCartFromRecommendedItemsTc</span>
            </div> <!-- main-panel-header rounded-window-top -->
            <div class="main-panel-content rounded-window-bottom">
              <div class="method">
                <div class="method-content">
                  <a name="testCase22AddToCartFromRecommendedItemsTc">
                  </a> <!-- testCase22AddToCartFromRecommendedItemsTc -->
                  <span class="method-name">testCase22AddToCartFromRecommendedItemsTc</span>
                </div> <!-- method-content -->
              </div> <!-- method -->
            </div> <!-- main-panel-content rounded-window-bottom -->
          </div> <!-- suite-Regression-class-passed -->
          <div class="suite-Regression-class-passed">
            <div class="main-panel-header rounded-window-top">
              <img src="passed.png"/>
              <span class="class-name">com.javaproject.automationsqa.testcase.TestCase18ViewCategoryProductsTc</span>
            </div> <!-- main-panel-header rounded-window-top -->
            <div class="main-panel-content rounded-window-bottom">
              <div class="method">
                <div class="method-content">
                  <a name="testCase18ViewCategoryProductsTc">
                  </a> <!-- testCase18ViewCategoryProductsTc -->
                  <span class="method-name">testCase18ViewCategoryProductsTc</span>
                </div> <!-- method-content -->
              </div> <!-- method -->
            </div> <!-- main-panel-content rounded-window-bottom -->
          </div> <!-- suite-Regression-class-passed -->
          <div class="suite-Regression-class-passed">
            <div class="main-panel-header rounded-window-top">
              <img src="passed.png"/>
              <span class="class-name">com.javaproject.automationsqa.testcase.TestCase19ViewAndCartBrandProductsTc</span>
            </div> <!-- main-panel-header rounded-window-top -->
            <div class="main-panel-content rounded-window-bottom">
              <div class="method">
                <div class="method-content">
                  <a name="testCase19ViewAndCartBrandProductsTc">
                  </a> <!-- testCase19ViewAndCartBrandProductsTc -->
                  <span class="method-name">testCase19ViewAndCartBrandProductsTc</span>
                </div> <!-- method-content -->
              </div> <!-- method -->
            </div> <!-- main-panel-content rounded-window-bottom -->
          </div> <!-- suite-Regression-class-passed -->
          <div class="suite-Regression-class-passed">
            <div class="main-panel-header rounded-window-top">
              <img src="passed.png"/>
              <span class="class-name">com.javaproject.automationsqa.testcase.TestCase3LogInWithInCorrectEmailTc</span>
            </div> <!-- main-panel-header rounded-window-top -->
            <div class="main-panel-content rounded-window-bottom">
              <div class="method">
                <div class="method-content">
                  <a name="testCase3LogInWithInCorrectEmailTc">
                  </a> <!-- testCase3LogInWithInCorrectEmailTc -->
                  <span class="method-name">testCase3LogInWithInCorrectEmailTc</span>
                </div> <!-- method-content -->
              </div> <!-- method -->
            </div> <!-- main-panel-content rounded-window-bottom -->
          </div> <!-- suite-Regression-class-passed -->
          <div class="suite-Regression-class-passed">
            <div class="main-panel-header rounded-window-top">
              <img src="passed.png"/>
              <span class="class-name">com.javaproject.automationsqa.testcase.TestCase26VerifyScrollUpWithoutArrowButtonAndScrollDownFunctionalityTc</span>
            </div> <!-- main-panel-header rounded-window-top -->
            <div class="main-panel-content rounded-window-bottom">
              <div class="method">
                <div class="method-content">
                  <a name="testCase26VerifyScrollUpWithoutArrowButtonAndScrollDownFunctionalityTc">
                  </a> <!-- testCase26VerifyScrollUpWithoutArrowButtonAndScrollDownFunctionalityTc -->
                  <span class="method-name">testCase26VerifyScrollUpWithoutArrowButtonAndScrollDownFunctionalityTc</span>
                </div> <!-- method-content -->
              </div> <!-- method -->
            </div> <!-- main-panel-content rounded-window-bottom -->
          </div> <!-- suite-Regression-class-passed -->
        </div> <!-- panel Regression -->
        <div panel-name="test-xml-Regression" class="panel">
          <div class="main-panel-header rounded-window-top">
            <span class="header-content">E:\SQA Work GIT\github-asif\javasqaproject\automationsqa\testngSuite.xml</span>
          </div> <!-- main-panel-header rounded-window-top -->
          <div class="main-panel-content rounded-window-bottom">
            <pre>
&lt;?xml version=&quot;1.0&quot; encoding=&quot;UTF-8&quot;?&gt;
&lt;!DOCTYPE suite SYSTEM &quot;https://testng.org/testng-1.0.dtd&quot;&gt;
&lt;suite name=&quot;Regression&quot; guice-stage=&quot;DEVELOPMENT&quot; verbose=&quot;0&quot;&gt;
  &lt;test thread-count=&quot;5&quot; name=&quot;UITest&quot; verbose=&quot;0&quot;&gt;
    &lt;classes&gt;
      &lt;class name=&quot;com.javaproject.automationsqa.testcase.TestCase1RegisterUserTc&quot;&gt;
        &lt;methods&gt;
          &lt;include name=&quot;testCase1RegisterUserTc&quot;/&gt;
        &lt;/methods&gt;
      &lt;/class&gt; &lt;!-- com.javaproject.automationsqa.testcase.TestCase1RegisterUserTc --&gt;
      &lt;class name=&quot;com.javaproject.automationsqa.testcase.TestCase2LogInWithCorrectEmailTc&quot;&gt;
        &lt;methods&gt;
          &lt;include name=&quot;testCase2LogInWithCorrectEmailTc&quot;/&gt;
        &lt;/methods&gt;
      &lt;/class&gt; &lt;!-- com.javaproject.automationsqa.testcase.TestCase2LogInWithCorrectEmailTc --&gt;
      &lt;class name=&quot;com.javaproject.automationsqa.testcase.TestCase3LogInWithInCorrectEmailTc&quot;&gt;
        &lt;methods&gt;
          &lt;include name=&quot;testCase3LogInWithInCorrectEmailTc&quot;/&gt;
        &lt;/methods&gt;
      &lt;/class&gt; &lt;!-- com.javaproject.automationsqa.testcase.TestCase3LogInWithInCorrectEmailTc --&gt;
      &lt;class name=&quot;com.javaproject.automationsqa.testcase.TestCase4LogOutUserTc&quot;&gt;
        &lt;methods&gt;
          &lt;include name=&quot;testCase4LogOutUserTc&quot;/&gt;
        &lt;/methods&gt;
      &lt;/class&gt; &lt;!-- com.javaproject.automationsqa.testcase.TestCase4LogOutUserTc --&gt;
      &lt;class name=&quot;com.javaproject.automationsqa.testcase.TestCase5RegisterUserWithExistingEmailTc&quot;&gt;
        &lt;methods&gt;
          &lt;include name=&quot;testCase5RegisterUserWithExistingEmailTc&quot;/&gt;
        &lt;/methods&gt;
      &lt;/class&gt; &lt;!-- com.javaproject.automationsqa.testcase.TestCase5RegisterUserWithExistingEmailTc --&gt;
      &lt;class name=&quot;com.javaproject.automationsqa.testcase.TestCase6ContactUsFormTc&quot;&gt;
        &lt;methods&gt;
          &lt;include name=&quot;testCase6ContactUsFormTc&quot;/&gt;
        &lt;/methods&gt;
      &lt;/class&gt; &lt;!-- com.javaproject.automationsqa.testcase.TestCase6ContactUsFormTc --&gt;
      &lt;class name=&quot;com.javaproject.automationsqa.testcase.TestCase7VerifyTestCasesTc&quot;&gt;
        &lt;methods&gt;
          &lt;include name=&quot;testCase7VerifyTestCasesTc&quot;/&gt;
        &lt;/methods&gt;
      &lt;/class&gt; &lt;!-- com.javaproject.automationsqa.testcase.TestCase7VerifyTestCasesTc --&gt;
      &lt;class name=&quot;com.javaproject.automationsqa.testcase.TestCase8VerifyAllProductsAndProductDetailTc&quot;&gt;
        &lt;methods&gt;
          &lt;include name=&quot;testCase8VerifyAllProductsAndProductDetailTc&quot;/&gt;
        &lt;/methods&gt;
      &lt;/class&gt; &lt;!-- com.javaproject.automationsqa.testcase.TestCase8VerifyAllProductsAndProductDetailTc --&gt;
      &lt;class name=&quot;com.javaproject.automationsqa.testcase.TestCase9SearchProductTc&quot;&gt;
        &lt;methods&gt;
          &lt;include name=&quot;testCase9SearchProductTc&quot;/&gt;
        &lt;/methods&gt;
      &lt;/class&gt; &lt;!-- com.javaproject.automationsqa.testcase.TestCase9SearchProductTc --&gt;
      &lt;class name=&quot;com.javaproject.automationsqa.testcase.TestCase10VerifySubscriptionInHomeTc&quot;&gt;
        &lt;methods&gt;
          &lt;include name=&quot;testCase10VerifySubscriptionInHomeTc&quot;/&gt;
        &lt;/methods&gt;
      &lt;/class&gt; &lt;!-- com.javaproject.automationsqa.testcase.TestCase10VerifySubscriptionInHomeTc --&gt;
      &lt;class name=&quot;com.javaproject.automationsqa.testcase.TestCase11VerifySubscriptionInCartTc&quot;&gt;
        &lt;methods&gt;
          &lt;include name=&quot;testCase11VerifySubscriptionInCartTc&quot;/&gt;
        &lt;/methods&gt;
      &lt;/class&gt; &lt;!-- com.javaproject.automationsqa.testcase.TestCase11VerifySubscriptionInCartTc --&gt;
      &lt;class name=&quot;com.javaproject.automationsqa.testcase.TestCase12AddProductsInCartTc&quot;&gt;
        &lt;methods&gt;
          &lt;include name=&quot;testCase12AddProductsInCartTc&quot;/&gt;
        &lt;/methods&gt;
      &lt;/class&gt; &lt;!-- com.javaproject.automationsqa.testcase.TestCase12AddProductsInCartTc --&gt;
      &lt;class name=&quot;com.javaproject.automationsqa.testcase.TestCase13VerifyProductQuantityInCartTc&quot;&gt;
        &lt;methods&gt;
          &lt;include name=&quot;testCase13VerifyProductQuantityInCartTc&quot;/&gt;
        &lt;/methods&gt;
      &lt;/class&gt; &lt;!-- com.javaproject.automationsqa.testcase.TestCase13VerifyProductQuantityInCartTc --&gt;
      &lt;class name=&quot;com.javaproject.automationsqa.testcase.TestCase14PlaceOrderRegisterWhileCheckoutTc&quot;&gt;
        &lt;methods&gt;
          &lt;include name=&quot;testCase14PlaceOrderRegisterWhileCheckoutTc&quot;/&gt;
        &lt;/methods&gt;
      &lt;/class&gt; &lt;!-- com.javaproject.automationsqa.testcase.TestCase14PlaceOrderRegisterWhileCheckoutTc --&gt;
      &lt;class name=&quot;com.javaproject.automationsqa.testcase.TestCase15PlaceOrderRegisterBeforeCheckoutTc&quot;&gt;
        &lt;methods&gt;
          &lt;include name=&quot;testCase15PlaceOrderRegisterBeforeCheckoutTc&quot;/&gt;
        &lt;/methods&gt;
      &lt;/class&gt; &lt;!-- com.javaproject.automationsqa.testcase.TestCase15PlaceOrderRegisterBeforeCheckoutTc --&gt;
      &lt;class name=&quot;com.javaproject.automationsqa.testcase.TestCase16PlaceOrderLoginBeforeCheckoutTc&quot;&gt;
        &lt;methods&gt;
          &lt;include name=&quot;testCase16PlaceOrderLoginBeforeCheckoutTc&quot;/&gt;
        &lt;/methods&gt;
      &lt;/class&gt; &lt;!-- com.javaproject.automationsqa.testcase.TestCase16PlaceOrderLoginBeforeCheckoutTc --&gt;
      &lt;class name=&quot;com.javaproject.automationsqa.testcase.TestCase17RemoveProductsFromCartTc&quot;&gt;
        &lt;methods&gt;
          &lt;include name=&quot;testCase17RemoveProductsFromCartTc&quot;/&gt;
        &lt;/methods&gt;
      &lt;/class&gt; &lt;!-- com.javaproject.automationsqa.testcase.TestCase17RemoveProductsFromCartTc --&gt;
      &lt;class name=&quot;com.javaproject.automationsqa.testcase.TestCase18ViewCategoryProductsTc&quot;&gt;
        &lt;methods&gt;
          &lt;include name=&quot;testCase18ViewCategoryProductsTc&quot;/&gt;
        &lt;/methods&gt;
      &lt;/class&gt; &lt;!-- com.javaproject.automationsqa.testcase.TestCase18ViewCategoryProductsTc --&gt;
      &lt;class name=&quot;com.javaproject.automationsqa.testcase.TestCase19ViewAndCartBrandProductsTc&quot;&gt;
        &lt;methods&gt;
          &lt;include name=&quot;testCase19ViewAndCartBrandProductsTc&quot;/&gt;
        &lt;/methods&gt;
      &lt;/class&gt; &lt;!-- com.javaproject.automationsqa.testcase.TestCase19ViewAndCartBrandProductsTc --&gt;
      &lt;class name=&quot;com.javaproject.automationsqa.testcase.TestCase20SearchProductsAndVerifyCartAfterLoginTc&quot;&gt;
        &lt;methods&gt;
          &lt;include name=&quot;testCase20SearchProductsAndVerifyCartAfterLoginTc&quot;/&gt;
        &lt;/methods&gt;
      &lt;/class&gt; &lt;!-- com.javaproject.automationsqa.testcase.TestCase20SearchProductsAndVerifyCartAfterLoginTc --&gt;
      &lt;class name=&quot;com.javaproject.automationsqa.testcase.TestCase21AddReviewOnProductTc&quot;&gt;
        &lt;methods&gt;
          &lt;include name=&quot;testCase21AddReviewOnProductTc&quot;/&gt;
        &lt;/methods&gt;
      &lt;/class&gt; &lt;!-- com.javaproject.automationsqa.testcase.TestCase21AddReviewOnProductTc --&gt;
      &lt;class name=&quot;com.javaproject.automationsqa.testcase.TestCase22AddToCartFromRecommendedItemsTc&quot;&gt;
        &lt;methods&gt;
          &lt;include name=&quot;testCase22AddToCartFromRecommendedItemsTc&quot;/&gt;
        &lt;/methods&gt;
      &lt;/class&gt; &lt;!-- com.javaproject.automationsqa.testcase.TestCase22AddToCartFromRecommendedItemsTc --&gt;
      &lt;class name=&quot;com.javaproject.automationsqa.testcase.TestCase23VerifyAddressDetailsInCheckoutPageTc&quot;&gt;
        &lt;methods&gt;
          &lt;include name=&quot;testCase23VerifyAddressDetailsInCheckoutPageTc&quot;/&gt;
        &lt;/methods&gt;
      &lt;/class&gt; &lt;!-- com.javaproject.automationsqa.testcase.TestCase23VerifyAddressDetailsInCheckoutPageTc --&gt;
      &lt;class name=&quot;com.javaproject.automationsqa.testcase.TestCase24DownloadInvoiceAfterPurchaseOrderTc&quot;&gt;
        &lt;methods&gt;
          &lt;include name=&quot;testCase24DownloadInvoiceAfterPurchaseOrderTc&quot;/&gt;
        &lt;/methods&gt;
      &lt;/class&gt; &lt;!-- com.javaproject.automationsqa.testcase.TestCase24DownloadInvoiceAfterPurchaseOrderTc --&gt;
      &lt;class name=&quot;com.javaproject.automationsqa.testcase.TestCase25VerifyScrollUpUsingArrowButtonAndScrollDownFunctionalityTc&quot;&gt;
        &lt;methods&gt;
          &lt;include name=&quot;testCase25VerifyScrollUpUsingArrowButtonAndScrollDownFunctionalityTc&quot;/&gt;
        &lt;/methods&gt;
      &lt;/class&gt; &lt;!-- com.javaproject.automationsqa.testcase.TestCase25VerifyScrollUpUsingArrowButtonAndScrollDownFunctionalityTc --&gt;
      &lt;class name=&quot;com.javaproject.automationsqa.testcase.TestCase26VerifyScrollUpWithoutArrowButtonAndScrollDownFunctionalityTc&quot;&gt;
        &lt;methods&gt;
          &lt;include name=&quot;testCase26VerifyScrollUpWithoutArrowButtonAndScrollDownFunctionalityTc&quot;/&gt;
        &lt;/methods&gt;
      &lt;/class&gt; &lt;!-- com.javaproject.automationsqa.testcase.TestCase26VerifyScrollUpWithoutArrowButtonAndScrollDownFunctionalityTc --&gt;
    &lt;/classes&gt;
  &lt;/test&gt; &lt;!-- UITest --&gt;
&lt;/suite&gt; &lt;!-- Regression --&gt;
            </pre>
          </div> <!-- main-panel-content rounded-window-bottom -->
        </div> <!-- panel -->
        <div panel-name="testlist-Regression" class="panel">
          <div class="main-panel-header rounded-window-top">
            <span class="header-content">Tests for Regression</span>
          </div> <!-- main-panel-header rounded-window-top -->
          <div class="main-panel-content rounded-window-bottom">
            <ul>
              <li>
                <span class="test-name">UITest (26 classes)</span>
              </li>
            </ul>
          </div> <!-- main-panel-content rounded-window-bottom -->
        </div> <!-- panel -->
        <div panel-name="group-Regression" class="panel">
          <div class="main-panel-header rounded-window-top">
            <span class="header-content">Groups for Regression</span>
          </div> <!-- main-panel-header rounded-window-top -->
          <div class="main-panel-content rounded-window-bottom">
          </div> <!-- main-panel-content rounded-window-bottom -->
        </div> <!-- panel -->
        <div panel-name="times-Regression" class="panel">
          <div class="main-panel-header rounded-window-top">
            <span class="header-content">Times for Regression</span>
          </div> <!-- main-panel-header rounded-window-top -->
          <div class="main-panel-content rounded-window-bottom">
            <div class="times-div">
              <script type="text/javascript">
suiteTableInitFunctions.push('tableData_Regression');
function tableData_Regression() {
var data = new google.visualization.DataTable();
data.addColumn('number', 'Number');
data.addColumn('string', 'Method');
data.addColumn('string', 'Class');
data.addColumn('number', 'Time (ms)');
data.addRows(24);
data.setCell(0, 0, 0)
data.setCell(0, 1, 'testCase16PlaceOrderLoginBeforeCheckoutTc')
data.setCell(0, 2, 'com.javaproject.automationsqa.testcase.TestCase16PlaceOrderLoginBeforeCheckoutTc')
data.setCell(0, 3, 73944);
data.setCell(1, 0, 1)
data.setCell(1, 1, 'testCase14PlaceOrderRegisterWhileCheckoutTc')
data.setCell(1, 2, 'com.javaproject.automationsqa.testcase.TestCase14PlaceOrderRegisterWhileCheckoutTc')
data.setCell(1, 3, 64068);
data.setCell(2, 0, 2)
data.setCell(2, 1, 'testCase24DownloadInvoiceAfterPurchaseOrderTc')
data.setCell(2, 2, 'com.javaproject.automationsqa.testcase.TestCase24DownloadInvoiceAfterPurchaseOrderTc')
data.setCell(2, 3, 64051);
data.setCell(3, 0, 3)
data.setCell(3, 1, 'testCase20SearchProductsAndVerifyCartAfterLoginTc')
data.setCell(3, 2, 'com.javaproject.automationsqa.testcase.TestCase20SearchProductsAndVerifyCartAfterLoginTc')
data.setCell(3, 3, 61600);
data.setCell(4, 0, 4)
data.setCell(4, 1, 'testCase1RegisterUserTc')
data.setCell(4, 2, 'com.javaproject.automationsqa.testcase.TestCase1RegisterUserTc')
data.setCell(4, 3, 59849);
data.setCell(5, 0, 5)
data.setCell(5, 1, 'testCase15PlaceOrderRegisterBeforeCheckoutTc')
data.setCell(5, 2, 'com.javaproject.automationsqa.testcase.TestCase15PlaceOrderRegisterBeforeCheckoutTc')
data.setCell(5, 3, 45452);
data.setCell(6, 0, 6)
data.setCell(6, 1, 'testCase21AddReviewOnProductTc')
data.setCell(6, 2, 'com.javaproject.automationsqa.testcase.TestCase21AddReviewOnProductTc')
data.setCell(6, 3, 44306);
data.setCell(7, 0, 7)
data.setCell(7, 1, 'testCase23VerifyAddressDetailsInCheckoutPageTc')
data.setCell(7, 2, 'com.javaproject.automationsqa.testcase.TestCase23VerifyAddressDetailsInCheckoutPageTc')
data.setCell(7, 3, 38290);
data.setCell(8, 0, 8)
data.setCell(8, 1, 'testCase19ViewAndCartBrandProductsTc')
data.setCell(8, 2, 'com.javaproject.automationsqa.testcase.TestCase19ViewAndCartBrandProductsTc')
data.setCell(8, 3, 30750);
data.setCell(9, 0, 9)
data.setCell(9, 1, 'testCase4LogOutUserTc')
data.setCell(9, 2, 'com.javaproject.automationsqa.testcase.TestCase4LogOutUserTc')
data.setCell(9, 3, 21815);
data.setCell(10, 0, 10)
data.setCell(10, 1, 'testCase8VerifyAllProductsAndProductDetailTc')
data.setCell(10, 2, 'com.javaproject.automationsqa.testcase.TestCase8VerifyAllProductsAndProductDetailTc')
data.setCell(10, 3, 21162);
data.setCell(11, 0, 11)
data.setCell(11, 1, 'testCase13VerifyProductQuantityInCartTc')
data.setCell(11, 2, 'com.javaproject.automationsqa.testcase.TestCase13VerifyProductQuantityInCartTc')
data.setCell(11, 3, 18551);
data.setCell(12, 0, 12)
data.setCell(12, 1, 'testCase17RemoveProductsFromCartTc')
data.setCell(12, 2, 'com.javaproject.automationsqa.testcase.TestCase17RemoveProductsFromCartTc')
data.setCell(12, 3, 17410);
data.setCell(13, 0, 13)
data.setCell(13, 1, 'testCase9SearchProductTc')
data.setCell(13, 2, 'com.javaproject.automationsqa.testcase.TestCase9SearchProductTc')
data.setCell(13, 3, 17333);
data.setCell(14, 0, 14)
data.setCell(14, 1, 'testCase18ViewCategoryProductsTc')
data.setCell(14, 2, 'com.javaproject.automationsqa.testcase.TestCase18ViewCategoryProductsTc')
data.setCell(14, 3, 16390);
data.setCell(15, 0, 15)
data.setCell(15, 1, 'testCase2LogInWithCorrectEmailTc')
data.setCell(15, 2, 'com.javaproject.automationsqa.testcase.TestCase2LogInWithCorrectEmailTc')
data.setCell(15, 3, 15100);
data.setCell(16, 0, 16)
data.setCell(16, 1, 'testCase22AddToCartFromRecommendedItemsTc')
data.setCell(16, 2, 'com.javaproject.automationsqa.testcase.TestCase22AddToCartFromRecommendedItemsTc')
data.setCell(16, 3, 14739);
data.setCell(17, 0, 17)
data.setCell(17, 1, 'testCase5RegisterUserWithExistingEmailTc')
data.setCell(17, 2, 'com.javaproject.automationsqa.testcase.TestCase5RegisterUserWithExistingEmailTc')
data.setCell(17, 3, 11342);
data.setCell(18, 0, 18)
data.setCell(18, 1, 'testCase3LogInWithInCorrectEmailTc')
data.setCell(18, 2, 'com.javaproject.automationsqa.testcase.TestCase3LogInWithInCorrectEmailTc')
data.setCell(18, 3, 10787);
data.setCell(19, 0, 19)
data.setCell(19, 1, 'testCase11VerifySubscriptionInCartTc')
data.setCell(19, 2, 'com.javaproject.automationsqa.testcase.TestCase11VerifySubscriptionInCartTc')
data.setCell(19, 3, 9805);
data.setCell(20, 0, 20)
data.setCell(20, 1, 'testCase26VerifyScrollUpWithoutArrowButtonAndScrollDownFunctionalityTc')
data.setCell(20, 2, 'com.javaproject.automationsqa.testcase.TestCase26VerifyScrollUpWithoutArrowButtonAndScrollDownFunctionalityTc')
data.setCell(20, 3, 9767);
data.setCell(21, 0, 21)
data.setCell(21, 1, 'testCase10VerifySubscriptionInHomeTc')
data.setCell(21, 2, 'com.javaproject.automationsqa.testcase.TestCase10VerifySubscriptionInHomeTc')
data.setCell(21, 3, 8223);
data.setCell(22, 0, 22)
data.setCell(22, 1, 'testCase25VerifyScrollUpUsingArrowButtonAndScrollDownFunctionalityTc')
data.setCell(22, 2, 'com.javaproject.automationsqa.testcase.TestCase25VerifyScrollUpUsingArrowButtonAndScrollDownFunctionalityTc')
data.setCell(22, 3, 7260);
data.setCell(23, 0, 23)
data.setCell(23, 1, 'testCase6ContactUsFormTc')
data.setCell(23, 2, 'com.javaproject.automationsqa.testcase.TestCase6ContactUsFormTc')
data.setCell(23, 3, 3753);
window.suiteTableData['Regression']= { tableData: data, tableDiv: 'times-div-Regression'}
return data;
}
              </script>
              <span class="suite-total-time">Total running time: 11 minutes</span>
              <div id="times-div-Regression">
              </div> <!-- times-div-Regression -->
            </div> <!-- times-div -->
          </div> <!-- main-panel-content rounded-window-bottom -->
        </div> <!-- panel -->
        <div panel-name="reporter-Regression" class="panel">
          <div class="main-panel-header rounded-window-top">
            <span class="header-content">Reporter output for Regression</span>
          </div> <!-- main-panel-header rounded-window-top -->
          <div class="main-panel-content rounded-window-bottom">
          </div> <!-- main-panel-content rounded-window-bottom -->
        </div> <!-- panel -->
        <div panel-name="ignored-methods-Regression" class="panel">
          <div class="main-panel-header rounded-window-top">
            <span class="header-content">2 ignored methods</span>
          </div> <!-- main-panel-header rounded-window-top -->
          <div class="main-panel-content rounded-window-bottom">
            <div class="ignored-class-div">
              <span class="ignored-class-name">com.javaproject.automationsqa.testcase.TestCase7VerifyTestCasesTc</span>
              <div class="ignored-methods-div">
                <span class="ignored-method-name">testCase7VerifyTestCases</span>
                <br/>
              </div> <!-- ignored-methods-div -->
            </div> <!-- ignored-class-div -->
            <div class="ignored-class-div">
              <span class="ignored-class-name">com.javaproject.automationsqa.testcase.TestCase12AddProductsInCartTc</span>
              <div class="ignored-methods-div">
                <span class="ignored-method-name">testCase12AddProductsInCart</span>
                <br/>
              </div> <!-- ignored-methods-div -->
            </div> <!-- ignored-class-div -->
          </div> <!-- main-panel-content rounded-window-bottom -->
        </div> <!-- panel -->
        <div panel-name="chronological-Regression" class="panel">
          <div class="main-panel-header rounded-window-top">
            <span class="header-content">Methods in chronological order</span>
          </div> <!-- main-panel-header rounded-window-top -->
          <div class="main-panel-content rounded-window-bottom">
            <div class="chronological-class">
              <div class="chronological-class-name">com.javaproject.automationsqa.testcase.TestCase1RegisterUserTc</div> <!-- chronological-class-name -->
              <div class="configuration-class before">
                <span class="method-name">beforeClass</span>
                <span class="method-start">0 ms</span>
              </div> <!-- configuration-class before -->
              <div class="configuration-method before">
                <span class="method-name">beforeMethod</span>
                <span class="method-start">2833 ms</span>
              </div> <!-- configuration-method before -->
              <div class="test-method">
                <span class="method-name">testCase1RegisterUserTc</span>
                <span class="method-start">8762 ms</span>
              </div> <!-- test-method -->
              <div class="configuration-method after">
                <span class="method-name">afterTest</span>
                <span class="method-start">68613 ms</span>
              </div> <!-- configuration-method after -->
              <div class="configuration-class after">
                <span class="method-name">afterClass</span>
                <span class="method-start">68614 ms</span>
              </div> <!-- configuration-class after -->
            </div> <!-- chronological-class -->
            <div class="chronological-class">
              <div class="chronological-class-name">com.javaproject.automationsqa.testcase.TestCase2LogInWithCorrectEmailTc</div> <!-- chronological-class-name -->
              <div class="configuration-class before">
                <span class="method-name">beforeClass</span>
                <span class="method-start">69310 ms</span>
              </div> <!-- configuration-class before -->
              <div class="configuration-method before">
                <span class="method-name">beforeMethod</span>
                <span class="method-start">70569 ms</span>
              </div> <!-- configuration-method before -->
              <div class="test-method">
                <span class="method-name">testCase2LogInWithCorrectEmailTc</span>
                <span class="method-start">76130 ms</span>
              </div> <!-- test-method -->
              <div class="configuration-method after">
                <span class="method-name">afterTest</span>
                <span class="method-start">91230 ms</span>
              </div> <!-- configuration-method after -->
              <div class="configuration-class after">
                <span class="method-name">afterClass</span>
                <span class="method-start">91231 ms</span>
              </div> <!-- configuration-class after -->
            </div> <!-- chronological-class -->
            <div class="chronological-class">
              <div class="chronological-class-name">com.javaproject.automationsqa.testcase.TestCase3LogInWithInCorrectEmailTc</div> <!-- chronological-class-name -->
              <div class="configuration-class before">
                <span class="method-name">beforeClass</span>
                <span class="method-start">91911 ms</span>
              </div> <!-- configuration-class before -->
              <div class="configuration-method before">
                <span class="method-name">beforeMethod</span>
                <span class="method-start">93283 ms</span>
              </div> <!-- configuration-method before -->
              <div class="test-method">
                <span class="method-name">testCase3LogInWithInCorrectEmailTc</span>
                <span class="method-start">99036 ms</span>
              </div> <!-- test-method -->
              <div class="configuration-class after">
                <span class="method-name">afterClass</span>
                <span class="method-start">109823 ms</span>
              </div> <!-- configuration-class after -->
              <div class="configuration-method after">
                <span class="method-name">afterTest</span>
                <span class="method-start">109823 ms</span>
              </div> <!-- configuration-method after -->
            </div> <!-- chronological-class -->
            <div class="chronological-class">
              <div class="chronological-class-name">com.javaproject.automationsqa.testcase.TestCase4LogOutUserTc</div> <!-- chronological-class-name -->
              <div class="configuration-class before">
                <span class="method-name">beforeClass</span>
                <span class="method-start">110522 ms</span>
              </div> <!-- configuration-class before -->
              <div class="configuration-method before">
                <span class="method-name">beforeMethod</span>
                <span class="method-start">111760 ms</span>
              </div> <!-- configuration-method before -->
              <div class="test-method">
                <span class="method-name">testCase4LogOutUserTc</span>
                <span class="method-start">117460 ms</span>
              </div> <!-- test-method -->
              <div class="configuration-class after">
                <span class="method-name">afterClass</span>
                <span class="method-start">139275 ms</span>
              </div> <!-- configuration-class after -->
              <div class="configuration-method after">
                <span class="method-name">afterTest</span>
                <span class="method-start">139275 ms</span>
              </div> <!-- configuration-method after -->
            </div> <!-- chronological-class -->
            <div class="chronological-class">
              <div class="chronological-class-name">com.javaproject.automationsqa.testcase.TestCase5RegisterUserWithExistingEmailTc</div> <!-- chronological-class-name -->
              <div class="configuration-class before">
                <span class="method-name">beforeClass</span>
                <span class="method-start">139968 ms</span>
              </div> <!-- configuration-class before -->
              <div class="configuration-method before">
                <span class="method-name">beforeMethod</span>
                <span class="method-start">141235 ms</span>
              </div> <!-- configuration-method before -->
              <div class="test-method">
                <span class="method-name">testCase5RegisterUserWithExistingEmailTc</span>
                <span class="method-start">147116 ms</span>
              </div> <!-- test-method -->
              <div class="configuration-class after">
                <span class="method-name">afterClass</span>
                <span class="method-start">158458 ms</span>
              </div> <!-- configuration-class after -->
              <div class="configuration-method after">
                <span class="method-name">afterTest</span>
                <span class="method-start">158458 ms</span>
              </div> <!-- configuration-method after -->
            </div> <!-- chronological-class -->
            <div class="chronological-class">
              <div class="chronological-class-name">com.javaproject.automationsqa.testcase.TestCase6ContactUsFormTc</div> <!-- chronological-class-name -->
              <div class="configuration-class before">
                <span class="method-name">beforeClass</span>
                <span class="method-start">159132 ms</span>
              </div> <!-- configuration-class before -->
              <div class="configuration-method before">
                <span class="method-name">beforeMethod</span>
                <span class="method-start">160382 ms</span>
              </div> <!-- configuration-method before -->
              <div class="test-method">
                <img src="failed.png">
                </img>
                <span class="method-name">testCase6ContactUsFormTc</span>
                <span class="method-start">166248 ms</span>
              </div> <!-- test-method -->
              <div class="configuration-class after">
                <span class="method-name">afterClass</span>
                <span class="method-start">170009 ms</span>
              </div> <!-- configuration-class after -->
              <div class="configuration-method after">
                <span class="method-name">afterTest</span>
                <span class="method-start">170009 ms</span>
              </div> <!-- configuration-method after -->
            </div> <!-- chronological-class -->
            <div class="chronological-class">
              <div class="chronological-class-name">com.javaproject.automationsqa.testcase.TestCase8VerifyAllProductsAndProductDetailTc</div> <!-- chronological-class-name -->
              <div class="configuration-class before">
                <span class="method-name">beforeClass</span>
                <span class="method-start">170748 ms</span>
              </div> <!-- configuration-class before -->
              <div class="configuration-method before">
                <span class="method-name">beforeMethod</span>
                <span class="method-start">172056 ms</span>
              </div> <!-- configuration-method before -->
              <div class="test-method">
                <span class="method-name">testCase8VerifyAllProductsAndProductDetailTc</span>
                <span class="method-start">177603 ms</span>
              </div> <!-- test-method -->
              <div class="configuration-method after">
                <span class="method-name">afterTest</span>
                <span class="method-start">198765 ms</span>
              </div> <!-- configuration-method after -->
              <div class="configuration-class after">
                <span class="method-name">afterClass</span>
                <span class="method-start">198765 ms</span>
              </div> <!-- configuration-class after -->
            </div> <!-- chronological-class -->
            <div class="chronological-class">
              <div class="chronological-class-name">com.javaproject.automationsqa.testcase.TestCase9SearchProductTc</div> <!-- chronological-class-name -->
              <div class="configuration-class before">
                <span class="method-name">beforeClass</span>
                <span class="method-start">199439 ms</span>
              </div> <!-- configuration-class before -->
              <div class="configuration-method before">
                <span class="method-name">beforeMethod</span>
                <span class="method-start">200751 ms</span>
              </div> <!-- configuration-method before -->
              <div class="test-method">
                <span class="method-name">testCase9SearchProductTc</span>
                <span class="method-start">206867 ms</span>
              </div> <!-- test-method -->
              <div class="configuration-method after">
                <span class="method-name">afterTest</span>
                <span class="method-start">224200 ms</span>
              </div> <!-- configuration-method after -->
              <div class="configuration-class after">
                <span class="method-name">afterClass</span>
                <span class="method-start">224201 ms</span>
              </div> <!-- configuration-class after -->
            </div> <!-- chronological-class -->
            <div class="chronological-class">
              <div class="chronological-class-name">com.javaproject.automationsqa.testcase.TestCase10VerifySubscriptionInHomeTc</div> <!-- chronological-class-name -->
              <div class="configuration-class before">
                <span class="method-name">beforeClass</span>
                <span class="method-start">224900 ms</span>
              </div> <!-- configuration-class before -->
              <div class="configuration-method before">
                <span class="method-name">beforeMethod</span>
                <span class="method-start">226173 ms</span>
              </div> <!-- configuration-method before -->
              <div class="test-method">
                <span class="method-name">testCase10VerifySubscriptionInHomeTc</span>
                <span class="method-start">231671 ms</span>
              </div> <!-- test-method -->
              <div class="configuration-method after">
                <span class="method-name">afterTest</span>
                <span class="method-start">239894 ms</span>
              </div> <!-- configuration-method after -->
              <div class="configuration-class after">
                <span class="method-name">afterClass</span>
                <span class="method-start">239895 ms</span>
              </div> <!-- configuration-class after -->
            </div> <!-- chronological-class -->
            <div class="chronological-class">
              <div class="chronological-class-name">com.javaproject.automationsqa.testcase.TestCase11VerifySubscriptionInCartTc</div> <!-- chronological-class-name -->
              <div class="configuration-class before">
                <span class="method-name">beforeClass</span>
                <span class="method-start">240584 ms</span>
              </div> <!-- configuration-class before -->
              <div class="configuration-method before">
                <span class="method-name">beforeMethod</span>
                <span class="method-start">241817 ms</span>
              </div> <!-- configuration-method before -->
              <div class="test-method">
                <span class="method-name">testCase11VerifySubscriptionInCartTc</span>
                <span class="method-start">247664 ms</span>
              </div> <!-- test-method -->
              <div class="configuration-method after">
                <span class="method-name">afterTest</span>
                <span class="method-start">257469 ms</span>
              </div> <!-- configuration-method after -->
              <div class="configuration-class after">
                <span class="method-name">afterClass</span>
                <span class="method-start">257470 ms</span>
              </div> <!-- configuration-class after -->
            </div> <!-- chronological-class -->
            <div class="chronological-class">
              <div class="chronological-class-name">com.javaproject.automationsqa.testcase.TestCase13VerifyProductQuantityInCartTc</div> <!-- chronological-class-name -->
              <div class="configuration-class before">
                <span class="method-name">beforeClass</span>
                <span class="method-start">258129 ms</span>
              </div> <!-- configuration-class before -->
              <div class="configuration-method before">
                <span class="method-name">beforeMethod</span>
                <span class="method-start">259377 ms</span>
              </div> <!-- configuration-method before -->
              <div class="test-method">
                <span class="method-name">testCase13VerifyProductQuantityInCartTc</span>
                <span class="method-start">265313 ms</span>
              </div> <!-- test-method -->
              <div class="configuration-method after">
                <span class="method-name">afterTest</span>
                <span class="method-start">283864 ms</span>
              </div> <!-- configuration-method after -->
              <div class="configuration-class after">
                <span class="method-name">afterClass</span>
                <span class="method-start">283865 ms</span>
              </div> <!-- configuration-class after -->
            </div> <!-- chronological-class -->
            <div class="chronological-class">
              <div class="chronological-class-name">com.javaproject.automationsqa.testcase.TestCase14PlaceOrderRegisterWhileCheckoutTc</div> <!-- chronological-class-name -->
              <div class="configuration-class before">
                <span class="method-name">beforeClass</span>
                <span class="method-start">284557 ms</span>
              </div> <!-- configuration-class before -->
              <div class="configuration-method before">
                <span class="method-name">beforeMethod</span>
                <span class="method-start">285808 ms</span>
              </div> <!-- configuration-method before -->
              <div class="test-method">
                <img src="failed.png">
                </img>
                <span class="method-name">testCase14PlaceOrderRegisterWhileCheckoutTc</span>
                <span class="method-start">291713 ms</span>
              </div> <!-- test-method -->
              <div class="configuration-method after">
                <span class="method-name">afterTest</span>
                <span class="method-start">355781 ms</span>
              </div> <!-- configuration-method after -->
              <div class="configuration-class after">
                <span class="method-name">afterClass</span>
                <span class="method-start">355782 ms</span>
              </div> <!-- configuration-class after -->
            </div> <!-- chronological-class -->
            <div class="chronological-class">
              <div class="chronological-class-name">com.javaproject.automationsqa.testcase.TestCase15PlaceOrderRegisterBeforeCheckoutTc</div> <!-- chronological-class-name -->
              <div class="configuration-class before">
                <span class="method-name">beforeClass</span>
                <span class="method-start">356444 ms</span>
              </div> <!-- configuration-class before -->
              <div class="configuration-method before">
                <span class="method-name">beforeMethod</span>
                <span class="method-start">357672 ms</span>
              </div> <!-- configuration-method before -->
              <div class="test-method">
                <img src="failed.png">
                </img>
                <span class="method-name">testCase15PlaceOrderRegisterBeforeCheckoutTc</span>
                <span class="method-start">363682 ms</span>
              </div> <!-- test-method -->
              <div class="configuration-class after">
                <span class="method-name">afterClass</span>
                <span class="method-start">409135 ms</span>
              </div> <!-- configuration-class after -->
              <div class="configuration-method after">
                <span class="method-name">afterTest</span>
                <span class="method-start">409135 ms</span>
              </div> <!-- configuration-method after -->
            </div> <!-- chronological-class -->
            <div class="chronological-class">
              <div class="chronological-class-name">com.javaproject.automationsqa.testcase.TestCase16PlaceOrderLoginBeforeCheckoutTc</div> <!-- chronological-class-name -->
              <div class="configuration-class before">
                <span class="method-name">beforeClass</span>
                <span class="method-start">409829 ms</span>
              </div> <!-- configuration-class before -->
              <div class="configuration-method before">
                <span class="method-name">beforeMethod</span>
                <span class="method-start">411051 ms</span>
              </div> <!-- configuration-method before -->
              <div class="test-method">
                <span class="method-name">testCase16PlaceOrderLoginBeforeCheckoutTc</span>
                <span class="method-start">416745 ms</span>
              </div> <!-- test-method -->
              <div class="configuration-method after">
                <span class="method-name">afterTest</span>
                <span class="method-start">490689 ms</span>
              </div> <!-- configuration-method after -->
              <div class="configuration-class after">
                <span class="method-name">afterClass</span>
                <span class="method-start">490690 ms</span>
              </div> <!-- configuration-class after -->
            </div> <!-- chronological-class -->
            <div class="chronological-class">
              <div class="chronological-class-name">com.javaproject.automationsqa.testcase.TestCase17RemoveProductsFromCartTc</div> <!-- chronological-class-name -->
              <div class="configuration-class before">
                <span class="method-name">beforeClass</span>
                <span class="method-start">491384 ms</span>
              </div> <!-- configuration-class before -->
              <div class="configuration-method before">
                <span class="method-name">beforeMethod</span>
                <span class="method-start">492704 ms</span>
              </div> <!-- configuration-method before -->
              <div class="test-method">
                <span class="method-name">testCase17RemoveProductsFromCartTc</span>
                <span class="method-start">498213 ms</span>
              </div> <!-- test-method -->
              <div class="configuration-method after">
                <span class="method-name">afterTest</span>
                <span class="method-start">515623 ms</span>
              </div> <!-- configuration-method after -->
              <div class="configuration-class after">
                <span class="method-name">afterClass</span>
                <span class="method-start">515623 ms</span>
              </div> <!-- configuration-class after -->
            </div> <!-- chronological-class -->
            <div class="chronological-class">
              <div class="chronological-class-name">com.javaproject.automationsqa.testcase.TestCase18ViewCategoryProductsTc</div> <!-- chronological-class-name -->
              <div class="configuration-class before">
                <span class="method-name">beforeClass</span>
                <span class="method-start">516306 ms</span>
              </div> <!-- configuration-class before -->
              <div class="configuration-method before">
                <span class="method-name">beforeMethod</span>
                <span class="method-start">517618 ms</span>
              </div> <!-- configuration-method before -->
              <div class="test-method">
                <span class="method-name">testCase18ViewCategoryProductsTc</span>
                <span class="method-start">523474 ms</span>
              </div> <!-- test-method -->
              <div class="configuration-method after">
                <span class="method-name">afterTest</span>
                <span class="method-start">539864 ms</span>
              </div> <!-- configuration-method after -->
              <div class="configuration-class after">
                <span class="method-name">afterClass</span>
                <span class="method-start">539865 ms</span>
              </div> <!-- configuration-class after -->
            </div> <!-- chronological-class -->
            <div class="chronological-class">
              <div class="chronological-class-name">com.javaproject.automationsqa.testcase.TestCase19ViewAndCartBrandProductsTc</div> <!-- chronological-class-name -->
              <div class="configuration-class before">
                <span class="method-name">beforeClass</span>
                <span class="method-start">540545 ms</span>
              </div> <!-- configuration-class before -->
              <div class="configuration-method before">
                <span class="method-name">beforeMethod</span>
                <span class="method-start">541852 ms</span>
              </div> <!-- configuration-method before -->
              <div class="test-method">
                <span class="method-name">testCase19ViewAndCartBrandProductsTc</span>
                <span class="method-start">547937 ms</span>
              </div> <!-- test-method -->
              <div class="configuration-class after">
                <span class="method-name">afterClass</span>
                <span class="method-start">578688 ms</span>
              </div> <!-- configuration-class after -->
              <div class="configuration-method after">
                <span class="method-name">afterTest</span>
                <span class="method-start">578688 ms</span>
              </div> <!-- configuration-method after -->
            </div> <!-- chronological-class -->
            <div class="chronological-class">
              <div class="chronological-class-name">com.javaproject.automationsqa.testcase.TestCase20SearchProductsAndVerifyCartAfterLoginTc</div> <!-- chronological-class-name -->
              <div class="configuration-class before">
                <span class="method-name">beforeClass</span>
                <span class="method-start">579382 ms</span>
              </div> <!-- configuration-class before -->
              <div class="configuration-method before">
                <span class="method-name">beforeMethod</span>
                <span class="method-start">580717 ms</span>
              </div> <!-- configuration-method before -->
              <div class="test-method">
                <span class="method-name">testCase20SearchProductsAndVerifyCartAfterLoginTc</span>
                <span class="method-start">586673 ms</span>
              </div> <!-- test-method -->
              <div class="configuration-method after">
                <span class="method-name">afterTest</span>
                <span class="method-start">648273 ms</span>
              </div> <!-- configuration-method after -->
              <div class="configuration-class after">
                <span class="method-name">afterClass</span>
                <span class="method-start">648273 ms</span>
              </div> <!-- configuration-class after -->
            </div> <!-- chronological-class -->
            <div class="chronological-class">
              <div class="chronological-class-name">com.javaproject.automationsqa.testcase.TestCase21AddReviewOnProductTc</div> <!-- chronological-class-name -->
              <div class="configuration-class before">
                <span class="method-name">beforeClass</span>
                <span class="method-start">649005 ms</span>
              </div> <!-- configuration-class before -->
              <div class="configuration-method before">
                <span class="method-name">beforeMethod</span>
                <span class="method-start">650252 ms</span>
              </div> <!-- configuration-method before -->
              <div class="test-method">
                <span class="method-name">testCase21AddReviewOnProductTc</span>
                <span class="method-start">656087 ms</span>
              </div> <!-- test-method -->
              <div class="configuration-method after">
                <span class="method-name">afterTest</span>
                <span class="method-start">700393 ms</span>
              </div> <!-- configuration-method after -->
              <div class="configuration-class after">
                <span class="method-name">afterClass</span>
                <span class="method-start">700393 ms</span>
              </div> <!-- configuration-class after -->
            </div> <!-- chronological-class -->
            <div class="chronological-class">
              <div class="chronological-class-name">com.javaproject.automationsqa.testcase.TestCase22AddToCartFromRecommendedItemsTc</div> <!-- chronological-class-name -->
              <div class="configuration-class before">
                <span class="method-name">beforeClass</span>
                <span class="method-start">701097 ms</span>
              </div> <!-- configuration-class before -->
              <div class="configuration-method before">
                <span class="method-name">beforeMethod</span>
                <span class="method-start">702317 ms</span>
              </div> <!-- configuration-method before -->
              <div class="test-method">
                <span class="method-name">testCase22AddToCartFromRecommendedItemsTc</span>
                <span class="method-start">708531 ms</span>
              </div> <!-- test-method -->
              <div class="configuration-class after">
                <span class="method-name">afterClass</span>
                <span class="method-start">723270 ms</span>
              </div> <!-- configuration-class after -->
              <div class="configuration-method after">
                <span class="method-name">afterTest</span>
                <span class="method-start">723270 ms</span>
              </div> <!-- configuration-method after -->
            </div> <!-- chronological-class -->
            <div class="chronological-class">
              <div class="chronological-class-name">com.javaproject.automationsqa.testcase.TestCase23VerifyAddressDetailsInCheckoutPageTc</div> <!-- chronological-class-name -->
              <div class="configuration-class before">
                <span class="method-name">beforeClass</span>
                <span class="method-start">723952 ms</span>
              </div> <!-- configuration-class before -->
              <div class="configuration-method before">
                <span class="method-name">beforeMethod</span>
                <span class="method-start">725263 ms</span>
              </div> <!-- configuration-method before -->
              <div class="test-method">
                <img src="failed.png">
                </img>
                <span class="method-name">testCase23VerifyAddressDetailsInCheckoutPageTc</span>
                <span class="method-start">730871 ms</span>
              </div> <!-- test-method -->
              <div class="configuration-method after">
                <span class="method-name">afterTest</span>
                <span class="method-start">769162 ms</span>
              </div> <!-- configuration-method after -->
              <div class="configuration-class after">
                <span class="method-name">afterClass</span>
                <span class="method-start">769162 ms</span>
              </div> <!-- configuration-class after -->
            </div> <!-- chronological-class -->
            <div class="chronological-class">
              <div class="chronological-class-name">com.javaproject.automationsqa.testcase.TestCase24DownloadInvoiceAfterPurchaseOrderTc</div> <!-- chronological-class-name -->
              <div class="configuration-class before">
                <span class="method-name">beforeClass</span>
                <span class="method-start">769816 ms</span>
              </div> <!-- configuration-class before -->
              <div class="configuration-method before">
                <span class="method-name">beforeMethod</span>
                <span class="method-start">771065 ms</span>
              </div> <!-- configuration-method before -->
              <div class="test-method">
                <img src="failed.png">
                </img>
                <span class="method-name">testCase24DownloadInvoiceAfterPurchaseOrderTc</span>
                <span class="method-start">777012 ms</span>
              </div> <!-- test-method -->
              <div class="configuration-class after">
                <span class="method-name">afterClass</span>
                <span class="method-start">841064 ms</span>
              </div> <!-- configuration-class after -->
              <div class="configuration-method after">
                <span class="method-name">afterTest</span>
                <span class="method-start">841064 ms</span>
              </div> <!-- configuration-method after -->
            </div> <!-- chronological-class -->
            <div class="chronological-class">
              <div class="chronological-class-name">com.javaproject.automationsqa.testcase.TestCase25VerifyScrollUpUsingArrowButtonAndScrollDownFunctionalityTc</div> <!-- chronological-class-name -->
              <div class="configuration-class before">
                <span class="method-name">beforeClass</span>
                <span class="method-start">841721 ms</span>
              </div> <!-- configuration-class before -->
              <div class="configuration-method before">
                <span class="method-name">beforeMethod</span>
                <span class="method-start">843039 ms</span>
              </div> <!-- configuration-method before -->
              <div class="test-method">
                <span class="method-name">testCase25VerifyScrollUpUsingArrowButtonAndScrollDownFunctionalityTc</span>
                <span class="method-start">848813 ms</span>
              </div> <!-- test-method -->
              <div class="configuration-method after">
                <span class="method-name">afterTest</span>
                <span class="method-start">856073 ms</span>
              </div> <!-- configuration-method after -->
              <div class="configuration-class after">
                <span class="method-name">afterClass</span>
                <span class="method-start">856074 ms</span>
              </div> <!-- configuration-class after -->
            </div> <!-- chronological-class -->
            <div class="chronological-class">
              <div class="chronological-class-name">com.javaproject.automationsqa.testcase.TestCase26VerifyScrollUpWithoutArrowButtonAndScrollDownFunctionalityTc</div> <!-- chronological-class-name -->
              <div class="configuration-class before">
                <span class="method-name">beforeClass</span>
                <span class="method-start">856727 ms</span>
              </div> <!-- configuration-class before -->
              <div class="configuration-method before">
                <span class="method-name">beforeMethod</span>
                <span class="method-start">858033 ms</span>
              </div> <!-- configuration-method before -->
              <div class="test-method">
                <span class="method-name">testCase26VerifyScrollUpWithoutArrowButtonAndScrollDownFunctionalityTc</span>
                <span class="method-start">863499 ms</span>
              </div> <!-- test-method -->
              <div class="configuration-method after">
                <span class="method-name">afterTest</span>
                <span class="method-start">873266 ms</span>
              </div> <!-- configuration-method after -->
              <div class="configuration-class after">
                <span class="method-name">afterClass</span>
                <span class="method-start">873267 ms</span>
              </div> <!-- configuration-class after -->
          </div> <!-- main-panel-content rounded-window-bottom -->
        </div> <!-- panel -->
      </div> <!-- main-panel-root -->
    </div> <!-- wrapper -->
  </body>
<script type="text/javascript" src="testng-reports2.js"></script>
</html>
