<?xml version="1.0" encoding="UTF-8"?>
<testsuite xmlns:xsi="http://www.w3.org/2001/XMLSchema-instance" xsi:schemaLocation="https://maven.apache.org/surefire/maven-surefire-plugin/xsd/surefire-test-report.xsd" name="TestSuite" time="874.986" tests="24" errors="0" skipped="0" failures="5">
  <properties>
    <property name="java.runtime.name" value="Java(TM) SE Runtime Environment"/>
    <property name="java.vm.version" value="11.0.13+10-LTS-370"/>
    <property name="sun.boot.library.path" value="C:\Users\User\Downloads\jdk-11.0.13_windows-x64_bin\jdk-11.0.13\bin"/>
    <property name="maven.multiModuleProjectDirectory" value="E:\SQA Work GIT\github-asif\javasqaproject\automationsqa"/>
    <property name="java.vm.vendor" value="Oracle Corporation"/>
    <property name="java.vendor.url" value="https://openjdk.java.net/"/>
    <property name="guice.disable.misplaced.annotation.check" value="true"/>
    <property name="path.separator" value=";"/>
    <property name="java.vm.name" value="Java HotSpot(TM) 64-Bit Server VM"/>
    <property name="sun.os.patch.level" value=""/>
    <property name="user.script" value=""/>
    <property name="user.country" value="US"/>
    <property name="sun.java.launcher" value="SUN_STANDARD"/>
    <property name="java.vm.specification.name" value="Java Virtual Machine Specification"/>
    <property name="user.dir" value="E:\SQA Work GIT\github-asif\javasqaproject\automationsqa"/>
    <property name="java.vm.compressedOopsMode" value="Zero based"/>
    <property name="java.runtime.version" value="11.0.13+10-LTS-370"/>
    <property name="java.awt.graphicsenv" value="sun.awt.Win32GraphicsEnvironment"/>
    <property name="os.arch" value="amd64"/>
    <property name="java.io.tmpdir" value="C:\Users\User\AppData\Local\Temp\"/>
    <property name="line.separator" value="&#10;"/>
    <property name="java.vm.specification.vendor" value="Oracle Corporation"/>
    <property name="user.variant" value=""/>
    <property name="os.name" value="Windows 10"/>
    <property name="classworlds.conf" value="C:\Program Files\apache-maven-3.8.4\bin\m2.conf"/>
    <property name="sun.jnu.encoding" value="Cp1252"/>
    <property name="java.library.path" value="C:\Users\User\Downloads\jdk-11.0.13_windows-x64_bin\jdk-11.0.13\bin;C:\Windows\Sun\Java\bin;C:\Windows\system32;C:\Windows;C:\Users\User\Downloads\jdk-11.0.13_windows-x64_bin\jdk-11.0.13\bin;C:\Windows\system32;C:\Windows;C:\Windows\System32\Wbem;C:\Windows\System32\WindowsPowerShell\v1.0\;C:\Windows\System32\OpenSSH\;C:\Program Files\Git\cmd;C:\Android;C:\Windows\System32;C:\Program Files\nodejs\;C:\Program Files\apache-maven-3.8.4\bin;C:\Program Files\jdk-17.0.2\bin;C:\Users\User\AppData\Local\Microsoft\WindowsApps;;C:\Program Files\JetBrains\IntelliJ IDEA Community Edition 2021.1\bin;;C:\Users\User\AppData\Local\Programs\Microsoft VS Code\bin;C:\Users\User\AppData\Roaming\npm;."/>
    <property name="maven.conf" value="C:\Program Files\apache-maven-3.8.4/conf"/>
    <property name="jdk.debug" value="release"/>
    <property name="java.class.version" value="55.0"/>
    <property name="java.specification.name" value="Java Platform API Specification"/>
    <property name="sun.management.compiler" value="HotSpot 64-Bit Tiered Compilers"/>
    <property name="os.version" value="10.0"/>
    <property name="library.jansi.path" value="C:\Program Files\apache-maven-3.8.4\lib\jansi-native"/>
    <property name="user.home" value="C:\Users\User"/>
    <property name="user.timezone" value="Asia/Dhaka"/>
    <property name="java.awt.printerjob" value="sun.awt.windows.WPrinterJob"/>
    <property name="file.encoding" value="Cp1252"/>
    <property name="java.specification.version" value="11"/>
    <property name="user.name" value="User"/>
    <property name="java.class.path" value="C:\Program Files\apache-maven-3.8.4\boot\plexus-classworlds-2.6.0.jar"/>
    <property name="java.vm.specification.version" value="11"/>
    <property name="sun.arch.data.model" value="64"/>
    <property name="sun.java.command" value="org.codehaus.plexus.classworlds.launcher.Launcher test"/>
    <property name="java.home" value="C:\Users\User\Downloads\jdk-11.0.13_windows-x64_bin\jdk-11.0.13"/>
    <property name="user.language" value="en"/>
    <property name="java.specification.vendor" value="Oracle Corporation"/>
    <property name="awt.toolkit" value="sun.awt.windows.WToolkit"/>
    <property name="java.vm.info" value="mixed mode"/>
    <property name="java.version" value="11.0.13"/>
    <property name="java.vendor" value="Oracle Corporation"/>
    <property name="sun.stderr.encoding" value="cp437"/>
    <property name="maven.home" value="C:\Program Files\apache-maven-3.8.4"/>
    <property name="file.separator" value="\"/>
    <property name="java.version.date" value="2021-10-19"/>
    <property name="java.vendor.url.bug" value="https://bugreport.java.com/bugreport/"/>
    <property name="sun.io.unicode.encoding" value="UnicodeLittle"/>
    <property name="sun.cpu.endian" value="little"/>
    <property name="java.vendor.version" value="18.9"/>
    <property name="sun.stdout.encoding" value="cp437"/>
    <property name="sun.desktop" value="windows"/>
    <property name="sun.cpu.isalist" value="amd64"/>
  </properties>
  <testcase name="testCase1RegisterUserTc" classname="com.javaproject.automationsqa.testcase.TestCase1RegisterUserTc" time="59.85"/>
  <testcase name="testCase2LogInWithCorrectEmailTc" classname="com.javaproject.automationsqa.testcase.TestCase2LogInWithCorrectEmailTc" time="15.1"/>
  <testcase name="testCase3LogInWithInCorrectEmailTc" classname="com.javaproject.automationsqa.testcase.TestCase3LogInWithInCorrectEmailTc" time="10.787"/>
  <testcase name="testCase4LogOutUserTc" classname="com.javaproject.automationsqa.testcase.TestCase4LogOutUserTc" time="21.815"/>
  <testcase name="testCase5RegisterUserWithExistingEmailTc" classname="com.javaproject.automationsqa.testcase.TestCase5RegisterUserWithExistingEmailTc" time="11.342"/>
  <testcase name="testCase6ContactUsFormTc" classname="com.javaproject.automationsqa.testcase.TestCase6ContactUsFormTc" time="3.762">
    <failure message="expected [https://www.automationexercise.com/contact_us] but found [https://www.automationexercise.com/video_tutorials]" type="java.lang.AssertionError">java.lang.AssertionError: expected [https://www.automationexercise.com/contact_us] but found [https://www.automationexercise.com/video_tutorials]
	at com.javaproject.automationsqa.testcase.TestCase6ContactUsFormTc.testCase6ContactUsFormTc(TestCase6ContactUsFormTc.java:21)
</failure>
    <system-out><![CDATA[Method is passing
]]></system-out>
    <system-err><![CDATA[Starting ChromeDriver 102.0.5005.61 (0e59bcc00cc4985ce39ad31c150065f159d95ad3-refs/branch-heads/5005@{#819}) on port 18792
Only local connections are allowed.
Please see https://chromedriver.chromium.org/security-considerations for suggestions on keeping ChromeDriver safe.
ChromeDriver was started successfully.
Jun 22, 2022 1:29:33 PM org.openqa.selenium.remote.ProtocolHandshake createSession
INFO: Detected dialect: W3C
]]></system-err>
  </testcase>
  <testcase name="testCase8VerifyAllProductsAndProductDetailTc" classname="com.javaproject.automationsqa.testcase.TestCase8VerifyAllProductsAndProductDetailTc" time="21.161"/>
  <testcase name="testCase9SearchProductTc" classname="com.javaproject.automationsqa.testcase.TestCase9SearchProductTc" time="17.333"/>
  <testcase name="testCase10VerifySubscriptionInHomeTc" classname="com.javaproject.automationsqa.testcase.TestCase10VerifySubscriptionInHomeTc" time="8.223"/>
  <testcase name="testCase11VerifySubscriptionInCartTc" classname="com.javaproject.automationsqa.testcase.TestCase11VerifySubscriptionInCartTc" time="9.805"/>
  <testcase name="testCase13VerifyProductQuantityInCartTc" classname="com.javaproject.automationsqa.testcase.TestCase13VerifyProductQuantityInCartTc" time="18.551"/>
  <testcase name="testCase14PlaceOrderRegisterWhileCheckoutTc" classname="com.javaproject.automationsqa.testcase.TestCase14PlaceOrderRegisterWhileCheckoutTc" time="64.069">
    <failure message="no such element: Unable to locate element: {&quot;method&quot;:&quot;xpath&quot;,&quot;selector&quot;:&quot;/html//section[@id=&apos;form&apos;]/div[@class=&apos;container&apos;]//form[@action=&apos;/signup&apos;]/div[1]/div[1]/label[@class=&apos;top&apos;]/div[@class=&apos;radio&apos;]//input[@name=&apos;title&apos;]&quot;}&#10;  (Session info: chrome=102.0.5005.115)&#10;For documentation on this error, please visit: http://seleniumhq.org/exceptions/no_such_element.html&#10;Build info: version: &apos;3.141.5&apos;, revision: &apos;d54ebd709a&apos;, time: &apos;2018-11-06T11:42:16&apos;&#10;System info: host: &apos;DESKTOP-BPA0BAS&apos;, ip: &apos;192.168.100.44&apos;, os.name: &apos;Windows 10&apos;, os.arch: &apos;amd64&apos;, os.version: &apos;10.0&apos;, java.version: &apos;11.0.13&apos;&#10;Driver info: org.openqa.selenium.chrome.ChromeDriver&#10;Capabilities {acceptInsecureCerts: false, browserName: chrome, browserVersion: 102.0.5005.115, chrome: {chromedriverVersion: 102.0.5005.61 (0e59bcc00cc4..., userDataDir: C:\Users\User\AppData\Local...}, goog:chromeOptions: {debuggerAddress: localhost:59403}, javascriptEnabled: true, networkConnectionEnabled: false, pageLoadStrategy: normal, platform: WINDOWS, platformName: WINDOWS, proxy: Proxy(), setWindowRect: true, strictFileInteractability: false, timeouts: {implicit: 0, pageLoad: 300000, script: 30000}, unhandledPromptBehavior: dismiss and notify, webauthn:extension:credBlob: true, webauthn:extension:largeBlob: true, webauthn:virtualAuthenticators: true}&#10;Session ID: e7339137cf7a5d05722129be2d67f258&#10;*** Element info: {Using=xpath, value=/html//section[@id=&apos;form&apos;]/div[@class=&apos;container&apos;]//form[@action=&apos;/signup&apos;]/div[1]/div[1]/label[@class=&apos;top&apos;]/div[@class=&apos;radio&apos;]//input[@name=&apos;title&apos;]}" type="org.openqa.selenium.NoSuchElementException">org.openqa.selenium.NoSuchElementException: 
no such element: Unable to locate element: {"method":"xpath","selector":"/html//section[@id='form']/div[@class='container']//form[@action='/signup']/div[1]/div[1]/label[@class='top']/div[@class='radio']//input[@name='title']"}
  (Session info: chrome=102.0.5005.115)
For documentation on this error, please visit: http://seleniumhq.org/exceptions/no_such_element.html
Build info: version: '3.141.5', revision: 'd54ebd709a', time: '2018-11-06T11:42:16'
System info: host: 'DESKTOP-BPA0BAS', ip: '192.168.100.44', os.name: 'Windows 10', os.arch: 'amd64', os.version: '10.0', java.version: '11.0.13'
Driver info: org.openqa.selenium.chrome.ChromeDriver
Capabilities {acceptInsecureCerts: false, browserName: chrome, browserVersion: 102.0.5005.115, chrome: {chromedriverVersion: 102.0.5005.61 (0e59bcc00cc4..., userDataDir: C:\Users\User\AppData\Local...}, goog:chromeOptions: {debuggerAddress: localhost:59403}, javascriptEnabled: true, networkConnectionEnabled: false, pageLoadStrategy: normal, platform: WINDOWS, platformName: WINDOWS, proxy: Proxy(), setWindowRect: true, strictFileInteractability: false, timeouts: {implicit: 0, pageLoad: 300000, script: 30000}, unhandledPromptBehavior: dismiss and notify, webauthn:extension:credBlob: true, webauthn:extension:largeBlob: true, webauthn:virtualAuthenticators: true}
Session ID: e7339137cf7a5d05722129be2d67f258
*** Element info: {Using=xpath, value=/html//section[@id='form']/div[@class='container']//form[@action='/signup']/div[1]/div[1]/label[@class='top']/div[@class='radio']//input[@name='title']}
	at com.javaproject.automationsqa.testcase.TestCase14PlaceOrderRegisterWhileCheckoutTc.testCase14PlaceOrderRegisterWhileCheckoutTc(TestCase14PlaceOrderRegisterWhileCheckoutTc.java:70)
</failure>
    <system-out><![CDATA[Method is passing
You are watching slider, so you are at HOME PAGE
Ypu are at Home page
You are at cart page
]]></system-out>
    <system-err><![CDATA[Starting ChromeDriver 102.0.5005.61 (0e59bcc00cc4985ce39ad31c150065f159d95ad3-refs/branch-heads/5005@{#819}) on port 33662
Only local connections are allowed.
Please see https://chromedriver.chromium.org/security-considerations for suggestions on keeping ChromeDriver safe.
ChromeDriver was started successfully.
Jun 22, 2022 1:31:38 PM org.openqa.selenium.remote.ProtocolHandshake createSession
INFO: Detected dialect: W3C
]]></system-err>
  </testcase>
  <testcase name="testCase15PlaceOrderRegisterBeforeCheckoutTc" classname="com.javaproject.automationsqa.testcase.TestCase15PlaceOrderRegisterBeforeCheckoutTc" time="45.453">
    <failure message="no such element: Unable to locate element: {&quot;method&quot;:&quot;xpath&quot;,&quot;selector&quot;:&quot;/html//section[@id=&apos;form&apos;]/div[@class=&apos;container&apos;]//form[@action=&apos;/signup&apos;]/div[1]/div[1]/label[@class=&apos;top&apos;]/div[@class=&apos;radio&apos;]//input[@name=&apos;title&apos;]&quot;}&#10;  (Session info: chrome=102.0.5005.115)&#10;For documentation on this error, please visit: http://seleniumhq.org/exceptions/no_such_element.html&#10;Build info: version: &apos;3.141.5&apos;, revision: &apos;d54ebd709a&apos;, time: &apos;2018-11-06T11:42:16&apos;&#10;System info: host: &apos;DESKTOP-BPA0BAS&apos;, ip: &apos;192.168.100.44&apos;, os.name: &apos;Windows 10&apos;, os.arch: &apos;amd64&apos;, os.version: &apos;10.0&apos;, java.version: &apos;11.0.13&apos;&#10;Driver info: org.openqa.selenium.chrome.ChromeDriver&#10;Capabilities {acceptInsecureCerts: false, browserName: chrome, browserVersion: 102.0.5005.115, chrome: {chromedriverVersion: 102.0.5005.61 (0e59bcc00cc4..., userDataDir: C:\Users\User\AppData\Local...}, goog:chromeOptions: {debuggerAddress: localhost:59460}, javascriptEnabled: true, networkConnectionEnabled: false, pageLoadStrategy: normal, platform: WINDOWS, platformName: WINDOWS, proxy: Proxy(), setWindowRect: true, strictFileInteractability: false, timeouts: {implicit: 0, pageLoad: 300000, script: 30000}, unhandledPromptBehavior: dismiss and notify, webauthn:extension:credBlob: true, webauthn:extension:largeBlob: true, webauthn:virtualAuthenticators: true}&#10;Session ID: a7e4bd9099550387ded8e9b4024aa558&#10;*** Element info: {Using=xpath, value=/html//section[@id=&apos;form&apos;]/div[@class=&apos;container&apos;]//form[@action=&apos;/signup&apos;]/div[1]/div[1]/label[@class=&apos;top&apos;]/div[@class=&apos;radio&apos;]//input[@name=&apos;title&apos;]}" type="org.openqa.selenium.NoSuchElementException">org.openqa.selenium.NoSuchElementException: 
no such element: Unable to locate element: {"method":"xpath","selector":"/html//section[@id='form']/div[@class='container']//form[@action='/signup']/div[1]/div[1]/label[@class='top']/div[@class='radio']//input[@name='title']"}
  (Session info: chrome=102.0.5005.115)
For documentation on this error, please visit: http://seleniumhq.org/exceptions/no_such_element.html
Build info: version: '3.141.5', revision: 'd54ebd709a', time: '2018-11-06T11:42:16'
System info: host: 'DESKTOP-BPA0BAS', ip: '192.168.100.44', os.name: 'Windows 10', os.arch: 'amd64', os.version: '10.0', java.version: '11.0.13'
Driver info: org.openqa.selenium.chrome.ChromeDriver
Capabilities {acceptInsecureCerts: false, browserName: chrome, browserVersion: 102.0.5005.115, chrome: {chromedriverVersion: 102.0.5005.61 (0e59bcc00cc4..., userDataDir: C:\Users\User\AppData\Local...}, goog:chromeOptions: {debuggerAddress: localhost:59460}, javascriptEnabled: true, networkConnectionEnabled: false, pageLoadStrategy: normal, platform: WINDOWS, platformName: WINDOWS, proxy: Proxy(), setWindowRect: true, strictFileInteractability: false, timeouts: {implicit: 0, pageLoad: 300000, script: 30000}, unhandledPromptBehavior: dismiss and notify, webauthn:extension:credBlob: true, webauthn:extension:largeBlob: true, webauthn:virtualAuthenticators: true}
Session ID: a7e4bd9099550387ded8e9b4024aa558
*** Element info: {Using=xpath, value=/html//section[@id='form']/div[@class='container']//form[@action='/signup']/div[1]/div[1]/label[@class='top']/div[@class='radio']//input[@name='title']}
	at com.javaproject.automationsqa.testcase.TestCase15PlaceOrderRegisterBeforeCheckoutTc.testCase15PlaceOrderRegisterBeforeCheckoutTc(TestCase15PlaceOrderRegisterBeforeCheckoutTc.java:46)
</failure>
    <system-out><![CDATA[Method is passing
Ypu are at Home page
]]></system-out>
    <system-err><![CDATA[Starting ChromeDriver 102.0.5005.61 (0e59bcc00cc4985ce39ad31c150065f159d95ad3-refs/branch-heads/5005@{#819}) on port 5594
Only local connections are allowed.
Please see https://chromedriver.chromium.org/security-considerations for suggestions on keeping ChromeDriver safe.
ChromeDriver was started successfully.
Jun 22, 2022 1:32:50 PM org.openqa.selenium.remote.ProtocolHandshake createSession
INFO: Detected dialect: W3C
]]></system-err>
  </testcase>
  <testcase name="testCase16PlaceOrderLoginBeforeCheckoutTc" classname="com.javaproject.automationsqa.testcase.TestCase16PlaceOrderLoginBeforeCheckoutTc" time="73.944"/>
  <testcase name="testCase17RemoveProductsFromCartTc" classname="com.javaproject.automationsqa.testcase.TestCase17RemoveProductsFromCartTc" time="17.41"/>
  <testcase name="testCase18ViewCategoryProductsTc" classname="com.javaproject.automationsqa.testcase.TestCase18ViewCategoryProductsTc" time="16.39"/>
  <testcase name="testCase19ViewAndCartBrandProductsTc" classname="com.javaproject.automationsqa.testcase.TestCase19ViewAndCartBrandProductsTc" time="30.751"/>
  <testcase name="testCase20SearchProductsAndVerifyCartAfterLoginTc" classname="com.javaproject.automationsqa.testcase.TestCase20SearchProductsAndVerifyCartAfterLoginTc" time="61.6"/>
  <testcase name="testCase21AddReviewOnProductTc" classname="com.javaproject.automationsqa.testcase.TestCase21AddReviewOnProductTc" time="44.306"/>
  <testcase name="testCase22AddToCartFromRecommendedItemsTc" classname="com.javaproject.automationsqa.testcase.TestCase22AddToCartFromRecommendedItemsTc" time="14.74"/>
  <testcase name="testCase23VerifyAddressDetailsInCheckoutPageTc" classname="com.javaproject.automationsqa.testcase.TestCase23VerifyAddressDetailsInCheckoutPageTc" time="38.291">
    <failure message="no such element: Unable to locate element: {&quot;method&quot;:&quot;xpath&quot;,&quot;selector&quot;:&quot;/html//section[@id=&apos;form&apos;]/div[@class=&apos;container&apos;]//form[@action=&apos;/signup&apos;]/div[1]/div[1]/label[@class=&apos;top&apos;]/div[@class=&apos;radio&apos;]//input[@name=&apos;title&apos;]&quot;}&#10;  (Session info: chrome=102.0.5005.115)&#10;For documentation on this error, please visit: http://seleniumhq.org/exceptions/no_such_element.html&#10;Build info: version: &apos;3.141.5&apos;, revision: &apos;d54ebd709a&apos;, time: &apos;2018-11-06T11:42:16&apos;&#10;System info: host: &apos;DESKTOP-BPA0BAS&apos;, ip: &apos;192.168.100.44&apos;, os.name: &apos;Windows 10&apos;, os.arch: &apos;amd64&apos;, os.version: &apos;10.0&apos;, java.version: &apos;11.0.13&apos;&#10;Driver info: org.openqa.selenium.chrome.ChromeDriver&#10;Capabilities {acceptInsecureCerts: false, browserName: chrome, browserVersion: 102.0.5005.115, chrome: {chromedriverVersion: 102.0.5005.61 (0e59bcc00cc4..., userDataDir: C:\Users\User\AppData\Local...}, goog:chromeOptions: {debuggerAddress: localhost:64687}, javascriptEnabled: true, networkConnectionEnabled: false, pageLoadStrategy: normal, platform: WINDOWS, platformName: WINDOWS, proxy: Proxy(), setWindowRect: true, strictFileInteractability: false, timeouts: {implicit: 0, pageLoad: 300000, script: 30000}, unhandledPromptBehavior: dismiss and notify, webauthn:extension:credBlob: true, webauthn:extension:largeBlob: true, webauthn:virtualAuthenticators: true}&#10;Session ID: 370388e72d2171864ed3493745abb314&#10;*** Element info: {Using=xpath, value=/html//section[@id=&apos;form&apos;]/div[@class=&apos;container&apos;]//form[@action=&apos;/signup&apos;]/div[1]/div[1]/label[@class=&apos;top&apos;]/div[@class=&apos;radio&apos;]//input[@name=&apos;title&apos;]}" type="org.openqa.selenium.NoSuchElementException">org.openqa.selenium.NoSuchElementException: 
no such element: Unable to locate element: {"method":"xpath","selector":"/html//section[@id='form']/div[@class='container']//form[@action='/signup']/div[1]/div[1]/label[@class='top']/div[@class='radio']//input[@name='title']"}
  (Session info: chrome=102.0.5005.115)
For documentation on this error, please visit: http://seleniumhq.org/exceptions/no_such_element.html
Build info: version: '3.141.5', revision: 'd54ebd709a', time: '2018-11-06T11:42:16'
System info: host: 'DESKTOP-BPA0BAS', ip: '192.168.100.44', os.name: 'Windows 10', os.arch: 'amd64', os.version: '10.0', java.version: '11.0.13'
Driver info: org.openqa.selenium.chrome.ChromeDriver
Capabilities {acceptInsecureCerts: false, browserName: chrome, browserVersion: 102.0.5005.115, chrome: {chromedriverVersion: 102.0.5005.61 (0e59bcc00cc4..., userDataDir: C:\Users\User\AppData\Local...}, goog:chromeOptions: {debuggerAddress: localhost:64687}, javascriptEnabled: true, networkConnectionEnabled: false, pageLoadStrategy: normal, platform: WINDOWS, platformName: WINDOWS, proxy: Proxy(), setWindowRect: true, strictFileInteractability: false, timeouts: {implicit: 0, pageLoad: 300000, script: 30000}, unhandledPromptBehavior: dismiss and notify, webauthn:extension:credBlob: true, webauthn:extension:largeBlob: true, webauthn:virtualAuthenticators: true}
Session ID: 370388e72d2171864ed3493745abb314
*** Element info: {Using=xpath, value=/html//section[@id='form']/div[@class='container']//form[@action='/signup']/div[1]/div[1]/label[@class='top']/div[@class='radio']//input[@name='title']}
	at com.javaproject.automationsqa.testcase.TestCase23VerifyAddressDetailsInCheckoutPageTc.testCase23VerifyAddressDetailsInCheckoutPageTc(TestCase23VerifyAddressDetailsInCheckoutPageTc.java:38)
</failure>
    <system-out><![CDATA[Method is passing
https://www.automationexercise.com/
]]></system-out>
    <system-err><![CDATA[Starting ChromeDriver 102.0.5005.61 (0e59bcc00cc4985ce39ad31c150065f159d95ad3-refs/branch-heads/5005@{#819}) on port 42309
Only local connections are allowed.
Please see https://chromedriver.chromium.org/security-considerations for suggestions on keeping ChromeDriver safe.
ChromeDriver was started successfully.
Jun 22, 2022 1:38:58 PM org.openqa.selenium.remote.ProtocolHandshake createSession
INFO: Detected dialect: W3C
]]></system-err>
  </testcase>
  <testcase name="testCase24DownloadInvoiceAfterPurchaseOrderTc" classname="com.javaproject.automationsqa.testcase.TestCase24DownloadInvoiceAfterPurchaseOrderTc" time="64.052">
    <failure message="no such element: Unable to locate element: {&quot;method&quot;:&quot;xpath&quot;,&quot;selector&quot;:&quot;/html//section[@id=&apos;form&apos;]/div[@class=&apos;container&apos;]//form[@action=&apos;/signup&apos;]/div[1]/div[1]/label[@class=&apos;top&apos;]/div[@class=&apos;radio&apos;]//input[@name=&apos;title&apos;]&quot;}&#10;  (Session info: chrome=102.0.5005.115)&#10;For documentation on this error, please visit: http://seleniumhq.org/exceptions/no_such_element.html&#10;Build info: version: &apos;3.141.5&apos;, revision: &apos;d54ebd709a&apos;, time: &apos;2018-11-06T11:42:16&apos;&#10;System info: host: &apos;DESKTOP-BPA0BAS&apos;, ip: &apos;192.168.100.44&apos;, os.name: &apos;Windows 10&apos;, os.arch: &apos;amd64&apos;, os.version: &apos;10.0&apos;, java.version: &apos;11.0.13&apos;&#10;Driver info: org.openqa.selenium.chrome.ChromeDriver&#10;Capabilities {acceptInsecureCerts: false, browserName: chrome, browserVersion: 102.0.5005.115, chrome: {chromedriverVersion: 102.0.5005.61 (0e59bcc00cc4..., userDataDir: C:\Users\User\AppData\Local...}, goog:chromeOptions: {debuggerAddress: localhost:64737}, javascriptEnabled: true, networkConnectionEnabled: false, pageLoadStrategy: normal, platform: WINDOWS, platformName: WINDOWS, proxy: Proxy(), setWindowRect: true, strictFileInteractability: false, timeouts: {implicit: 0, pageLoad: 300000, script: 30000}, unhandledPromptBehavior: dismiss and notify, webauthn:extension:credBlob: true, webauthn:extension:largeBlob: true, webauthn:virtualAuthenticators: true}&#10;Session ID: 750aadda71799800df0f7066837aad96&#10;*** Element info: {Using=xpath, value=/html//section[@id=&apos;form&apos;]/div[@class=&apos;container&apos;]//form[@action=&apos;/signup&apos;]/div[1]/div[1]/label[@class=&apos;top&apos;]/div[@class=&apos;radio&apos;]//input[@name=&apos;title&apos;]}" type="org.openqa.selenium.NoSuchElementException">org.openqa.selenium.NoSuchElementException: 
no such element: Unable to locate element: {"method":"xpath","selector":"/html//section[@id='form']/div[@class='container']//form[@action='/signup']/div[1]/div[1]/label[@class='top']/div[@class='radio']//input[@name='title']"}
  (Session info: chrome=102.0.5005.115)
For documentation on this error, please visit: http://seleniumhq.org/exceptions/no_such_element.html
Build info: version: '3.141.5', revision: 'd54ebd709a', time: '2018-11-06T11:42:16'
System info: host: 'DESKTOP-BPA0BAS', ip: '192.168.100.44', os.name: 'Windows 10', os.arch: 'amd64', os.version: '10.0', java.version: '11.0.13'
Driver info: org.openqa.selenium.chrome.ChromeDriver
Capabilities {acceptInsecureCerts: false, browserName: chrome, browserVersion: 102.0.5005.115, chrome: {chromedriverVersion: 102.0.5005.61 (0e59bcc00cc4..., userDataDir: C:\Users\User\AppData\Local...}, goog:chromeOptions: {debuggerAddress: localhost:64737}, javascriptEnabled: true, networkConnectionEnabled: false, pageLoadStrategy: normal, platform: WINDOWS, platformName: WINDOWS, proxy: Proxy(), setWindowRect: true, strictFileInteractability: false, timeouts: {implicit: 0, pageLoad: 300000, script: 30000}, unhandledPromptBehavior: dismiss and notify, webauthn:extension:credBlob: true, webauthn:extension:largeBlob: true, webauthn:virtualAuthenticators: true}
Session ID: 750aadda71799800df0f7066837aad96
*** Element info: {Using=xpath, value=/html//section[@id='form']/div[@class='container']//form[@action='/signup']/div[1]/div[1]/label[@class='top']/div[@class='radio']//input[@name='title']}
	at com.javaproject.automationsqa.testcase.TestCase24DownloadInvoiceAfterPurchaseOrderTc.testCase24DownloadInvoiceAfterPurchaseOrderTc(TestCase24DownloadInvoiceAfterPurchaseOrderTc.java:74)
</failure>
    <system-out><![CDATA[Method is passing
You are watching slider, so you are at HOME PAGE
Ypu are at Home page
You are at cart page
]]></system-out>
    <system-err><![CDATA[Starting ChromeDriver 102.0.5005.61 (0e59bcc00cc4985ce39ad31c150065f159d95ad3-refs/branch-heads/5005@{#819}) on port 8747
Only local connections are allowed.
Please see https://chromedriver.chromium.org/security-considerations for suggestions on keeping ChromeDriver safe.
ChromeDriver was started successfully.
Jun 22, 2022 1:39:44 PM org.openqa.selenium.remote.ProtocolHandshake createSession
INFO: Detected dialect: W3C
]]></system-err>
  </testcase>
  <testcase name="testCase25VerifyScrollUpUsingArrowButtonAndScrollDownFunctionalityTc" classname="com.javaproject.automationsqa.testcase.TestCase25VerifyScrollUpUsingArrowButtonAndScrollDownFunctionalityTc" time="7.26"/>
  <testcase name="testCase26VerifyScrollUpWithoutArrowButtonAndScrollDownFunctionalityTc" classname="com.javaproject.automationsqa.testcase.TestCase26VerifyScrollUpWithoutArrowButtonAndScrollDownFunctionalityTc" time="9.767"/>
</testsuite>