<?xml version="1.0" encoding="UTF-8"?>
<testng-results ignored="2" total="26" passed="19" failed="5" skipped="0">
  <reporter-output>
  </reporter-output>
  <suite started-at="2022-06-22T13:26:53 BDT" name="Regression" finished-at="2022-06-22T13:41:27 BDT" duration-ms="873967">
    <groups>
    </groups>
    <test started-at="2022-06-22T13:26:53 BDT" name="UITest" finished-at="2022-06-22T13:41:27 BDT" duration-ms="873967">
      <class name="com.javaproject.automationsqa.testcase.TestCase21AddReviewOnProductTc">
        <test-method is-config="true" signature="beforeClass()[pri:0, instance:com.javaproject.automationsqa.testcase.TestCase21AddReviewOnProductTc@67c33749]" started-at="2022-06-22T13:37:42 BDT" name="beforeClass" finished-at="2022-06-22T13:37:43 BDT" duration-ms="1246" status="PASS">
          <reporter-output>
          </reporter-output>
        </test-method> <!-- beforeClass -->
        <test-method is-config="true" signature="beforeMethod()[pri:0, instance:com.javaproject.automationsqa.testcase.TestCase21AddReviewOnProductTc@67c33749]" started-at="2022-06-22T13:37:43 BDT" name="beforeMethod" finished-at="2022-06-22T13:37:49 BDT" duration-ms="5835" status="PASS">
          <reporter-output>
          </reporter-output>
        </test-method> <!-- beforeMethod -->
        <test-method signature="testCase21AddReviewOnProductTc()[pri:0, instance:com.javaproject.automationsqa.testcase.TestCase21AddReviewOnProductTc@67c33749]" started-at="2022-06-22T13:37:49 BDT" name="testCase21AddReviewOnProductTc" finished-at="2022-06-22T13:38:33 BDT" duration-ms="44306" status="PASS">
          <reporter-output>
          </reporter-output>
        </test-method> <!-- testCase21AddReviewOnProductTc -->
        <test-method is-config="true" signature="afterTest()[pri:0, instance:com.javaproject.automationsqa.testcase.TestCase21AddReviewOnProductTc@67c33749]" started-at="2022-06-22T13:38:33 BDT" name="afterTest" finished-at="2022-06-22T13:38:33 BDT" duration-ms="0" status="PASS">
          <reporter-output>
          </reporter-output>
        </test-method> <!-- afterTest -->
        <test-method is-config="true" signature="afterClass()[pri:0, instance:com.javaproject.automationsqa.testcase.TestCase21AddReviewOnProductTc@67c33749]" started-at="2022-06-22T13:38:33 BDT" name="afterClass" finished-at="2022-06-22T13:38:34 BDT" duration-ms="704" status="PASS">
          <reporter-output>
          </reporter-output>
        </test-method> <!-- afterClass -->
      </class> <!-- com.javaproject.automationsqa.testcase.TestCase21AddReviewOnProductTc -->
      <class name="com.javaproject.automationsqa.testcase.TestCase3LogInWithInCorrectEmailTc">
        <test-method is-config="true" signature="beforeClass()[pri:0, instance:com.javaproject.automationsqa.testcase.TestCase3LogInWithInCorrectEmailTc@49c7b90e]" started-at="2022-06-22T13:28:25 BDT" name="beforeClass" finished-at="2022-06-22T13:28:26 BDT" duration-ms="1372" status="PASS">
          <reporter-output>
          </reporter-output>
        </test-method> <!-- beforeClass -->
        <test-method is-config="true" signature="beforeMethod()[pri:0, instance:com.javaproject.automationsqa.testcase.TestCase3LogInWithInCorrectEmailTc@49c7b90e]" started-at="2022-06-22T13:28:26 BDT" name="beforeMethod" finished-at="2022-06-22T13:28:32 BDT" duration-ms="5753" status="PASS">
          <reporter-output>
          </reporter-output>
        </test-method> <!-- beforeMethod -->
        <test-method signature="testCase3LogInWithInCorrectEmailTc()[pri:0, instance:com.javaproject.automationsqa.testcase.TestCase3LogInWithInCorrectEmailTc@49c7b90e]" started-at="2022-06-22T13:28:32 BDT" name="testCase3LogInWithInCorrectEmailTc" finished-at="2022-06-22T13:28:43 BDT" duration-ms="10787" status="PASS">
          <reporter-output>
          </reporter-output>
        </test-method> <!-- testCase3LogInWithInCorrectEmailTc -->
        <test-method is-config="true" signature="afterClass()[pri:0, instance:com.javaproject.automationsqa.testcase.TestCase3LogInWithInCorrectEmailTc@49c7b90e]" started-at="2022-06-22T13:28:43 BDT" name="afterClass" finished-at="2022-06-22T13:28:43 BDT" duration-ms="699" status="PASS">
          <reporter-output>
          </reporter-output>
        </test-method> <!-- afterClass -->
        <test-method is-config="true" signature="afterTest()[pri:0, instance:com.javaproject.automationsqa.testcase.TestCase3LogInWithInCorrectEmailTc@49c7b90e]" started-at="2022-06-22T13:28:43 BDT" name="afterTest" finished-at="2022-06-22T13:28:43 BDT" duration-ms="0" status="PASS">
          <reporter-output>
          </reporter-output>
        </test-method> <!-- afterTest -->
      </class> <!-- com.javaproject.automationsqa.testcase.TestCase3LogInWithInCorrectEmailTc -->
      <class name="com.javaproject.automationsqa.testcase.TestCase24DownloadInvoiceAfterPurchaseOrderTc">
        <test-method is-config="true" signature="beforeClass()[pri:0, instance:com.javaproject.automationsqa.testcase.TestCase24DownloadInvoiceAfterPurchaseOrderTc@fa49800]" started-at="2022-06-22T13:39:43 BDT" name="beforeClass" finished-at="2022-06-22T13:39:44 BDT" duration-ms="1248" status="PASS">
          <reporter-output>
          </reporter-output>
        </test-method> <!-- beforeClass -->
        <test-method is-config="true" signature="beforeMethod()[pri:0, instance:com.javaproject.automationsqa.testcase.TestCase24DownloadInvoiceAfterPurchaseOrderTc@fa49800]" started-at="2022-06-22T13:39:44 BDT" name="beforeMethod" finished-at="2022-06-22T13:39:50 BDT" duration-ms="5947" status="PASS">
          <reporter-output>
          </reporter-output>
        </test-method> <!-- beforeMethod -->
        <test-method signature="testCase24DownloadInvoiceAfterPurchaseOrderTc()[pri:0, instance:com.javaproject.automationsqa.testcase.TestCase24DownloadInvoiceAfterPurchaseOrderTc@fa49800]" started-at="2022-06-22T13:39:50 BDT" name="testCase24DownloadInvoiceAfterPurchaseOrderTc" finished-at="2022-06-22T13:40:54 BDT" duration-ms="64051" status="FAIL">
          <exception class="org.openqa.selenium.NoSuchElementException">
            <message>
              <![CDATA[no such element: Unable to locate element: {"method":"xpath","selector":"/html//section[@id='form']/div[@class='container']//form[@action='/signup']/div[1]/div[1]/label[@class='top']/div[@class='radio']//input[@name='title']"}
  (Session info: chrome=102.0.5005.115)
For documentation on this error, please visit: http://seleniumhq.org/exceptions/no_such_element.html
Build info: version: '3.141.5', revision: 'd54ebd709a', time: '2018-11-06T11:42:16'
System info: host: 'DESKTOP-BPA0BAS', ip: '192.168.100.44', os.name: 'Windows 10', os.arch: 'amd64', os.version: '10.0', java.version: '11.0.13'
Driver info: org.openqa.selenium.chrome.ChromeDriver
Capabilities {acceptInsecureCerts: false, browserName: chrome, browserVersion: 102.0.5005.115, chrome: {chromedriverVersion: 102.0.5005.61 (0e59bcc00cc4..., userDataDir: C:\Users\User\AppData\Local...}, goog:chromeOptions: {debuggerAddress: localhost:64737}, javascriptEnabled: true, networkConnectionEnabled: false, pageLoadStrategy: normal, platform: WINDOWS, platformName: WINDOWS, proxy: Proxy(), setWindowRect: true, strictFileInteractability: false, timeouts: {implicit: 0, pageLoad: 300000, script: 30000}, unhandledPromptBehavior: dismiss and notify, webauthn:extension:credBlob: true, webauthn:extension:largeBlob: true, webauthn:virtualAuthenticators: true}
Session ID: 750aadda71799800df0f7066837aad96
*** Element info: {Using=xpath, value=/html//section[@id='form']/div[@class='container']//form[@action='/signup']/div[1]/div[1]/label[@class='top']/div[@class='radio']//input[@name='title']}]]>
            </message>
            <full-stacktrace>
              <![CDATA[org.openqa.selenium.NoSuchElementException: no such element: Unable to locate element: {"method":"xpath","selector":"/html//section[@id='form']/div[@class='container']//form[@action='/signup']/div[1]/div[1]/label[@class='top']/div[@class='radio']//input[@name='title']"}
  (Session info: chrome=102.0.5005.115)
For documentation on this error, please visit: http://seleniumhq.org/exceptions/no_such_element.html
Build info: version: '3.141.5', revision: 'd54ebd709a', time: '2018-11-06T11:42:16'
System info: host: 'DESKTOP-BPA0BAS', ip: '192.168.100.44', os.name: 'Windows 10', os.arch: 'amd64', os.version: '10.0', java.version: '11.0.13'
Driver info: org.openqa.selenium.chrome.ChromeDriver
Capabilities {acceptInsecureCerts: false, browserName: chrome, browserVersion: 102.0.5005.115, chrome: {chromedriverVersion: 102.0.5005.61 (0e59bcc00cc4..., userDataDir: C:\Users\User\AppData\Local...}, goog:chromeOptions: {debuggerAddress: localhost:64737}, javascriptEnabled: true, networkConnectionEnabled: false, pageLoadStrategy: normal, platform: WINDOWS, platformName: WINDOWS, proxy: Proxy(), setWindowRect: true, strictFileInteractability: false, timeouts: {implicit: 0, pageLoad: 300000, script: 30000}, unhandledPromptBehavior: dismiss and notify, webauthn:extension:credBlob: true, webauthn:extension:largeBlob: true, webauthn:virtualAuthenticators: true}
Session ID: 750aadda71799800df0f7066837aad96
*** Element info: {Using=xpath, value=/html//section[@id='form']/div[@class='container']//form[@action='/signup']/div[1]/div[1]/label[@class='top']/div[@class='radio']//input[@name='title']}
at java.base/jdk.internal.reflect.NativeConstructorAccessorImpl.newInstance0(Native Method)
at java.base/jdk.internal.reflect.NativeConstructorAccessorImpl.newInstance(NativeConstructorAccessorImpl.java:62)
at java.base/jdk.internal.reflect.DelegatingConstructorAccessorImpl.newInstance(DelegatingConstructorAccessorImpl.java:45)
at java.base/java.lang.reflect.Constructor.newInstance(Constructor.java:490)
at org.openqa.selenium.remote.http.W3CHttpResponseCodec.createException(W3CHttpResponseCodec.java:187)
at org.openqa.selenium.remote.http.W3CHttpResponseCodec.decode(W3CHttpResponseCodec.java:122)
at org.openqa.selenium.remote.http.W3CHttpResponseCodec.decode(W3CHttpResponseCodec.java:49)
at org.openqa.selenium.remote.HttpCommandExecutor.execute(HttpCommandExecutor.java:158)
at org.openqa.selenium.remote.service.DriverCommandExecutor.execute(DriverCommandExecutor.java:83)
at org.openqa.selenium.remote.RemoteWebDriver.execute(RemoteWebDriver.java:552)
at org.openqa.selenium.remote.RemoteWebDriver.findElement(RemoteWebDriver.java:323)
at org.openqa.selenium.remote.RemoteWebDriver.findElementByXPath(RemoteWebDriver.java:428)
at org.openqa.selenium.By$ByXPath.findElement(By.java:353)
at org.openqa.selenium.remote.RemoteWebDriver.findElement(RemoteWebDriver.java:315)
at org.openqa.selenium.support.pagefactory.DefaultElementLocator.findElement(DefaultElementLocator.java:69)
at org.openqa.selenium.support.pagefactory.internal.LocatingElementHandler.invoke(LocatingElementHandler.java:38)
at com.sun.proxy.$Proxy10.click(Unknown Source)
at com.javaproject.automationsqa.testcase.TestCase24DownloadInvoiceAfterPurchaseOrderTc.testCase24DownloadInvoiceAfterPurchaseOrderTc(TestCase24DownloadInvoiceAfterPurchaseOrderTc.java:74)
at java.base/jdk.internal.reflect.NativeMethodAccessorImpl.invoke0(Native Method)
at java.base/jdk.internal.reflect.NativeMethodAccessorImpl.invoke(NativeMethodAccessorImpl.java:62)
at java.base/jdk.internal.reflect.DelegatingMethodAccessorImpl.invoke(DelegatingMethodAccessorImpl.java:43)
at java.base/java.lang.reflect.Method.invoke(Method.java:566)
at org.testng.internal.invokers.MethodInvocationHelper.invokeMethod(MethodInvocationHelper.java:139)
at org.testng.internal.invokers.TestInvoker.invokeMethod(TestInvoker.java:677)
at org.testng.internal.invokers.TestInvoker.invokeTestMethod(TestInvoker.java:221)
at org.testng.internal.invokers.MethodRunner.runInSequence(MethodRunner.java:50)
at org.testng.internal.invokers.TestInvoker$MethodInvocationAgent.invoke(TestInvoker.java:962)
at org.testng.internal.invokers.TestInvoker.invokeTestMethods(TestInvoker.java:194)
at org.testng.internal.invokers.TestMethodWorker.invokeTestMethods(TestMethodWorker.java:148)
at org.testng.internal.invokers.TestMethodWorker.run(TestMethodWorker.java:128)
at java.base/java.util.ArrayList.forEach(ArrayList.java:1541)
at org.testng.TestRunner.privateRun(TestRunner.java:806)
at org.testng.TestRunner.run(TestRunner.java:601)
at org.testng.SuiteRunner.runTest(SuiteRunner.java:433)
at org.testng.SuiteRunner.runSequentially(SuiteRunner.java:427)
at org.testng.SuiteRunner.privateRun(SuiteRunner.java:387)
at org.testng.SuiteRunner.run(SuiteRunner.java:330)
at org.testng.SuiteRunnerWorker.runSuite(SuiteRunnerWorker.java:52)
at org.testng.SuiteRunnerWorker.run(SuiteRunnerWorker.java:95)
at org.testng.TestNG.runSuitesSequentially(TestNG.java:1256)
at org.testng.TestNG.runSuitesLocally(TestNG.java:1176)
at org.testng.TestNG.runSuites(TestNG.java:1099)
at org.testng.TestNG.run(TestNG.java:1067)
at org.apache.maven.surefire.testng.TestNGExecutor.run(TestNGExecutor.java:281)
at org.apache.maven.surefire.testng.TestNGXmlTestSuite.execute(TestNGXmlTestSuite.java:75)
at org.apache.maven.surefire.testng.TestNGProvider.invoke(TestNGProvider.java:121)
at org.apache.maven.surefire.booter.ForkedBooter.invokeProviderInSameClassLoader(ForkedBooter.java:290)
at org.apache.maven.surefire.booter.ForkedBooter.runSuitesInProcess(ForkedBooter.java:242)
at org.apache.maven.surefire.booter.ForkedBooter.main(ForkedBooter.java:121)
]]>
            </full-stacktrace>
          </exception> <!-- org.openqa.selenium.NoSuchElementException -->
          <reporter-output>
          </reporter-output>
        </test-method> <!-- testCase24DownloadInvoiceAfterPurchaseOrderTc -->
        <test-method is-config="true" signature="afterClass()[pri:0, instance:com.javaproject.automationsqa.testcase.TestCase24DownloadInvoiceAfterPurchaseOrderTc@fa49800]" started-at="2022-06-22T13:40:54 BDT" name="afterClass" finished-at="2022-06-22T13:40:55 BDT" duration-ms="657" status="PASS">
          <reporter-output>
          </reporter-output>
        </test-method> <!-- afterClass -->
        <test-method is-config="true" signature="afterTest()[pri:0, instance:com.javaproject.automationsqa.testcase.TestCase24DownloadInvoiceAfterPurchaseOrderTc@fa49800]" started-at="2022-06-22T13:40:54 BDT" name="afterTest" finished-at="2022-06-22T13:40:54 BDT" duration-ms="0" status="PASS">
          <reporter-output>
          </reporter-output>
        </test-method> <!-- afterTest -->
      </class> <!-- com.javaproject.automationsqa.testcase.TestCase24DownloadInvoiceAfterPurchaseOrderTc -->
      <class name="com.javaproject.automationsqa.testcase.TestCase25VerifyScrollUpUsingArrowButtonAndScrollDownFunctionalityTc">
        <test-method is-config="true" signature="beforeClass()[pri:0, instance:com.javaproject.automationsqa.testcase.TestCase25VerifyScrollUpUsingArrowButtonAndScrollDownFunctionalityTc@71238fc2]" started-at="2022-06-22T13:40:55 BDT" name="beforeClass" finished-at="2022-06-22T13:40:56 BDT" duration-ms="1318" status="PASS">
          <reporter-output>
          </reporter-output>
        </test-method> <!-- beforeClass -->
        <test-method is-config="true" signature="beforeMethod()[pri:0, instance:com.javaproject.automationsqa.testcase.TestCase25VerifyScrollUpUsingArrowButtonAndScrollDownFunctionalityTc@71238fc2]" started-at="2022-06-22T13:40:56 BDT" name="beforeMethod" finished-at="2022-06-22T13:41:02 BDT" duration-ms="5774" status="PASS">
          <reporter-output>
          </reporter-output>
        </test-method> <!-- beforeMethod -->
        <test-method signature="testCase25VerifyScrollUpUsingArrowButtonAndScrollDownFunctionalityTc()[pri:0, instance:com.javaproject.automationsqa.testcase.TestCase25VerifyScrollUpUsingArrowButtonAndScrollDownFunctionalityTc@71238fc2]" started-at="2022-06-22T13:41:02 BDT" name="testCase25VerifyScrollUpUsingArrowButtonAndScrollDownFunctionalityTc" finished-at="2022-06-22T13:41:09 BDT" duration-ms="7260" status="PASS">
          <reporter-output>
          </reporter-output>
        </test-method> <!-- testCase25VerifyScrollUpUsingArrowButtonAndScrollDownFunctionalityTc -->
        <test-method is-config="true" signature="afterTest()[pri:0, instance:com.javaproject.automationsqa.testcase.TestCase25VerifyScrollUpUsingArrowButtonAndScrollDownFunctionalityTc@71238fc2]" started-at="2022-06-22T13:41:09 BDT" name="afterTest" finished-at="2022-06-22T13:41:09 BDT" duration-ms="1" status="PASS">
          <reporter-output>
          </reporter-output>
        </test-method> <!-- afterTest -->
        <test-method is-config="true" signature="afterClass()[pri:0, instance:com.javaproject.automationsqa.testcase.TestCase25VerifyScrollUpUsingArrowButtonAndScrollDownFunctionalityTc@71238fc2]" started-at="2022-06-22T13:41:09 BDT" name="afterClass" finished-at="2022-06-22T13:41:10 BDT" duration-ms="653" status="PASS">
          <reporter-output>
          </reporter-output>
        </test-method> <!-- afterClass -->
      </class> <!-- com.javaproject.automationsqa.testcase.TestCase25VerifyScrollUpUsingArrowButtonAndScrollDownFunctionalityTc -->
      <class name="com.javaproject.automationsqa.testcase.TestCase8VerifyAllProductsAndProductDetailTc">
        <test-method is-config="true" signature="beforeClass()[pri:0, instance:com.javaproject.automationsqa.testcase.TestCase8VerifyAllProductsAndProductDetailTc@429bffaa]" started-at="2022-06-22T13:29:44 BDT" name="beforeClass" finished-at="2022-06-22T13:29:45 BDT" duration-ms="1308" status="PASS">
          <reporter-output>
          </reporter-output>
        </test-method> <!-- beforeClass -->
        <test-method is-config="true" signature="beforeMethod()[pri:0, instance:com.javaproject.automationsqa.testcase.TestCase8VerifyAllProductsAndProductDetailTc@429bffaa]" started-at="2022-06-22T13:29:45 BDT" name="beforeMethod" finished-at="2022-06-22T13:29:50 BDT" duration-ms="5547" status="PASS">
          <reporter-output>
          </reporter-output>
        </test-method> <!-- beforeMethod -->
        <test-method signature="testCase8VerifyAllProductsAndProductDetailTc()[pri:0, instance:com.javaproject.automationsqa.testcase.TestCase8VerifyAllProductsAndProductDetailTc@429bffaa]" started-at="2022-06-22T13:29:50 BDT" name="testCase8VerifyAllProductsAndProductDetailTc" finished-at="2022-06-22T13:30:12 BDT" duration-ms="21162" status="PASS">
          <reporter-output>
          </reporter-output>
        </test-method> <!-- testCase8VerifyAllProductsAndProductDetailTc -->
        <test-method is-config="true" signature="afterTest()[pri:0, instance:com.javaproject.automationsqa.testcase.TestCase8VerifyAllProductsAndProductDetailTc@429bffaa]" started-at="2022-06-22T13:30:12 BDT" name="afterTest" finished-at="2022-06-22T13:30:12 BDT" duration-ms="0" status="PASS">
          <reporter-output>
          </reporter-output>
        </test-method> <!-- afterTest -->
        <test-method is-config="true" signature="afterClass()[pri:0, instance:com.javaproject.automationsqa.testcase.TestCase8VerifyAllProductsAndProductDetailTc@429bffaa]" started-at="2022-06-22T13:30:12 BDT" name="afterClass" finished-at="2022-06-22T13:30:12 BDT" duration-ms="674" status="PASS">
          <reporter-output>
          </reporter-output>
        </test-method> <!-- afterClass -->
      </class> <!-- com.javaproject.automationsqa.testcase.TestCase8VerifyAllProductsAndProductDetailTc -->
      <class name="com.javaproject.automationsqa.testcase.TestCase23VerifyAddressDetailsInCheckoutPageTc">
        <test-method is-config="true" signature="beforeClass()[pri:0, instance:com.javaproject.automationsqa.testcase.TestCase23VerifyAddressDetailsInCheckoutPageTc@662b4c69]" started-at="2022-06-22T13:38:57 BDT" name="beforeClass" finished-at="2022-06-22T13:38:58 BDT" duration-ms="1310" status="PASS">
          <reporter-output>
          </reporter-output>
        </test-method> <!-- beforeClass -->
        <test-method is-config="true" signature="beforeMethod()[pri:0, instance:com.javaproject.automationsqa.testcase.TestCase23VerifyAddressDetailsInCheckoutPageTc@662b4c69]" started-at="2022-06-22T13:38:58 BDT" name="beforeMethod" finished-at="2022-06-22T13:39:04 BDT" duration-ms="5608" status="PASS">
          <reporter-output>
          </reporter-output>
        </test-method> <!-- beforeMethod -->
        <test-method signature="testCase23VerifyAddressDetailsInCheckoutPageTc()[pri:0, instance:com.javaproject.automationsqa.testcase.TestCase23VerifyAddressDetailsInCheckoutPageTc@662b4c69]" started-at="2022-06-22T13:39:04 BDT" name="testCase23VerifyAddressDetailsInCheckoutPageTc" finished-at="2022-06-22T13:39:42 BDT" duration-ms="38290" status="FAIL">
          <exception class="org.openqa.selenium.NoSuchElementException">
            <message>
              <![CDATA[no such element: Unable to locate element: {"method":"xpath","selector":"/html//section[@id='form']/div[@class='container']//form[@action='/signup']/div[1]/div[1]/label[@class='top']/div[@class='radio']//input[@name='title']"}
  (Session info: chrome=102.0.5005.115)
For documentation on this error, please visit: http://seleniumhq.org/exceptions/no_such_element.html
Build info: version: '3.141.5', revision: 'd54ebd709a', time: '2018-11-06T11:42:16'
System info: host: 'DESKTOP-BPA0BAS', ip: '192.168.100.44', os.name: 'Windows 10', os.arch: 'amd64', os.version: '10.0', java.version: '11.0.13'
Driver info: org.openqa.selenium.chrome.ChromeDriver
Capabilities {acceptInsecureCerts: false, browserName: chrome, browserVersion: 102.0.5005.115, chrome: {chromedriverVersion: 102.0.5005.61 (0e59bcc00cc4..., userDataDir: C:\Users\User\AppData\Local...}, goog:chromeOptions: {debuggerAddress: localhost:64687}, javascriptEnabled: true, networkConnectionEnabled: false, pageLoadStrategy: normal, platform: WINDOWS, platformName: WINDOWS, proxy: Proxy(), setWindowRect: true, strictFileInteractability: false, timeouts: {implicit: 0, pageLoad: 300000, script: 30000}, unhandledPromptBehavior: dismiss and notify, webauthn:extension:credBlob: true, webauthn:extension:largeBlob: true, webauthn:virtualAuthenticators: true}
Session ID: 370388e72d2171864ed3493745abb314
*** Element info: {Using=xpath, value=/html//section[@id='form']/div[@class='container']//form[@action='/signup']/div[1]/div[1]/label[@class='top']/div[@class='radio']//input[@name='title']}]]>
            </message>
            <full-stacktrace>
              <![CDATA[org.openqa.selenium.NoSuchElementException: no such element: Unable to locate element: {"method":"xpath","selector":"/html//section[@id='form']/div[@class='container']//form[@action='/signup']/div[1]/div[1]/label[@class='top']/div[@class='radio']//input[@name='title']"}
  (Session info: chrome=102.0.5005.115)
For documentation on this error, please visit: http://seleniumhq.org/exceptions/no_such_element.html
Build info: version: '3.141.5', revision: 'd54ebd709a', time: '2018-11-06T11:42:16'
System info: host: 'DESKTOP-BPA0BAS', ip: '192.168.100.44', os.name: 'Windows 10', os.arch: 'amd64', os.version: '10.0', java.version: '11.0.13'
Driver info: org.openqa.selenium.chrome.ChromeDriver
Capabilities {acceptInsecureCerts: false, browserName: chrome, browserVersion: 102.0.5005.115, chrome: {chromedriverVersion: 102.0.5005.61 (0e59bcc00cc4..., userDataDir: C:\Users\User\AppData\Local...}, goog:chromeOptions: {debuggerAddress: localhost:64687}, javascriptEnabled: true, networkConnectionEnabled: false, pageLoadStrategy: normal, platform: WINDOWS, platformName: WINDOWS, proxy: Proxy(), setWindowRect: true, strictFileInteractability: false, timeouts: {implicit: 0, pageLoad: 300000, script: 30000}, unhandledPromptBehavior: dismiss and notify, webauthn:extension:credBlob: true, webauthn:extension:largeBlob: true, webauthn:virtualAuthenticators: true}
Session ID: 370388e72d2171864ed3493745abb314
*** Element info: {Using=xpath, value=/html//section[@id='form']/div[@class='container']//form[@action='/signup']/div[1]/div[1]/label[@class='top']/div[@class='radio']//input[@name='title']}
at java.base/jdk.internal.reflect.NativeConstructorAccessorImpl.newInstance0(Native Method)
at java.base/jdk.internal.reflect.NativeConstructorAccessorImpl.newInstance(NativeConstructorAccessorImpl.java:62)
at java.base/jdk.internal.reflect.DelegatingConstructorAccessorImpl.newInstance(DelegatingConstructorAccessorImpl.java:45)
at java.base/java.lang.reflect.Constructor.newInstance(Constructor.java:490)
at org.openqa.selenium.remote.http.W3CHttpResponseCodec.createException(W3CHttpResponseCodec.java:187)
at org.openqa.selenium.remote.http.W3CHttpResponseCodec.decode(W3CHttpResponseCodec.java:122)
at org.openqa.selenium.remote.http.W3CHttpResponseCodec.decode(W3CHttpResponseCodec.java:49)
at org.openqa.selenium.remote.HttpCommandExecutor.execute(HttpCommandExecutor.java:158)
at org.openqa.selenium.remote.service.DriverCommandExecutor.execute(DriverCommandExecutor.java:83)
at org.openqa.selenium.remote.RemoteWebDriver.execute(RemoteWebDriver.java:552)
at org.openqa.selenium.remote.RemoteWebDriver.findElement(RemoteWebDriver.java:323)
at org.openqa.selenium.remote.RemoteWebDriver.findElementByXPath(RemoteWebDriver.java:428)
at org.openqa.selenium.By$ByXPath.findElement(By.java:353)
at org.openqa.selenium.remote.RemoteWebDriver.findElement(RemoteWebDriver.java:315)
at org.openqa.selenium.support.pagefactory.DefaultElementLocator.findElement(DefaultElementLocator.java:69)
at org.openqa.selenium.support.pagefactory.internal.LocatingElementHandler.invoke(LocatingElementHandler.java:38)
at com.sun.proxy.$Proxy10.click(Unknown Source)
at com.javaproject.automationsqa.testcase.TestCase23VerifyAddressDetailsInCheckoutPageTc.testCase23VerifyAddressDetailsInCheckoutPageTc(TestCase23VerifyAddressDetailsInCheckoutPageTc.java:38)
at java.base/jdk.internal.reflect.NativeMethodAccessorImpl.invoke0(Native Method)
at java.base/jdk.internal.reflect.NativeMethodAccessorImpl.invoke(NativeMethodAccessorImpl.java:62)
at java.base/jdk.internal.reflect.DelegatingMethodAccessorImpl.invoke(DelegatingMethodAccessorImpl.java:43)
at java.base/java.lang.reflect.Method.invoke(Method.java:566)
at org.testng.internal.invokers.MethodInvocationHelper.invokeMethod(MethodInvocationHelper.java:139)
at org.testng.internal.invokers.TestInvoker.invokeMethod(TestInvoker.java:677)
at org.testng.internal.invokers.TestInvoker.invokeTestMethod(TestInvoker.java:221)
at org.testng.internal.invokers.MethodRunner.runInSequence(MethodRunner.java:50)
at org.testng.internal.invokers.TestInvoker$MethodInvocationAgent.invoke(TestInvoker.java:962)
at org.testng.internal.invokers.TestInvoker.invokeTestMethods(TestInvoker.java:194)
at org.testng.internal.invokers.TestMethodWorker.invokeTestMethods(TestMethodWorker.java:148)
at org.testng.internal.invokers.TestMethodWorker.run(TestMethodWorker.java:128)
at java.base/java.util.ArrayList.forEach(ArrayList.java:1541)
at org.testng.TestRunner.privateRun(TestRunner.java:806)
at org.testng.TestRunner.run(TestRunner.java:601)
at org.testng.SuiteRunner.runTest(SuiteRunner.java:433)
at org.testng.SuiteRunner.runSequentially(SuiteRunner.java:427)
at org.testng.SuiteRunner.privateRun(SuiteRunner.java:387)
at org.testng.SuiteRunner.run(SuiteRunner.java:330)
at org.testng.SuiteRunnerWorker.runSuite(SuiteRunnerWorker.java:52)
at org.testng.SuiteRunnerWorker.run(SuiteRunnerWorker.java:95)
at org.testng.TestNG.runSuitesSequentially(TestNG.java:1256)
at org.testng.TestNG.runSuitesLocally(TestNG.java:1176)
at org.testng.TestNG.runSuites(TestNG.java:1099)
at org.testng.TestNG.run(TestNG.java:1067)
at org.apache.maven.surefire.testng.TestNGExecutor.run(TestNGExecutor.java:281)
at org.apache.maven.surefire.testng.TestNGXmlTestSuite.execute(TestNGXmlTestSuite.java:75)
at org.apache.maven.surefire.testng.TestNGProvider.invoke(TestNGProvider.java:121)
at org.apache.maven.surefire.booter.ForkedBooter.invokeProviderInSameClassLoader(ForkedBooter.java:290)
at org.apache.maven.surefire.booter.ForkedBooter.runSuitesInProcess(ForkedBooter.java:242)
at org.apache.maven.surefire.booter.ForkedBooter.main(ForkedBooter.java:121)
]]>
            </full-stacktrace>
          </exception> <!-- org.openqa.selenium.NoSuchElementException -->
          <reporter-output>
          </reporter-output>
        </test-method> <!-- testCase23VerifyAddressDetailsInCheckoutPageTc -->
        <test-method is-config="true" signature="afterTest()[pri:0, instance:com.javaproject.automationsqa.testcase.TestCase23VerifyAddressDetailsInCheckoutPageTc@662b4c69]" started-at="2022-06-22T13:39:42 BDT" name="afterTest" finished-at="2022-06-22T13:39:42 BDT" duration-ms="0" status="PASS">
          <reporter-output>
          </reporter-output>
        </test-method> <!-- afterTest -->
        <test-method is-config="true" signature="afterClass()[pri:0, instance:com.javaproject.automationsqa.testcase.TestCase23VerifyAddressDetailsInCheckoutPageTc@662b4c69]" started-at="2022-06-22T13:39:42 BDT" name="afterClass" finished-at="2022-06-22T13:39:43 BDT" duration-ms="654" status="PASS">
          <reporter-output>
          </reporter-output>
        </test-method> <!-- afterClass -->
      </class> <!-- com.javaproject.automationsqa.testcase.TestCase23VerifyAddressDetailsInCheckoutPageTc -->
      <class name="com.javaproject.automationsqa.testcase.TestCase9SearchProductTc">
        <test-method is-config="true" signature="beforeClass()[pri:0, instance:com.javaproject.automationsqa.testcase.TestCase9SearchProductTc@5403f35f]" started-at="2022-06-22T13:30:12 BDT" name="beforeClass" finished-at="2022-06-22T13:30:14 BDT" duration-ms="1312" status="PASS">
          <reporter-output>
          </reporter-output>
        </test-method> <!-- beforeClass -->
        <test-method is-config="true" signature="beforeMethod()[pri:0, instance:com.javaproject.automationsqa.testcase.TestCase9SearchProductTc@5403f35f]" started-at="2022-06-22T13:30:14 BDT" name="beforeMethod" finished-at="2022-06-22T13:30:20 BDT" duration-ms="6116" status="PASS">
          <reporter-output>
          </reporter-output>
        </test-method> <!-- beforeMethod -->
        <test-method signature="testCase9SearchProductTc()[pri:0, instance:com.javaproject.automationsqa.testcase.TestCase9SearchProductTc@5403f35f]" started-at="2022-06-22T13:30:20 BDT" name="testCase9SearchProductTc" finished-at="2022-06-22T13:30:37 BDT" duration-ms="17333" status="PASS">
          <reporter-output>
          </reporter-output>
        </test-method> <!-- testCase9SearchProductTc -->
        <test-method is-config="true" signature="afterTest()[pri:0, instance:com.javaproject.automationsqa.testcase.TestCase9SearchProductTc@5403f35f]" started-at="2022-06-22T13:30:37 BDT" name="afterTest" finished-at="2022-06-22T13:30:37 BDT" duration-ms="0" status="PASS">
          <reporter-output>
          </reporter-output>
        </test-method> <!-- afterTest -->
        <test-method is-config="true" signature="afterClass()[pri:0, instance:com.javaproject.automationsqa.testcase.TestCase9SearchProductTc@5403f35f]" started-at="2022-06-22T13:30:37 BDT" name="afterClass" finished-at="2022-06-22T13:30:38 BDT" duration-ms="699" status="PASS">
          <reporter-output>
          </reporter-output>
        </test-method> <!-- afterClass -->
      </class> <!-- com.javaproject.automationsqa.testcase.TestCase9SearchProductTc -->
      <class name="com.javaproject.automationsqa.testcase.TestCase20SearchProductsAndVerifyCartAfterLoginTc">
        <test-method is-config="true" signature="beforeClass()[pri:0, instance:com.javaproject.automationsqa.testcase.TestCase20SearchProductsAndVerifyCartAfterLoginTc@78123e82]" started-at="2022-06-22T13:36:32 BDT" name="beforeClass" finished-at="2022-06-22T13:36:34 BDT" duration-ms="1335" status="PASS">
          <reporter-output>
          </reporter-output>
        </test-method> <!-- beforeClass -->
        <test-method is-config="true" signature="beforeMethod()[pri:0, instance:com.javaproject.automationsqa.testcase.TestCase20SearchProductsAndVerifyCartAfterLoginTc@78123e82]" started-at="2022-06-22T13:36:34 BDT" name="beforeMethod" finished-at="2022-06-22T13:36:39 BDT" duration-ms="5956" status="PASS">
          <reporter-output>
          </reporter-output>
        </test-method> <!-- beforeMethod -->
        <test-method signature="testCase20SearchProductsAndVerifyCartAfterLoginTc()[pri:0, instance:com.javaproject.automationsqa.testcase.TestCase20SearchProductsAndVerifyCartAfterLoginTc@78123e82]" started-at="2022-06-22T13:36:39 BDT" name="testCase20SearchProductsAndVerifyCartAfterLoginTc" finished-at="2022-06-22T13:37:41 BDT" duration-ms="61600" status="PASS">
          <reporter-output>
          </reporter-output>
        </test-method> <!-- testCase20SearchProductsAndVerifyCartAfterLoginTc -->
        <test-method is-config="true" signature="afterTest()[pri:0, instance:com.javaproject.automationsqa.testcase.TestCase20SearchProductsAndVerifyCartAfterLoginTc@78123e82]" started-at="2022-06-22T13:37:41 BDT" name="afterTest" finished-at="2022-06-22T13:37:41 BDT" duration-ms="0" status="PASS">
          <reporter-output>
          </reporter-output>
        </test-method> <!-- afterTest -->
        <test-method is-config="true" signature="afterClass()[pri:0, instance:com.javaproject.automationsqa.testcase.TestCase20SearchProductsAndVerifyCartAfterLoginTc@78123e82]" started-at="2022-06-22T13:37:41 BDT" name="afterClass" finished-at="2022-06-22T13:37:42 BDT" duration-ms="731" status="PASS">
          <reporter-output>
          </reporter-output>
        </test-method> <!-- afterClass -->
      </class> <!-- com.javaproject.automationsqa.testcase.TestCase20SearchProductsAndVerifyCartAfterLoginTc -->
      <class name="com.javaproject.automationsqa.testcase.TestCase13VerifyProductQuantityInCartTc">
        <test-method is-config="true" signature="beforeClass()[pri:0, instance:com.javaproject.automationsqa.testcase.TestCase13VerifyProductQuantityInCartTc@28f3b248]" started-at="2022-06-22T13:31:11 BDT" name="beforeClass" finished-at="2022-06-22T13:31:12 BDT" duration-ms="1248" status="PASS">
          <reporter-output>
          </reporter-output>
        </test-method> <!-- beforeClass -->
        <test-method is-config="true" signature="beforeMethod()[pri:0, instance:com.javaproject.automationsqa.testcase.TestCase13VerifyProductQuantityInCartTc@28f3b248]" started-at="2022-06-22T13:31:12 BDT" name="beforeMethod" finished-at="2022-06-22T13:31:18 BDT" duration-ms="5936" status="PASS">
          <reporter-output>
          </reporter-output>
        </test-method> <!-- beforeMethod -->
        <test-method signature="testCase13VerifyProductQuantityInCartTc()[pri:0, instance:com.javaproject.automationsqa.testcase.TestCase13VerifyProductQuantityInCartTc@28f3b248]" started-at="2022-06-22T13:31:18 BDT" name="testCase13VerifyProductQuantityInCartTc" finished-at="2022-06-22T13:31:37 BDT" duration-ms="18551" status="PASS">
          <reporter-output>
          </reporter-output>
        </test-method> <!-- testCase13VerifyProductQuantityInCartTc -->
        <test-method is-config="true" signature="afterTest()[pri:0, instance:com.javaproject.automationsqa.testcase.TestCase13VerifyProductQuantityInCartTc@28f3b248]" started-at="2022-06-22T13:31:37 BDT" name="afterTest" finished-at="2022-06-22T13:31:37 BDT" duration-ms="0" status="PASS">
          <reporter-output>
          </reporter-output>
        </test-method> <!-- afterTest -->
        <test-method is-config="true" signature="afterClass()[pri:0, instance:com.javaproject.automationsqa.testcase.TestCase13VerifyProductQuantityInCartTc@28f3b248]" started-at="2022-06-22T13:31:37 BDT" name="afterClass" finished-at="2022-06-22T13:31:37 BDT" duration-ms="692" status="PASS">
          <reporter-output>
          </reporter-output>
        </test-method> <!-- afterClass -->
      </class> <!-- com.javaproject.automationsqa.testcase.TestCase13VerifyProductQuantityInCartTc -->
      <class name="com.javaproject.automationsqa.testcase.TestCase16PlaceOrderLoginBeforeCheckoutTc">
        <test-method is-config="true" signature="beforeClass()[pri:0, instance:com.javaproject.automationsqa.testcase.TestCase16PlaceOrderLoginBeforeCheckoutTc@581ac8a8]" started-at="2022-06-22T13:33:43 BDT" name="beforeClass" finished-at="2022-06-22T13:33:44 BDT" duration-ms="1222" status="PASS">
          <reporter-output>
          </reporter-output>
        </test-method> <!-- beforeClass -->
        <test-method is-config="true" signature="beforeMethod()[pri:0, instance:com.javaproject.automationsqa.testcase.TestCase16PlaceOrderLoginBeforeCheckoutTc@581ac8a8]" started-at="2022-06-22T13:33:44 BDT" name="beforeMethod" finished-at="2022-06-22T13:33:50 BDT" duration-ms="5694" status="PASS">
          <reporter-output>
          </reporter-output>
        </test-method> <!-- beforeMethod -->
        <test-method signature="testCase16PlaceOrderLoginBeforeCheckoutTc()[pri:0, instance:com.javaproject.automationsqa.testcase.TestCase16PlaceOrderLoginBeforeCheckoutTc@581ac8a8]" started-at="2022-06-22T13:33:50 BDT" name="testCase16PlaceOrderLoginBeforeCheckoutTc" finished-at="2022-06-22T13:35:03 BDT" duration-ms="73944" status="PASS">
          <reporter-output>
          </reporter-output>
        </test-method> <!-- testCase16PlaceOrderLoginBeforeCheckoutTc -->
        <test-method is-config="true" signature="afterTest()[pri:0, instance:com.javaproject.automationsqa.testcase.TestCase16PlaceOrderLoginBeforeCheckoutTc@581ac8a8]" started-at="2022-06-22T13:35:03 BDT" name="afterTest" finished-at="2022-06-22T13:35:03 BDT" duration-ms="0" status="PASS">
          <reporter-output>
          </reporter-output>
        </test-method> <!-- afterTest -->
        <test-method is-config="true" signature="afterClass()[pri:0, instance:com.javaproject.automationsqa.testcase.TestCase16PlaceOrderLoginBeforeCheckoutTc@581ac8a8]" started-at="2022-06-22T13:35:03 BDT" name="afterClass" finished-at="2022-06-22T13:35:04 BDT" duration-ms="694" status="PASS">
          <reporter-output>
          </reporter-output>
        </test-method> <!-- afterClass -->
      </class> <!-- com.javaproject.automationsqa.testcase.TestCase16PlaceOrderLoginBeforeCheckoutTc -->
      <class name="com.javaproject.automationsqa.testcase.TestCase14PlaceOrderRegisterWhileCheckoutTc">
        <test-method is-config="true" signature="beforeClass()[pri:0, instance:com.javaproject.automationsqa.testcase.TestCase14PlaceOrderRegisterWhileCheckoutTc@1b1426f4]" started-at="2022-06-22T13:31:37 BDT" name="beforeClass" finished-at="2022-06-22T13:31:39 BDT" duration-ms="1251" status="PASS">
          <reporter-output>
          </reporter-output>
        </test-method> <!-- beforeClass -->
        <test-method is-config="true" signature="beforeMethod()[pri:0, instance:com.javaproject.automationsqa.testcase.TestCase14PlaceOrderRegisterWhileCheckoutTc@1b1426f4]" started-at="2022-06-22T13:31:39 BDT" name="beforeMethod" finished-at="2022-06-22T13:31:45 BDT" duration-ms="5905" status="PASS">
          <reporter-output>
          </reporter-output>
        </test-method> <!-- beforeMethod -->
        <test-method signature="testCase14PlaceOrderRegisterWhileCheckoutTc()[pri:0, instance:com.javaproject.automationsqa.testcase.TestCase14PlaceOrderRegisterWhileCheckoutTc@1b1426f4]" started-at="2022-06-22T13:31:45 BDT" name="testCase14PlaceOrderRegisterWhileCheckoutTc" finished-at="2022-06-22T13:32:49 BDT" duration-ms="64068" status="FAIL">
          <exception class="org.openqa.selenium.NoSuchElementException">
            <message>
              <![CDATA[no such element: Unable to locate element: {"method":"xpath","selector":"/html//section[@id='form']/div[@class='container']//form[@action='/signup']/div[1]/div[1]/label[@class='top']/div[@class='radio']//input[@name='title']"}
  (Session info: chrome=102.0.5005.115)
For documentation on this error, please visit: http://seleniumhq.org/exceptions/no_such_element.html
Build info: version: '3.141.5', revision: 'd54ebd709a', time: '2018-11-06T11:42:16'
System info: host: 'DESKTOP-BPA0BAS', ip: '192.168.100.44', os.name: 'Windows 10', os.arch: 'amd64', os.version: '10.0', java.version: '11.0.13'
Driver info: org.openqa.selenium.chrome.ChromeDriver
Capabilities {acceptInsecureCerts: false, browserName: chrome, browserVersion: 102.0.5005.115, chrome: {chromedriverVersion: 102.0.5005.61 (0e59bcc00cc4..., userDataDir: C:\Users\User\AppData\Local...}, goog:chromeOptions: {debuggerAddress: localhost:59403}, javascriptEnabled: true, networkConnectionEnabled: false, pageLoadStrategy: normal, platform: WINDOWS, platformName: WINDOWS, proxy: Proxy(), setWindowRect: true, strictFileInteractability: false, timeouts: {implicit: 0, pageLoad: 300000, script: 30000}, unhandledPromptBehavior: dismiss and notify, webauthn:extension:credBlob: true, webauthn:extension:largeBlob: true, webauthn:virtualAuthenticators: true}
Session ID: e7339137cf7a5d05722129be2d67f258
*** Element info: {Using=xpath, value=/html//section[@id='form']/div[@class='container']//form[@action='/signup']/div[1]/div[1]/label[@class='top']/div[@class='radio']//input[@name='title']}]]>
            </message>
            <full-stacktrace>
              <![CDATA[org.openqa.selenium.NoSuchElementException: no such element: Unable to locate element: {"method":"xpath","selector":"/html//section[@id='form']/div[@class='container']//form[@action='/signup']/div[1]/div[1]/label[@class='top']/div[@class='radio']//input[@name='title']"}
  (Session info: chrome=102.0.5005.115)
For documentation on this error, please visit: http://seleniumhq.org/exceptions/no_such_element.html
Build info: version: '3.141.5', revision: 'd54ebd709a', time: '2018-11-06T11:42:16'
System info: host: 'DESKTOP-BPA0BAS', ip: '192.168.100.44', os.name: 'Windows 10', os.arch: 'amd64', os.version: '10.0', java.version: '11.0.13'
Driver info: org.openqa.selenium.chrome.ChromeDriver
Capabilities {acceptInsecureCerts: false, browserName: chrome, browserVersion: 102.0.5005.115, chrome: {chromedriverVersion: 102.0.5005.61 (0e59bcc00cc4..., userDataDir: C:\Users\User\AppData\Local...}, goog:chromeOptions: {debuggerAddress: localhost:59403}, javascriptEnabled: true, networkConnectionEnabled: false, pageLoadStrategy: normal, platform: WINDOWS, platformName: WINDOWS, proxy: Proxy(), setWindowRect: true, strictFileInteractability: false, timeouts: {implicit: 0, pageLoad: 300000, script: 30000}, unhandledPromptBehavior: dismiss and notify, webauthn:extension:credBlob: true, webauthn:extension:largeBlob: true, webauthn:virtualAuthenticators: true}
Session ID: e7339137cf7a5d05722129be2d67f258
*** Element info: {Using=xpath, value=/html//section[@id='form']/div[@class='container']//form[@action='/signup']/div[1]/div[1]/label[@class='top']/div[@class='radio']//input[@name='title']}
at java.base/jdk.internal.reflect.NativeConstructorAccessorImpl.newInstance0(Native Method)
at java.base/jdk.internal.reflect.NativeConstructorAccessorImpl.newInstance(NativeConstructorAccessorImpl.java:62)
at java.base/jdk.internal.reflect.DelegatingConstructorAccessorImpl.newInstance(DelegatingConstructorAccessorImpl.java:45)
at java.base/java.lang.reflect.Constructor.newInstance(Constructor.java:490)
at org.openqa.selenium.remote.http.W3CHttpResponseCodec.createException(W3CHttpResponseCodec.java:187)
at org.openqa.selenium.remote.http.W3CHttpResponseCodec.decode(W3CHttpResponseCodec.java:122)
at org.openqa.selenium.remote.http.W3CHttpResponseCodec.decode(W3CHttpResponseCodec.java:49)
at org.openqa.selenium.remote.HttpCommandExecutor.execute(HttpCommandExecutor.java:158)
at org.openqa.selenium.remote.service.DriverCommandExecutor.execute(DriverCommandExecutor.java:83)
at org.openqa.selenium.remote.RemoteWebDriver.execute(RemoteWebDriver.java:552)
at org.openqa.selenium.remote.RemoteWebDriver.findElement(RemoteWebDriver.java:323)
at org.openqa.selenium.remote.RemoteWebDriver.findElementByXPath(RemoteWebDriver.java:428)
at org.openqa.selenium.By$ByXPath.findElement(By.java:353)
at org.openqa.selenium.remote.RemoteWebDriver.findElement(RemoteWebDriver.java:315)
at org.openqa.selenium.support.pagefactory.DefaultElementLocator.findElement(DefaultElementLocator.java:69)
at org.openqa.selenium.support.pagefactory.internal.LocatingElementHandler.invoke(LocatingElementHandler.java:38)
at com.sun.proxy.$Proxy10.click(Unknown Source)
at com.javaproject.automationsqa.testcase.TestCase14PlaceOrderRegisterWhileCheckoutTc.testCase14PlaceOrderRegisterWhileCheckoutTc(TestCase14PlaceOrderRegisterWhileCheckoutTc.java:70)
at java.base/jdk.internal.reflect.NativeMethodAccessorImpl.invoke0(Native Method)
at java.base/jdk.internal.reflect.NativeMethodAccessorImpl.invoke(NativeMethodAccessorImpl.java:62)
at java.base/jdk.internal.reflect.DelegatingMethodAccessorImpl.invoke(DelegatingMethodAccessorImpl.java:43)
at java.base/java.lang.reflect.Method.invoke(Method.java:566)
at org.testng.internal.invokers.MethodInvocationHelper.invokeMethod(MethodInvocationHelper.java:139)
at org.testng.internal.invokers.TestInvoker.invokeMethod(TestInvoker.java:677)
at org.testng.internal.invokers.TestInvoker.invokeTestMethod(TestInvoker.java:221)
at org.testng.internal.invokers.MethodRunner.runInSequence(MethodRunner.java:50)
at org.testng.internal.invokers.TestInvoker$MethodInvocationAgent.invoke(TestInvoker.java:962)
at org.testng.internal.invokers.TestInvoker.invokeTestMethods(TestInvoker.java:194)
at org.testng.internal.invokers.TestMethodWorker.invokeTestMethods(TestMethodWorker.java:148)
at org.testng.internal.invokers.TestMethodWorker.run(TestMethodWorker.java:128)
at java.base/java.util.ArrayList.forEach(ArrayList.java:1541)
at org.testng.TestRunner.privateRun(TestRunner.java:806)
at org.testng.TestRunner.run(TestRunner.java:601)
at org.testng.SuiteRunner.runTest(SuiteRunner.java:433)
at org.testng.SuiteRunner.runSequentially(SuiteRunner.java:427)
at org.testng.SuiteRunner.privateRun(SuiteRunner.java:387)
at org.testng.SuiteRunner.run(SuiteRunner.java:330)
at org.testng.SuiteRunnerWorker.runSuite(SuiteRunnerWorker.java:52)
at org.testng.SuiteRunnerWorker.run(SuiteRunnerWorker.java:95)
at org.testng.TestNG.runSuitesSequentially(TestNG.java:1256)
at org.testng.TestNG.runSuitesLocally(TestNG.java:1176)
at org.testng.TestNG.runSuites(TestNG.java:1099)
at org.testng.TestNG.run(TestNG.java:1067)
at org.apache.maven.surefire.testng.TestNGExecutor.run(TestNGExecutor.java:281)
at org.apache.maven.surefire.testng.TestNGXmlTestSuite.execute(TestNGXmlTestSuite.java:75)
at org.apache.maven.surefire.testng.TestNGProvider.invoke(TestNGProvider.java:121)
at org.apache.maven.surefire.booter.ForkedBooter.invokeProviderInSameClassLoader(ForkedBooter.java:290)
at org.apache.maven.surefire.booter.ForkedBooter.runSuitesInProcess(ForkedBooter.java:242)
at org.apache.maven.surefire.booter.ForkedBooter.main(ForkedBooter.java:121)
]]>
            </full-stacktrace>
          </exception> <!-- org.openqa.selenium.NoSuchElementException -->
          <reporter-output>
          </reporter-output>
        </test-method> <!-- testCase14PlaceOrderRegisterWhileCheckoutTc -->
        <test-method is-config="true" signature="afterTest()[pri:0, instance:com.javaproject.automationsqa.testcase.TestCase14PlaceOrderRegisterWhileCheckoutTc@1b1426f4]" started-at="2022-06-22T13:32:49 BDT" name="afterTest" finished-at="2022-06-22T13:32:49 BDT" duration-ms="1" status="PASS">
          <reporter-output>
          </reporter-output>
        </test-method> <!-- afterTest -->
        <test-method is-config="true" signature="afterClass()[pri:0, instance:com.javaproject.automationsqa.testcase.TestCase14PlaceOrderRegisterWhileCheckoutTc@1b1426f4]" started-at="2022-06-22T13:32:49 BDT" name="afterClass" finished-at="2022-06-22T13:32:49 BDT" duration-ms="662" status="PASS">
          <reporter-output>
          </reporter-output>
        </test-method> <!-- afterClass -->
      </class> <!-- com.javaproject.automationsqa.testcase.TestCase14PlaceOrderRegisterWhileCheckoutTc -->
      <class name="com.javaproject.automationsqa.testcase.TestCase6ContactUsFormTc">
        <test-method is-config="true" signature="beforeClass()[pri:0, instance:com.javaproject.automationsqa.testcase.TestCase6ContactUsFormTc@3e84448c]" started-at="2022-06-22T13:29:32 BDT" name="beforeClass" finished-at="2022-06-22T13:29:33 BDT" duration-ms="1250" status="PASS">
          <reporter-output>
          </reporter-output>
        </test-method> <!-- beforeClass -->
        <test-method is-config="true" signature="beforeMethod()[pri:0, instance:com.javaproject.automationsqa.testcase.TestCase6ContactUsFormTc@3e84448c]" started-at="2022-06-22T13:29:33 BDT" name="beforeMethod" finished-at="2022-06-22T13:29:39 BDT" duration-ms="5866" status="PASS">
          <reporter-output>
          </reporter-output>
        </test-method> <!-- beforeMethod -->
        <test-method signature="testCase6ContactUsFormTc()[pri:0, instance:com.javaproject.automationsqa.testcase.TestCase6ContactUsFormTc@3e84448c]" started-at="2022-06-22T13:29:39 BDT" name="testCase6ContactUsFormTc" finished-at="2022-06-22T13:29:43 BDT" duration-ms="3753" status="FAIL">
          <exception class="java.lang.AssertionError">
            <message>
              <![CDATA[expected [https://www.automationexercise.com/contact_us] but found [https://www.automationexercise.com/video_tutorials]]]>
            </message>
            <full-stacktrace>
              <![CDATA[java.lang.AssertionError: expected [https://www.automationexercise.com/contact_us] but found [https://www.automationexercise.com/video_tutorials]
at org.testng.Assert.fail(Assert.java:110)
at org.testng.Assert.failNotEquals(Assert.java:1413)
at org.testng.Assert.assertEqualsImpl(Assert.java:149)
at org.testng.Assert.assertEquals(Assert.java:131)
at org.testng.Assert.assertEquals(Assert.java:655)
at org.testng.Assert.assertEquals(Assert.java:665)
at com.javaproject.automationsqa.testcase.TestCase6ContactUsFormTc.testCase6ContactUsFormTc(TestCase6ContactUsFormTc.java:21)
at java.base/jdk.internal.reflect.NativeMethodAccessorImpl.invoke0(Native Method)
at java.base/jdk.internal.reflect.NativeMethodAccessorImpl.invoke(NativeMethodAccessorImpl.java:62)
at java.base/jdk.internal.reflect.DelegatingMethodAccessorImpl.invoke(DelegatingMethodAccessorImpl.java:43)
at java.base/java.lang.reflect.Method.invoke(Method.java:566)
at org.testng.internal.invokers.MethodInvocationHelper.invokeMethod(MethodInvocationHelper.java:139)
at org.testng.internal.invokers.TestInvoker.invokeMethod(TestInvoker.java:677)
at org.testng.internal.invokers.TestInvoker.invokeTestMethod(TestInvoker.java:221)
at org.testng.internal.invokers.MethodRunner.runInSequence(MethodRunner.java:50)
at org.testng.internal.invokers.TestInvoker$MethodInvocationAgent.invoke(TestInvoker.java:962)
at org.testng.internal.invokers.TestInvoker.invokeTestMethods(TestInvoker.java:194)
at org.testng.internal.invokers.TestMethodWorker.invokeTestMethods(TestMethodWorker.java:148)
at org.testng.internal.invokers.TestMethodWorker.run(TestMethodWorker.java:128)
at java.base/java.util.ArrayList.forEach(ArrayList.java:1541)
at org.testng.TestRunner.privateRun(TestRunner.java:806)
at org.testng.TestRunner.run(TestRunner.java:601)
at org.testng.SuiteRunner.runTest(SuiteRunner.java:433)
at org.testng.SuiteRunner.runSequentially(SuiteRunner.java:427)
at org.testng.SuiteRunner.privateRun(SuiteRunner.java:387)
at org.testng.SuiteRunner.run(SuiteRunner.java:330)
at org.testng.SuiteRunnerWorker.runSuite(SuiteRunnerWorker.java:52)
at org.testng.SuiteRunnerWorker.run(SuiteRunnerWorker.java:95)
at org.testng.TestNG.runSuitesSequentially(TestNG.java:1256)
at org.testng.TestNG.runSuitesLocally(TestNG.java:1176)
at org.testng.TestNG.runSuites(TestNG.java:1099)
at org.testng.TestNG.run(TestNG.java:1067)
at org.apache.maven.surefire.testng.TestNGExecutor.run(TestNGExecutor.java:281)
at org.apache.maven.surefire.testng.TestNGXmlTestSuite.execute(TestNGXmlTestSuite.java:75)
at org.apache.maven.surefire.testng.TestNGProvider.invoke(TestNGProvider.java:121)
at org.apache.maven.surefire.booter.ForkedBooter.invokeProviderInSameClassLoader(ForkedBooter.java:290)
at org.apache.maven.surefire.booter.ForkedBooter.runSuitesInProcess(ForkedBooter.java:242)
at org.apache.maven.surefire.booter.ForkedBooter.main(ForkedBooter.java:121)
]]>
            </full-stacktrace>
          </exception> <!-- java.lang.AssertionError -->
          <reporter-output>
          </reporter-output>
        </test-method> <!-- testCase6ContactUsFormTc -->
        <test-method is-config="true" signature="afterClass()[pri:0, instance:com.javaproject.automationsqa.testcase.TestCase6ContactUsFormTc@3e84448c]" started-at="2022-06-22T13:29:43 BDT" name="afterClass" finished-at="2022-06-22T13:29:44 BDT" duration-ms="739" status="PASS">
          <reporter-output>
          </reporter-output>
        </test-method> <!-- afterClass -->
        <test-method is-config="true" signature="afterTest()[pri:0, instance:com.javaproject.automationsqa.testcase.TestCase6ContactUsFormTc@3e84448c]" started-at="2022-06-22T13:29:43 BDT" name="afterTest" finished-at="2022-06-22T13:29:43 BDT" duration-ms="0" status="PASS">
          <reporter-output>
          </reporter-output>
        </test-method> <!-- afterTest -->
      </class> <!-- com.javaproject.automationsqa.testcase.TestCase6ContactUsFormTc -->
      <class name="com.javaproject.automationsqa.testcase.TestCase26VerifyScrollUpWithoutArrowButtonAndScrollDownFunctionalityTc">
        <test-method is-config="true" signature="beforeClass()[pri:0, instance:com.javaproject.automationsqa.testcase.TestCase26VerifyScrollUpWithoutArrowButtonAndScrollDownFunctionalityTc@2a54a73f]" started-at="2022-06-22T13:41:10 BDT" name="beforeClass" finished-at="2022-06-22T13:41:11 BDT" duration-ms="1305" status="PASS">
          <reporter-output>
          </reporter-output>
        </test-method> <!-- beforeClass -->
        <test-method is-config="true" signature="beforeMethod()[pri:0, instance:com.javaproject.automationsqa.testcase.TestCase26VerifyScrollUpWithoutArrowButtonAndScrollDownFunctionalityTc@2a54a73f]" started-at="2022-06-22T13:41:11 BDT" name="beforeMethod" finished-at="2022-06-22T13:41:16 BDT" duration-ms="5466" status="PASS">
          <reporter-output>
          </reporter-output>
        </test-method> <!-- beforeMethod -->
        <test-method signature="testCase26VerifyScrollUpWithoutArrowButtonAndScrollDownFunctionalityTc()[pri:0, instance:com.javaproject.automationsqa.testcase.TestCase26VerifyScrollUpWithoutArrowButtonAndScrollDownFunctionalityTc@2a54a73f]" started-at="2022-06-22T13:41:16 BDT" name="testCase26VerifyScrollUpWithoutArrowButtonAndScrollDownFunctionalityTc" finished-at="2022-06-22T13:41:26 BDT" duration-ms="9767" status="PASS">
          <reporter-output>
          </reporter-output>
        </test-method> <!-- testCase26VerifyScrollUpWithoutArrowButtonAndScrollDownFunctionalityTc -->
        <test-method is-config="true" signature="afterTest()[pri:0, instance:com.javaproject.automationsqa.testcase.TestCase26VerifyScrollUpWithoutArrowButtonAndScrollDownFunctionalityTc@2a54a73f]" started-at="2022-06-22T13:41:26 BDT" name="afterTest" finished-at="2022-06-22T13:41:26 BDT" duration-ms="0" status="PASS">
          <reporter-output>
          </reporter-output>
        </test-method> <!-- afterTest -->
        <test-method is-config="true" signature="afterClass()[pri:0, instance:com.javaproject.automationsqa.testcase.TestCase26VerifyScrollUpWithoutArrowButtonAndScrollDownFunctionalityTc@2a54a73f]" started-at="2022-06-22T13:41:26 BDT" name="afterClass" finished-at="2022-06-22T13:41:27 BDT" duration-ms="663" status="PASS">
          <reporter-output>
          </reporter-output>
        </test-method> <!-- afterClass -->
      </class> <!-- com.javaproject.automationsqa.testcase.TestCase26VerifyScrollUpWithoutArrowButtonAndScrollDownFunctionalityTc -->
      <class name="com.javaproject.automationsqa.testcase.TestCase2LogInWithCorrectEmailTc">
        <test-method is-config="true" signature="beforeClass()[pri:0, instance:com.javaproject.automationsqa.testcase.TestCase2LogInWithCorrectEmailTc@73700b80]" started-at="2022-06-22T13:28:02 BDT" name="beforeClass" finished-at="2022-06-22T13:28:03 BDT" duration-ms="1259" status="PASS">
          <reporter-output>
          </reporter-output>
        </test-method> <!-- beforeClass -->
        <test-method is-config="true" signature="beforeMethod()[pri:0, instance:com.javaproject.automationsqa.testcase.TestCase2LogInWithCorrectEmailTc@73700b80]" started-at="2022-06-22T13:28:03 BDT" name="beforeMethod" finished-at="2022-06-22T13:28:09 BDT" duration-ms="5561" status="PASS">
          <reporter-output>
          </reporter-output>
        </test-method> <!-- beforeMethod -->
        <test-method signature="testCase2LogInWithCorrectEmailTc()[pri:0, instance:com.javaproject.automationsqa.testcase.TestCase2LogInWithCorrectEmailTc@73700b80]" started-at="2022-06-22T13:28:09 BDT" name="testCase2LogInWithCorrectEmailTc" finished-at="2022-06-22T13:28:24 BDT" duration-ms="15100" status="PASS">
          <reporter-output>
          </reporter-output>
        </test-method> <!-- testCase2LogInWithCorrectEmailTc -->
        <test-method is-config="true" signature="afterTest()[pri:0, instance:com.javaproject.automationsqa.testcase.TestCase2LogInWithCorrectEmailTc@73700b80]" started-at="2022-06-22T13:28:24 BDT" name="afterTest" finished-at="2022-06-22T13:28:24 BDT" duration-ms="0" status="PASS">
          <reporter-output>
          </reporter-output>
        </test-method> <!-- afterTest -->
        <test-method is-config="true" signature="afterClass()[pri:0, instance:com.javaproject.automationsqa.testcase.TestCase2LogInWithCorrectEmailTc@73700b80]" started-at="2022-06-22T13:28:24 BDT" name="afterClass" finished-at="2022-06-22T13:28:25 BDT" duration-ms="680" status="PASS">
          <reporter-output>
          </reporter-output>
        </test-method> <!-- afterClass -->
      </class> <!-- com.javaproject.automationsqa.testcase.TestCase2LogInWithCorrectEmailTc -->
      <class name="com.javaproject.automationsqa.testcase.TestCase4LogOutUserTc">
        <test-method is-config="true" signature="beforeClass()[pri:0, instance:com.javaproject.automationsqa.testcase.TestCase4LogOutUserTc@10d307f1]" started-at="2022-06-22T13:28:43 BDT" name="beforeClass" finished-at="2022-06-22T13:28:45 BDT" duration-ms="1238" status="PASS">
          <reporter-output>
          </reporter-output>
        </test-method> <!-- beforeClass -->
        <test-method is-config="true" signature="beforeMethod()[pri:0, instance:com.javaproject.automationsqa.testcase.TestCase4LogOutUserTc@10d307f1]" started-at="2022-06-22T13:28:45 BDT" name="beforeMethod" finished-at="2022-06-22T13:28:50 BDT" duration-ms="5700" status="PASS">
          <reporter-output>
          </reporter-output>
        </test-method> <!-- beforeMethod -->
        <test-method signature="testCase4LogOutUserTc()[pri:0, instance:com.javaproject.automationsqa.testcase.TestCase4LogOutUserTc@10d307f1]" started-at="2022-06-22T13:28:50 BDT" name="testCase4LogOutUserTc" finished-at="2022-06-22T13:29:12 BDT" duration-ms="21815" status="PASS">
          <reporter-output>
          </reporter-output>
        </test-method> <!-- testCase4LogOutUserTc -->
        <test-method is-config="true" signature="afterClass()[pri:0, instance:com.javaproject.automationsqa.testcase.TestCase4LogOutUserTc@10d307f1]" started-at="2022-06-22T13:29:12 BDT" name="afterClass" finished-at="2022-06-22T13:29:13 BDT" duration-ms="693" status="PASS">
          <reporter-output>
          </reporter-output>
        </test-method> <!-- afterClass -->
        <test-method is-config="true" signature="afterTest()[pri:0, instance:com.javaproject.automationsqa.testcase.TestCase4LogOutUserTc@10d307f1]" started-at="2022-06-22T13:29:12 BDT" name="afterTest" finished-at="2022-06-22T13:29:12 BDT" duration-ms="0" status="PASS">
          <reporter-output>
          </reporter-output>
        </test-method> <!-- afterTest -->
      </class> <!-- com.javaproject.automationsqa.testcase.TestCase4LogOutUserTc -->
      <class name="com.javaproject.automationsqa.testcase.TestCase15PlaceOrderRegisterBeforeCheckoutTc">
        <test-method is-config="true" signature="beforeClass()[pri:0, instance:com.javaproject.automationsqa.testcase.TestCase15PlaceOrderRegisterBeforeCheckoutTc@32b260fa]" started-at="2022-06-22T13:32:49 BDT" name="beforeClass" finished-at="2022-06-22T13:32:50 BDT" duration-ms="1227" status="PASS">
          <reporter-output>
          </reporter-output>
        </test-method> <!-- beforeClass -->
        <test-method is-config="true" signature="beforeMethod()[pri:0, instance:com.javaproject.automationsqa.testcase.TestCase15PlaceOrderRegisterBeforeCheckoutTc@32b260fa]" started-at="2022-06-22T13:32:50 BDT" name="beforeMethod" finished-at="2022-06-22T13:32:56 BDT" duration-ms="6010" status="PASS">
          <reporter-output>
          </reporter-output>
        </test-method> <!-- beforeMethod -->
        <test-method signature="testCase15PlaceOrderRegisterBeforeCheckoutTc()[pri:0, instance:com.javaproject.automationsqa.testcase.TestCase15PlaceOrderRegisterBeforeCheckoutTc@32b260fa]" started-at="2022-06-22T13:32:56 BDT" name="testCase15PlaceOrderRegisterBeforeCheckoutTc" finished-at="2022-06-22T13:33:42 BDT" duration-ms="45452" status="FAIL">
          <exception class="org.openqa.selenium.NoSuchElementException">
            <message>
              <![CDATA[no such element: Unable to locate element: {"method":"xpath","selector":"/html//section[@id='form']/div[@class='container']//form[@action='/signup']/div[1]/div[1]/label[@class='top']/div[@class='radio']//input[@name='title']"}
  (Session info: chrome=102.0.5005.115)
For documentation on this error, please visit: http://seleniumhq.org/exceptions/no_such_element.html
Build info: version: '3.141.5', revision: 'd54ebd709a', time: '2018-11-06T11:42:16'
System info: host: 'DESKTOP-BPA0BAS', ip: '192.168.100.44', os.name: 'Windows 10', os.arch: 'amd64', os.version: '10.0', java.version: '11.0.13'
Driver info: org.openqa.selenium.chrome.ChromeDriver
Capabilities {acceptInsecureCerts: false, browserName: chrome, browserVersion: 102.0.5005.115, chrome: {chromedriverVersion: 102.0.5005.61 (0e59bcc00cc4..., userDataDir: C:\Users\User\AppData\Local...}, goog:chromeOptions: {debuggerAddress: localhost:59460}, javascriptEnabled: true, networkConnectionEnabled: false, pageLoadStrategy: normal, platform: WINDOWS, platformName: WINDOWS, proxy: Proxy(), setWindowRect: true, strictFileInteractability: false, timeouts: {implicit: 0, pageLoad: 300000, script: 30000}, unhandledPromptBehavior: dismiss and notify, webauthn:extension:credBlob: true, webauthn:extension:largeBlob: true, webauthn:virtualAuthenticators: true}
Session ID: a7e4bd9099550387ded8e9b4024aa558
*** Element info: {Using=xpath, value=/html//section[@id='form']/div[@class='container']//form[@action='/signup']/div[1]/div[1]/label[@class='top']/div[@class='radio']//input[@name='title']}]]>
            </message>
            <full-stacktrace>
              <![CDATA[org.openqa.selenium.NoSuchElementException: no such element: Unable to locate element: {"method":"xpath","selector":"/html//section[@id='form']/div[@class='container']//form[@action='/signup']/div[1]/div[1]/label[@class='top']/div[@class='radio']//input[@name='title']"}
  (Session info: chrome=102.0.5005.115)
For documentation on this error, please visit: http://seleniumhq.org/exceptions/no_such_element.html
Build info: version: '3.141.5', revision: 'd54ebd709a', time: '2018-11-06T11:42:16'
System info: host: 'DESKTOP-BPA0BAS', ip: '192.168.100.44', os.name: 'Windows 10', os.arch: 'amd64', os.version: '10.0', java.version: '11.0.13'
Driver info: org.openqa.selenium.chrome.ChromeDriver
Capabilities {acceptInsecureCerts: false, browserName: chrome, browserVersion: 102.0.5005.115, chrome: {chromedriverVersion: 102.0.5005.61 (0e59bcc00cc4..., userDataDir: C:\Users\User\AppData\Local...}, goog:chromeOptions: {debuggerAddress: localhost:59460}, javascriptEnabled: true, networkConnectionEnabled: false, pageLoadStrategy: normal, platform: WINDOWS, platformName: WINDOWS, proxy: Proxy(), setWindowRect: true, strictFileInteractability: false, timeouts: {implicit: 0, pageLoad: 300000, script: 30000}, unhandledPromptBehavior: dismiss and notify, webauthn:extension:credBlob: true, webauthn:extension:largeBlob: true, webauthn:virtualAuthenticators: true}
Session ID: a7e4bd9099550387ded8e9b4024aa558
*** Element info: {Using=xpath, value=/html//section[@id='form']/div[@class='container']//form[@action='/signup']/div[1]/div[1]/label[@class='top']/div[@class='radio']//input[@name='title']}
at java.base/jdk.internal.reflect.NativeConstructorAccessorImpl.newInstance0(Native Method)
at java.base/jdk.internal.reflect.NativeConstructorAccessorImpl.newInstance(NativeConstructorAccessorImpl.java:62)
at java.base/jdk.internal.reflect.DelegatingConstructorAccessorImpl.newInstance(DelegatingConstructorAccessorImpl.java:45)
at java.base/java.lang.reflect.Constructor.newInstance(Constructor.java:490)
at org.openqa.selenium.remote.http.W3CHttpResponseCodec.createException(W3CHttpResponseCodec.java:187)
at org.openqa.selenium.remote.http.W3CHttpResponseCodec.decode(W3CHttpResponseCodec.java:122)
at org.openqa.selenium.remote.http.W3CHttpResponseCodec.decode(W3CHttpResponseCodec.java:49)
at org.openqa.selenium.remote.HttpCommandExecutor.execute(HttpCommandExecutor.java:158)
at org.openqa.selenium.remote.service.DriverCommandExecutor.execute(DriverCommandExecutor.java:83)
at org.openqa.selenium.remote.RemoteWebDriver.execute(RemoteWebDriver.java:552)
at org.openqa.selenium.remote.RemoteWebDriver.findElement(RemoteWebDriver.java:323)
at org.openqa.selenium.remote.RemoteWebDriver.findElementByXPath(RemoteWebDriver.java:428)
at org.openqa.selenium.By$ByXPath.findElement(By.java:353)
at org.openqa.selenium.remote.RemoteWebDriver.findElement(RemoteWebDriver.java:315)
at org.openqa.selenium.support.pagefactory.DefaultElementLocator.findElement(DefaultElementLocator.java:69)
at org.openqa.selenium.support.pagefactory.internal.LocatingElementHandler.invoke(LocatingElementHandler.java:38)
at com.sun.proxy.$Proxy10.click(Unknown Source)
at com.javaproject.automationsqa.testcase.TestCase15PlaceOrderRegisterBeforeCheckoutTc.testCase15PlaceOrderRegisterBeforeCheckoutTc(TestCase15PlaceOrderRegisterBeforeCheckoutTc.java:46)
at java.base/jdk.internal.reflect.NativeMethodAccessorImpl.invoke0(Native Method)
at java.base/jdk.internal.reflect.NativeMethodAccessorImpl.invoke(NativeMethodAccessorImpl.java:62)
at java.base/jdk.internal.reflect.DelegatingMethodAccessorImpl.invoke(DelegatingMethodAccessorImpl.java:43)
at java.base/java.lang.reflect.Method.invoke(Method.java:566)
at org.testng.internal.invokers.MethodInvocationHelper.invokeMethod(MethodInvocationHelper.java:139)
at org.testng.internal.invokers.TestInvoker.invokeMethod(TestInvoker.java:677)
at org.testng.internal.invokers.TestInvoker.invokeTestMethod(TestInvoker.java:221)
at org.testng.internal.invokers.MethodRunner.runInSequence(MethodRunner.java:50)
at org.testng.internal.invokers.TestInvoker$MethodInvocationAgent.invoke(TestInvoker.java:962)
at org.testng.internal.invokers.TestInvoker.invokeTestMethods(TestInvoker.java:194)
at org.testng.internal.invokers.TestMethodWorker.invokeTestMethods(TestMethodWorker.java:148)
at org.testng.internal.invokers.TestMethodWorker.run(TestMethodWorker.java:128)
at java.base/java.util.ArrayList.forEach(ArrayList.java:1541)
at org.testng.TestRunner.privateRun(TestRunner.java:806)
at org.testng.TestRunner.run(TestRunner.java:601)
at org.testng.SuiteRunner.runTest(SuiteRunner.java:433)
at org.testng.SuiteRunner.runSequentially(SuiteRunner.java:427)
at org.testng.SuiteRunner.privateRun(SuiteRunner.java:387)
at org.testng.SuiteRunner.run(SuiteRunner.java:330)
at org.testng.SuiteRunnerWorker.runSuite(SuiteRunnerWorker.java:52)
at org.testng.SuiteRunnerWorker.run(SuiteRunnerWorker.java:95)
at org.testng.TestNG.runSuitesSequentially(TestNG.java:1256)
at org.testng.TestNG.runSuitesLocally(TestNG.java:1176)
at org.testng.TestNG.runSuites(TestNG.java:1099)
at org.testng.TestNG.run(TestNG.java:1067)
at org.apache.maven.surefire.testng.TestNGExecutor.run(TestNGExecutor.java:281)
at org.apache.maven.surefire.testng.TestNGXmlTestSuite.execute(TestNGXmlTestSuite.java:75)
at org.apache.maven.surefire.testng.TestNGProvider.invoke(TestNGProvider.java:121)
at org.apache.maven.surefire.booter.ForkedBooter.invokeProviderInSameClassLoader(ForkedBooter.java:290)
at org.apache.maven.surefire.booter.ForkedBooter.runSuitesInProcess(ForkedBooter.java:242)
at org.apache.maven.surefire.booter.ForkedBooter.main(ForkedBooter.java:121)
]]>
            </full-stacktrace>
          </exception> <!-- org.openqa.selenium.NoSuchElementException -->
          <reporter-output>
          </reporter-output>
        </test-method> <!-- testCase15PlaceOrderRegisterBeforeCheckoutTc -->
        <test-method is-config="true" signature="afterClass()[pri:0, instance:com.javaproject.automationsqa.testcase.TestCase15PlaceOrderRegisterBeforeCheckoutTc@32b260fa]" started-at="2022-06-22T13:33:42 BDT" name="afterClass" finished-at="2022-06-22T13:33:43 BDT" duration-ms="694" status="PASS">
          <reporter-output>
          </reporter-output>
        </test-method> <!-- afterClass -->
        <test-method is-config="true" signature="afterTest()[pri:0, instance:com.javaproject.automationsqa.testcase.TestCase15PlaceOrderRegisterBeforeCheckoutTc@32b260fa]" started-at="2022-06-22T13:33:42 BDT" name="afterTest" finished-at="2022-06-22T13:33:42 BDT" duration-ms="0" status="PASS">
          <reporter-output>
          </reporter-output>
        </test-method> <!-- afterTest -->
      </class> <!-- com.javaproject.automationsqa.testcase.TestCase15PlaceOrderRegisterBeforeCheckoutTc -->
      <class name="com.javaproject.automationsqa.testcase.TestCase17RemoveProductsFromCartTc">
        <test-method is-config="true" signature="beforeClass()[pri:0, instance:com.javaproject.automationsqa.testcase.TestCase17RemoveProductsFromCartTc@6d4e5011]" started-at="2022-06-22T13:35:04 BDT" name="beforeClass" finished-at="2022-06-22T13:35:06 BDT" duration-ms="1319" status="PASS">
          <reporter-output>
          </reporter-output>
        </test-method> <!-- beforeClass -->
        <test-method is-config="true" signature="beforeMethod()[pri:0, instance:com.javaproject.automationsqa.testcase.TestCase17RemoveProductsFromCartTc@6d4e5011]" started-at="2022-06-22T13:35:06 BDT" name="beforeMethod" finished-at="2022-06-22T13:35:11 BDT" duration-ms="5509" status="PASS">
          <reporter-output>
          </reporter-output>
        </test-method> <!-- beforeMethod -->
        <test-method signature="testCase17RemoveProductsFromCartTc()[pri:0, instance:com.javaproject.automationsqa.testcase.TestCase17RemoveProductsFromCartTc@6d4e5011]" started-at="2022-06-22T13:35:11 BDT" name="testCase17RemoveProductsFromCartTc" finished-at="2022-06-22T13:35:28 BDT" duration-ms="17410" status="PASS">
          <reporter-output>
          </reporter-output>
        </test-method> <!-- testCase17RemoveProductsFromCartTc -->
        <test-method is-config="true" signature="afterTest()[pri:0, instance:com.javaproject.automationsqa.testcase.TestCase17RemoveProductsFromCartTc@6d4e5011]" started-at="2022-06-22T13:35:28 BDT" name="afterTest" finished-at="2022-06-22T13:35:28 BDT" duration-ms="0" status="PASS">
          <reporter-output>
          </reporter-output>
        </test-method> <!-- afterTest -->
        <test-method is-config="true" signature="afterClass()[pri:0, instance:com.javaproject.automationsqa.testcase.TestCase17RemoveProductsFromCartTc@6d4e5011]" started-at="2022-06-22T13:35:28 BDT" name="afterClass" finished-at="2022-06-22T13:35:29 BDT" duration-ms="683" status="PASS">
          <reporter-output>
          </reporter-output>
        </test-method> <!-- afterClass -->
      </class> <!-- com.javaproject.automationsqa.testcase.TestCase17RemoveProductsFromCartTc -->
      <class name="com.javaproject.automationsqa.testcase.TestCase1RegisterUserTc">
        <test-method is-config="true" signature="beforeClass()[pri:0, instance:com.javaproject.automationsqa.testcase.TestCase1RegisterUserTc@1e683a3e]" started-at="2022-06-22T13:26:53 BDT" name="beforeClass" finished-at="2022-06-22T13:26:56 BDT" duration-ms="2815" status="PASS">
          <reporter-output>
          </reporter-output>
        </test-method> <!-- beforeClass -->
        <test-method is-config="true" signature="beforeMethod()[pri:0, instance:com.javaproject.automationsqa.testcase.TestCase1RegisterUserTc@1e683a3e]" started-at="2022-06-22T13:26:56 BDT" name="beforeMethod" finished-at="2022-06-22T13:27:02 BDT" duration-ms="5928" status="PASS">
          <reporter-output>
          </reporter-output>
        </test-method> <!-- beforeMethod -->
        <test-method signature="testCase1RegisterUserTc()[pri:0, instance:com.javaproject.automationsqa.testcase.TestCase1RegisterUserTc@1e683a3e]" started-at="2022-06-22T13:27:02 BDT" name="testCase1RegisterUserTc" finished-at="2022-06-22T13:28:01 BDT" duration-ms="59849" status="PASS">
          <reporter-output>
          </reporter-output>
        </test-method> <!-- testCase1RegisterUserTc -->
        <test-method is-config="true" signature="afterTest()[pri:0, instance:com.javaproject.automationsqa.testcase.TestCase1RegisterUserTc@1e683a3e]" started-at="2022-06-22T13:28:01 BDT" name="afterTest" finished-at="2022-06-22T13:28:01 BDT" duration-ms="0" status="PASS">
          <reporter-output>
          </reporter-output>
        </test-method> <!-- afterTest -->
        <test-method is-config="true" signature="afterClass()[pri:0, instance:com.javaproject.automationsqa.testcase.TestCase1RegisterUserTc@1e683a3e]" started-at="2022-06-22T13:28:01 BDT" name="afterClass" finished-at="2022-06-22T13:28:02 BDT" duration-ms="695" status="PASS">
          <reporter-output>
          </reporter-output>
        </test-method> <!-- afterClass -->
      </class> <!-- com.javaproject.automationsqa.testcase.TestCase1RegisterUserTc -->
      <class name="com.javaproject.automationsqa.testcase.TestCase18ViewCategoryProductsTc">
        <test-method is-config="true" signature="beforeClass()[pri:0, instance:com.javaproject.automationsqa.testcase.TestCase18ViewCategoryProductsTc@57d7f8ca]" started-at="2022-06-22T13:35:29 BDT" name="beforeClass" finished-at="2022-06-22T13:35:30 BDT" duration-ms="1311" status="PASS">
          <reporter-output>
          </reporter-output>
        </test-method> <!-- beforeClass -->
        <test-method is-config="true" signature="beforeMethod()[pri:0, instance:com.javaproject.automationsqa.testcase.TestCase18ViewCategoryProductsTc@57d7f8ca]" started-at="2022-06-22T13:35:30 BDT" name="beforeMethod" finished-at="2022-06-22T13:35:36 BDT" duration-ms="5856" status="PASS">
          <reporter-output>
          </reporter-output>
        </test-method> <!-- beforeMethod -->
        <test-method signature="testCase18ViewCategoryProductsTc()[pri:0, instance:com.javaproject.automationsqa.testcase.TestCase18ViewCategoryProductsTc@57d7f8ca]" started-at="2022-06-22T13:35:36 BDT" name="testCase18ViewCategoryProductsTc" finished-at="2022-06-22T13:35:53 BDT" duration-ms="16390" status="PASS">
          <reporter-output>
          </reporter-output>
        </test-method> <!-- testCase18ViewCategoryProductsTc -->
        <test-method is-config="true" signature="afterTest()[pri:0, instance:com.javaproject.automationsqa.testcase.TestCase18ViewCategoryProductsTc@57d7f8ca]" started-at="2022-06-22T13:35:53 BDT" name="afterTest" finished-at="2022-06-22T13:35:53 BDT" duration-ms="1" status="PASS">
          <reporter-output>
          </reporter-output>
        </test-method> <!-- afterTest -->
        <test-method is-config="true" signature="afterClass()[pri:0, instance:com.javaproject.automationsqa.testcase.TestCase18ViewCategoryProductsTc@57d7f8ca]" started-at="2022-06-22T13:35:53 BDT" name="afterClass" finished-at="2022-06-22T13:35:53 BDT" duration-ms="680" status="PASS">
          <reporter-output>
          </reporter-output>
        </test-method> <!-- afterClass -->
      </class> <!-- com.javaproject.automationsqa.testcase.TestCase18ViewCategoryProductsTc -->
      <class name="com.javaproject.automationsqa.testcase.TestCase10VerifySubscriptionInHomeTc">
        <test-method is-config="true" signature="beforeClass()[pri:0, instance:com.javaproject.automationsqa.testcase.TestCase10VerifySubscriptionInHomeTc@483f6d77]" started-at="2022-06-22T13:30:38 BDT" name="beforeClass" finished-at="2022-06-22T13:30:39 BDT" duration-ms="1273" status="PASS">
          <reporter-output>
          </reporter-output>
        </test-method> <!-- beforeClass -->
        <test-method is-config="true" signature="beforeMethod()[pri:0, instance:com.javaproject.automationsqa.testcase.TestCase10VerifySubscriptionInHomeTc@483f6d77]" started-at="2022-06-22T13:30:39 BDT" name="beforeMethod" finished-at="2022-06-22T13:30:44 BDT" duration-ms="5498" status="PASS">
          <reporter-output>
          </reporter-output>
        </test-method> <!-- beforeMethod -->
        <test-method signature="testCase10VerifySubscriptionInHomeTc()[pri:0, instance:com.javaproject.automationsqa.testcase.TestCase10VerifySubscriptionInHomeTc@483f6d77]" started-at="2022-06-22T13:30:44 BDT" name="testCase10VerifySubscriptionInHomeTc" finished-at="2022-06-22T13:30:53 BDT" duration-ms="8223" status="PASS">
          <reporter-output>
          </reporter-output>
        </test-method> <!-- testCase10VerifySubscriptionInHomeTc -->
        <test-method is-config="true" signature="afterTest()[pri:0, instance:com.javaproject.automationsqa.testcase.TestCase10VerifySubscriptionInHomeTc@483f6d77]" started-at="2022-06-22T13:30:53 BDT" name="afterTest" finished-at="2022-06-22T13:30:53 BDT" duration-ms="0" status="PASS">
          <reporter-output>
          </reporter-output>
        </test-method> <!-- afterTest -->
        <test-method is-config="true" signature="afterClass()[pri:0, instance:com.javaproject.automationsqa.testcase.TestCase10VerifySubscriptionInHomeTc@483f6d77]" started-at="2022-06-22T13:30:53 BDT" name="afterClass" finished-at="2022-06-22T13:30:53 BDT" duration-ms="689" status="PASS">
          <reporter-output>
          </reporter-output>
        </test-method> <!-- afterClass -->
      </class> <!-- com.javaproject.automationsqa.testcase.TestCase10VerifySubscriptionInHomeTc -->
      <class name="com.javaproject.automationsqa.testcase.TestCase22AddToCartFromRecommendedItemsTc">
        <test-method is-config="true" signature="beforeClass()[pri:0, instance:com.javaproject.automationsqa.testcase.TestCase22AddToCartFromRecommendedItemsTc@fba92d3]" started-at="2022-06-22T13:38:34 BDT" name="beforeClass" finished-at="2022-06-22T13:38:35 BDT" duration-ms="1219" status="PASS">
          <reporter-output>
          </reporter-output>
        </test-method> <!-- beforeClass -->
        <test-method is-config="true" signature="beforeMethod()[pri:0, instance:com.javaproject.automationsqa.testcase.TestCase22AddToCartFromRecommendedItemsTc@fba92d3]" started-at="2022-06-22T13:38:35 BDT" name="beforeMethod" finished-at="2022-06-22T13:38:41 BDT" duration-ms="6214" status="PASS">
          <reporter-output>
          </reporter-output>
        </test-method> <!-- beforeMethod -->
        <test-method signature="testCase22AddToCartFromRecommendedItemsTc()[pri:0, instance:com.javaproject.automationsqa.testcase.TestCase22AddToCartFromRecommendedItemsTc@fba92d3]" started-at="2022-06-22T13:38:41 BDT" name="testCase22AddToCartFromRecommendedItemsTc" finished-at="2022-06-22T13:38:56 BDT" duration-ms="14739" status="PASS">
          <reporter-output>
          </reporter-output>
        </test-method> <!-- testCase22AddToCartFromRecommendedItemsTc -->
        <test-method is-config="true" signature="afterClass()[pri:0, instance:com.javaproject.automationsqa.testcase.TestCase22AddToCartFromRecommendedItemsTc@fba92d3]" started-at="2022-06-22T13:38:56 BDT" name="afterClass" finished-at="2022-06-22T13:38:57 BDT" duration-ms="682" status="PASS">
          <reporter-output>
          </reporter-output>
        </test-method> <!-- afterClass -->
        <test-method is-config="true" signature="afterTest()[pri:0, instance:com.javaproject.automationsqa.testcase.TestCase22AddToCartFromRecommendedItemsTc@fba92d3]" started-at="2022-06-22T13:38:56 BDT" name="afterTest" finished-at="2022-06-22T13:38:56 BDT" duration-ms="0" status="PASS">
          <reporter-output>
          </reporter-output>
        </test-method> <!-- afterTest -->
      </class> <!-- com.javaproject.automationsqa.testcase.TestCase22AddToCartFromRecommendedItemsTc -->
      <class name="com.javaproject.automationsqa.testcase.TestCase19ViewAndCartBrandProductsTc">
        <test-method is-config="true" signature="beforeClass()[pri:0, instance:com.javaproject.automationsqa.testcase.TestCase19ViewAndCartBrandProductsTc@76c3e77a]" started-at="2022-06-22T13:35:53 BDT" name="beforeClass" finished-at="2022-06-22T13:35:55 BDT" duration-ms="1307" status="PASS">
          <reporter-output>
          </reporter-output>
        </test-method> <!-- beforeClass -->
        <test-method is-config="true" signature="beforeMethod()[pri:0, instance:com.javaproject.automationsqa.testcase.TestCase19ViewAndCartBrandProductsTc@76c3e77a]" started-at="2022-06-22T13:35:55 BDT" name="beforeMethod" finished-at="2022-06-22T13:36:01 BDT" duration-ms="6085" status="PASS">
          <reporter-output>
          </reporter-output>
        </test-method> <!-- beforeMethod -->
        <test-method signature="testCase19ViewAndCartBrandProductsTc()[pri:0, instance:com.javaproject.automationsqa.testcase.TestCase19ViewAndCartBrandProductsTc@76c3e77a]" started-at="2022-06-22T13:36:01 BDT" name="testCase19ViewAndCartBrandProductsTc" finished-at="2022-06-22T13:36:31 BDT" duration-ms="30750" status="PASS">
          <reporter-output>
          </reporter-output>
        </test-method> <!-- testCase19ViewAndCartBrandProductsTc -->
        <test-method is-config="true" signature="afterClass()[pri:0, instance:com.javaproject.automationsqa.testcase.TestCase19ViewAndCartBrandProductsTc@76c3e77a]" started-at="2022-06-22T13:36:31 BDT" name="afterClass" finished-at="2022-06-22T13:36:32 BDT" duration-ms="694" status="PASS">
          <reporter-output>
          </reporter-output>
        </test-method> <!-- afterClass -->
        <test-method is-config="true" signature="afterTest()[pri:0, instance:com.javaproject.automationsqa.testcase.TestCase19ViewAndCartBrandProductsTc@76c3e77a]" started-at="2022-06-22T13:36:31 BDT" name="afterTest" finished-at="2022-06-22T13:36:31 BDT" duration-ms="0" status="PASS">
          <reporter-output>
          </reporter-output>
        </test-method> <!-- afterTest -->
      </class> <!-- com.javaproject.automationsqa.testcase.TestCase19ViewAndCartBrandProductsTc -->
      <class name="com.javaproject.automationsqa.testcase.TestCase5RegisterUserWithExistingEmailTc">
        <test-method is-config="true" signature="beforeClass()[pri:0, instance:com.javaproject.automationsqa.testcase.TestCase5RegisterUserWithExistingEmailTc@4d5b6aac]" started-at="2022-06-22T13:29:13 BDT" name="beforeClass" finished-at="2022-06-22T13:29:14 BDT" duration-ms="1267" status="PASS">
          <reporter-output>
          </reporter-output>
        </test-method> <!-- beforeClass -->
        <test-method is-config="true" signature="beforeMethod()[pri:0, instance:com.javaproject.automationsqa.testcase.TestCase5RegisterUserWithExistingEmailTc@4d5b6aac]" started-at="2022-06-22T13:29:14 BDT" name="beforeMethod" finished-at="2022-06-22T13:29:20 BDT" duration-ms="5881" status="PASS">
          <reporter-output>
          </reporter-output>
        </test-method> <!-- beforeMethod -->
        <test-method signature="testCase5RegisterUserWithExistingEmailTc()[pri:0, instance:com.javaproject.automationsqa.testcase.TestCase5RegisterUserWithExistingEmailTc@4d5b6aac]" started-at="2022-06-22T13:29:20 BDT" name="testCase5RegisterUserWithExistingEmailTc" finished-at="2022-06-22T13:29:31 BDT" duration-ms="11342" status="PASS">
          <reporter-output>
          </reporter-output>
        </test-method> <!-- testCase5RegisterUserWithExistingEmailTc -->
        <test-method is-config="true" signature="afterClass()[pri:0, instance:com.javaproject.automationsqa.testcase.TestCase5RegisterUserWithExistingEmailTc@4d5b6aac]" started-at="2022-06-22T13:29:31 BDT" name="afterClass" finished-at="2022-06-22T13:29:32 BDT" duration-ms="673" status="PASS">
          <reporter-output>
          </reporter-output>
        </test-method> <!-- afterClass -->
        <test-method is-config="true" signature="afterTest()[pri:0, instance:com.javaproject.automationsqa.testcase.TestCase5RegisterUserWithExistingEmailTc@4d5b6aac]" started-at="2022-06-22T13:29:31 BDT" name="afterTest" finished-at="2022-06-22T13:29:31 BDT" duration-ms="0" status="PASS">
          <reporter-output>
          </reporter-output>
        </test-method> <!-- afterTest -->
      </class> <!-- com.javaproject.automationsqa.testcase.TestCase5RegisterUserWithExistingEmailTc -->
      <class name="com.javaproject.automationsqa.testcase.TestCase11VerifySubscriptionInCartTc">
        <test-method is-config="true" signature="beforeClass()[pri:0, instance:com.javaproject.automationsqa.testcase.TestCase11VerifySubscriptionInCartTc@7e5afaa6]" started-at="2022-06-22T13:30:53 BDT" name="beforeClass" finished-at="2022-06-22T13:30:55 BDT" duration-ms="1233" status="PASS">
          <reporter-output>
          </reporter-output>
        </test-method> <!-- beforeClass -->
        <test-method is-config="true" signature="beforeMethod()[pri:0, instance:com.javaproject.automationsqa.testcase.TestCase11VerifySubscriptionInCartTc@7e5afaa6]" started-at="2022-06-22T13:30:55 BDT" name="beforeMethod" finished-at="2022-06-22T13:31:00 BDT" duration-ms="5847" status="PASS">
          <reporter-output>
          </reporter-output>
        </test-method> <!-- beforeMethod -->
        <test-method signature="testCase11VerifySubscriptionInCartTc()[pri:0, instance:com.javaproject.automationsqa.testcase.TestCase11VerifySubscriptionInCartTc@7e5afaa6]" started-at="2022-06-22T13:31:00 BDT" name="testCase11VerifySubscriptionInCartTc" finished-at="2022-06-22T13:31:10 BDT" duration-ms="9805" status="PASS">
          <reporter-output>
          </reporter-output>
        </test-method> <!-- testCase11VerifySubscriptionInCartTc -->
        <test-method is-config="true" signature="afterTest()[pri:0, instance:com.javaproject.automationsqa.testcase.TestCase11VerifySubscriptionInCartTc@7e5afaa6]" started-at="2022-06-22T13:31:10 BDT" name="afterTest" finished-at="2022-06-22T13:31:10 BDT" duration-ms="0" status="PASS">
          <reporter-output>
          </reporter-output>
        </test-method> <!-- afterTest -->
        <test-method is-config="true" signature="afterClass()[pri:0, instance:com.javaproject.automationsqa.testcase.TestCase11VerifySubscriptionInCartTc@7e5afaa6]" started-at="2022-06-22T13:31:10 BDT" name="afterClass" finished-at="2022-06-22T13:31:11 BDT" duration-ms="659" status="PASS">
          <reporter-output>
          </reporter-output>
        </test-method> <!-- afterClass -->
      </class> <!-- com.javaproject.automationsqa.testcase.TestCase11VerifySubscriptionInCartTc -->
    </test> <!-- UITest -->
  </suite> <!-- Regression -->
</testng-results>
